-------------------------------------------------------------------------------
Test set: com.gooseplayer2.Packages.UITesting2Test
-------------------------------------------------------------------------------
Tests run: 1, Failures: 0, Errors: 1, Skipped: 0, Time elapsed: 0.035 s <<< FAILURE! -- in com.gooseplayer2.Packages.UITesting2Test
com.gooseplayer2.Packages.UITesting2Test.playButton_clickUpdatesText -- Time elapsed: 0.025 s <<< ERROR!
java.lang.RuntimeException: Setup failed
	at com.gooseplayer2.Packages.UITesting2Test.setUp(UITesting2Test.java:31)
	at java.base/java.lang.reflect.Method.invoke(Method.java:577)
	at java.base/java.util.ArrayList.forEach(ArrayList.java:1511)
	at java.base/java.util.ArrayList.forEach(ArrayList.java:1511)
Caused by: java.awt.HeadlessException
	at java.desktop/java.awt.GraphicsEnvironment.checkHeadless(GraphicsEnvironment.java:166)
	at java.desktop/java.awt.Window.<init>(Window.java:553)
	at java.desktop/java.awt.Frame.<init>(Frame.java:428)
	at java.desktop/javax.swing.JFrame.<init>(JFrame.java:224)
	at com.gooseplayer2.Packages.UITesting2Test.lambda$setUp$0(UITesting2Test.java:21)
	at org.assertj.swing.edt.GuiActionRunner$1.executeInEDT(GuiActionRunner.java:72)
	at org.assertj.swing.edt.GuiQuery.run(GuiQuery.java:42)
	at java.desktop/java.awt.event.InvocationEvent.dispatch(InvocationEvent.java:318)
	at java.desktop/java.awt.EventQueue.dispatchEventImpl(EventQueue.java:773)
	at java.desktop/java.awt.EventQueue$4.run(EventQueue.java:720)
	at java.desktop/java.awt.EventQueue$4.run(EventQueue.java:714)
	at java.base/java.security.AccessController.doPrivileged(AccessController.java:399)
	at java.base/java.security.ProtectionDomain$JavaSecurityAccessImpl.doIntersectionPrivilege(ProtectionDomain.java:86)
	at java.desktop/java.awt.EventQueue.dispatchEvent(EventQueue.java:742)
	at java.desktop/java.awt.EventDispatchThread.pumpOneEventForFilters(EventDispatchThread.java:203)
	at java.desktop/java.awt.EventDispatchThread.pumpEventsForFilter(EventDispatchThread.java:124)
	at java.desktop/java.awt.EventDispatchThread.pumpEventsForHierarchy(EventDispatchThread.java:113)
	at java.desktop/java.awt.EventDispatchThread.pumpEvents(EventDispatchThread.java:109)
	at java.desktop/java.awt.EventDispatchThread.pumpEvents(EventDispatchThread.java:101)
	at java.desktop/java.awt.EventDispatchThread.run(EventDispatchThread.java:90)
	at org.assertj.swing.edt.GuiActionRunner.execute(GuiActionRunner.java:96)
	at org.assertj.swing.edt.GuiActionRunner.execute(GuiActionRunner.java:69)
	at com.gooseplayer2.Packages.UITesting2Test.setUp(UITesting2Test.java:21)
	... 3 more

