<?xml version="1.0" encoding="UTF-8"?>
<testsuite xmlns:xsi="http://www.w3.org/2001/XMLSchema-instance" xsi:noNamespaceSchemaLocation="https://maven.apache.org/surefire/maven-surefire-plugin/xsd/surefire-test-report-3.0.xsd" version="3.0" name="com.gooseplayer2.Packages.MusicPlayerIntegrationTest" time="28.449" tests="1" errors="0" skipped="0" failures="0">
  <properties>
[...]
</properties>
  <testcase name="clearQueueThenDragSongFromLibraryToQueue" classname="com.gooseplayer2.Packages.MusicPlayerIntegrationTest" time="28.448">
    <system-out><![CDATA[Beads System Buffer size=5000
Player is up: FrameFixture initialized [SUCCESS]
Player is up: Window is visible [SUCCESS]
Player is up: Title is 'Music Player' [SUCCESS]
Player is up: Window size is 1200x800 [SUCCESS]
Queue cleared
Clear button clicked
Queue cleared: only root node remains
Dragging: Library/Eve - Avant (Instrumental).flac
loadSong ran
Song loaded: Eve - Avant (Instrumental).flac
Playback started
Beads Output buffer size=40000
Play button clicked
updateTime() called. Current position: 1 seconds.
updateTime() called. Current position: 2 seconds.
updateTime() called. Current position: 3 seconds.
Pause pressed
Pause button clicked
Playback started
Play button clicked
updateTime() called. Current position: 4 seconds.
updateTime() called. Current position: 5 seconds.
No more tracks in queue.
Skip button clicked
Selecting song in queue: Queue/Eve - Avant (Instrumental)
Remove button clicked
SUCCESSFUL Test!. Window closes in 5s...
]]></system-out>
    <system-err><![CDATA[Nov 24, 2025 1:05:48 AM org.assertj.swing.monitor.ProtectingTimerTask handleException
WARNING: Exception thrown by a TimerTask
java.lang.reflect.InaccessibleObjectException: Unable to make field int java.util.TimerTask.state accessible: module java.base does not "opens java.util" to unnamed module @7fc229ab
	at java.base/java.lang.reflect.AccessibleObject.checkCanSetAccessible(AccessibleObject.java:354)
	at java.base/java.lang.reflect.AccessibleObject.checkCanSetAccessible(AccessibleObject.java:297)
	at java.base/java.lang.reflect.Field.checkCanSetAccessible(Field.java:178)
	at java.base/java.lang.reflect.Field.setAccessible(Field.java:172)
	at org.fest.reflect.util.Accessibles$SetAccessibleAction.run(Accessibles.java:70)
	at org.fest.reflect.util.Accessibles$SetAccessibleAction.run(Accessibles.java:60)
	at java.base/java.security.AccessController.doPrivileged(AccessController.java:318)
	at org.fest.reflect.util.Accessibles.setAccessible(Accessibles.java:57)
	at org.fest.reflect.util.Accessibles.makeAccessible(Accessibles.java:46)
	at org.fest.reflect.field.Invoker.verifyCorrectType(Invoker.java:100)
	at org.fest.reflect.field.Invoker.createInvoker(Invoker.java:76)
	at org.fest.reflect.field.Invoker.newInvoker(Invoker.java:70)
	at org.fest.reflect.field.FieldType.in(FieldType.java:74)
	at org.assertj.swing.monitor.ProtectingTimerTask.isCanceled(ProtectingTimerTask.java:54)
	at org.assertj.swing.monitor.ProtectingTimerTask.run(ProtectingTimerTask.java:41)
	at java.base/java.util.TimerThread.mainLoop(Timer.java:566)
	at java.base/java.util.TimerThread.run(Timer.java:516)

Nov 24, 2025 1:05:49 AM org.jaudiotagger.audio.flac.FlacInfoReader read
INFO: C:\Users\Jawsh\Desktop\GoosePlayer_V2\gooseplayer2\src\Library\Eve - Avant (Instrumental).flac StartByte:4 BlockType:STREAMINFO DataLength:34 isLastBlock:false
Nov 24, 2025 1:05:49 AM org.jaudiotagger.audio.flac.FlacInfoReader read
INFO: C:\Users\Jawsh\Desktop\GoosePlayer_V2\gooseplayer2\src\Library\Eve - Avant (Instrumental).flac StartByte:42 BlockType:VORBIS_COMMENT DataLength:40 isLastBlock:true
Nov 24, 2025 1:05:54 AM org.assertj.swing.monitor.ProtectingTimerTask handleException
WARNING: Exception thrown by a TimerTask
java.lang.reflect.InaccessibleObjectException: Unable to make field int java.util.TimerTask.state accessible: module java.base does not "opens java.util" to unnamed module @7fc229ab
	at java.base/java.lang.reflect.AccessibleObject.checkCanSetAccessible(AccessibleObject.java:354)
	at java.base/java.lang.reflect.AccessibleObject.checkCanSetAccessible(AccessibleObject.java:297)
	at java.base/java.lang.reflect.Field.checkCanSetAccessible(Field.java:178)
	at java.base/java.lang.reflect.Field.setAccessible(Field.java:172)
	at org.fest.reflect.util.Accessibles$SetAccessibleAction.run(Accessibles.java:70)
	at org.fest.reflect.util.Accessibles$SetAccessibleAction.run(Accessibles.java:60)
	at java.base/java.security.AccessController.doPrivileged(AccessController.java:318)
	at org.fest.reflect.util.Accessibles.setAccessible(Accessibles.java:57)
	at org.fest.reflect.util.Accessibles.makeAccessible(Accessibles.java:46)
	at org.fest.reflect.field.Invoker.verifyCorrectType(Invoker.java:100)
	at org.fest.reflect.field.Invoker.createInvoker(Invoker.java:76)
	at org.fest.reflect.field.Invoker.newInvoker(Invoker.java:70)
	at org.fest.reflect.field.FieldType.in(FieldType.java:74)
	at org.assertj.swing.monitor.ProtectingTimerTask.isCanceled(ProtectingTimerTask.java:54)
	at org.assertj.swing.monitor.ProtectingTimerTask.run(ProtectingTimerTask.java:41)
	at java.base/java.util.TimerThread.mainLoop(Timer.java:566)
	at java.base/java.util.TimerThread.run(Timer.java:516)

]]></system-err>
  </testcase>
</testsuite>