<?xml version="1.0" encoding="UTF-8"?>
<testsuite xmlns:xsi="http://www.w3.org/2001/XMLSchema-instance" xsi:noNamespaceSchemaLocation="https://maven.apache.org/surefire/maven-surefire-plugin/xsd/surefire-test-report-3.0.xsd" version="3.0" name="com.gooseplayer2.Packages.MethodsTest" time="127.047" tests="28" errors="0" skipped="0" failures="0">
  <properties>
[...]
</properties>
  <testcase name="removeNonPlayingSong_RemovesSuccessfully" classname="com.gooseplayer2.Packages.MethodsTest" time="13.022">
    <system-out><![CDATA[Beads System Buffer size=5000
Beads System Buffer size=5000
Dragging: Library/01 - After You [feat. Calle Lehmann].mp3
loadSong ran
Sample loaded C:\Users\Cam\Documents\GitHub\GoosePlayer_V2\gooseplayer2\Library\01 - After You [feat. Calle Lehmann].mp3
Song loaded: 01 - After You [feat. Calle Lehmann].mp3
Playback started
Beads Output buffer size=40000
updateTime() called. Current position: 0 seconds.
updateTime() called. Current position: 1 seconds.
PASSED: Non-playing song removed successfully
   Queue now has 1 song(s)
Queue cleared
]]></system-out>
    <system-err><![CDATA[Dec 02, 2025 7:45:13 PM org.jaudiotagger.tag.id3.ID3v23Tag readFrames
INFO: 01 - After You [feat. Calle Lehmann].mp3:Found padding starting at:31639
]]></system-err>
  </testcase>
  <testcase name="clickingClearButtonWhenAudioPaused" classname="com.gooseplayer2.Packages.MethodsTest" time="5.045">
    <system-out><![CDATA[Beads System Buffer size=5000
Beads System Buffer size=5000
Sample loaded C:\Users\Cam\Documents\GitHub\GoosePlayer_V2\gooseplayer2\Library\calming-rain.mp3
Next song preloaded: calming-rain.mp3
Beads Output buffer size=40000
Dragging: Library/01 - After You [feat. Calle Lehmann].mp3
loadSong ran
Song loaded: 01 - After You [feat. Calle Lehmann].mp3
Playback started
Beads Output buffer size=40000
updateTime() called. Current position: 1 seconds.
Pause pressed
Queue cleared
Clear count (audio paused): 1
Queue cleared
]]></system-out>
    <system-err><![CDATA[Dec 02, 2025 7:45:18 PM org.jaudiotagger.tag.id3.ID3v23Tag readFrames
INFO: 01 - After You [feat. Calle Lehmann].mp3:Found padding starting at:31639
]]></system-err>
  </testcase>
  <testcase name="clickingShuffleButtonWhenAudioPaused" classname="com.gooseplayer2.Packages.MethodsTest" time="4.664">
    <system-out><![CDATA[Beads System Buffer size=5000
Beads System Buffer size=5000
Dragging: Library/01 - After You [feat. Calle Lehmann].mp3
loadSong ran
Song loaded: 01 - After You [feat. Calle Lehmann].mp3
Playback started
Beads Output buffer size=40000
Pause pressed
Shuffle count (audio paused): 1
Queue cleared
]]></system-out>
    <system-err><![CDATA[Dec 02, 2025 7:45:23 PM org.jaudiotagger.tag.id3.ID3v23Tag readFrames
INFO: 01 - After You [feat. Calle Lehmann].mp3:Found padding starting at:31639
]]></system-err>
  </testcase>
  <testcase name="clickingSkipButtonWhenQueueEmpty" classname="com.gooseplayer2.Packages.MethodsTest" time="3.569">
    <system-out><![CDATA[Beads System Buffer size=5000
Beads System Buffer size=5000
Dragging: Library/01 - After You [feat. Calle Lehmann].mp3
loadSong ran
Song loaded: 01 - After You [feat. Calle Lehmann].mp3
Queue cleared
Skip count (empty queue): 1
Queue cleared
]]></system-out>
    <system-err><![CDATA[Dec 02, 2025 7:45:26 PM org.assertj.swing.monitor.ProtectingTimerTask handleException
WARNING: Exception thrown by a TimerTask
java.lang.reflect.InaccessibleObjectException: Unable to make field int java.util.TimerTask.state accessible: module java.base does not "opens java.util" to unnamed module @3d121db3
	at java.base/java.lang.reflect.AccessibleObject.checkCanSetAccessible(AccessibleObject.java:354)
	at java.base/java.lang.reflect.AccessibleObject.checkCanSetAccessible(AccessibleObject.java:297)
	at java.base/java.lang.reflect.Field.checkCanSetAccessible(Field.java:180)
	at java.base/java.lang.reflect.Field.setAccessible(Field.java:174)
	at org.fest.reflect.util.Accessibles$SetAccessibleAction.run(Accessibles.java:70)
	at org.fest.reflect.util.Accessibles$SetAccessibleAction.run(Accessibles.java:60)
	at java.base/java.security.AccessController.doPrivileged(AccessController.java:318)
	at org.fest.reflect.util.Accessibles.setAccessible(Accessibles.java:57)
	at org.fest.reflect.util.Accessibles.makeAccessible(Accessibles.java:46)
	at org.fest.reflect.field.Invoker.verifyCorrectType(Invoker.java:100)
	at org.fest.reflect.field.Invoker.createInvoker(Invoker.java:76)
	at org.fest.reflect.field.Invoker.newInvoker(Invoker.java:70)
	at org.fest.reflect.field.FieldType.in(FieldType.java:74)
	at org.assertj.swing.monitor.ProtectingTimerTask.isCanceled(ProtectingTimerTask.java:54)
	at org.assertj.swing.monitor.ProtectingTimerTask.run(ProtectingTimerTask.java:41)
	at java.base/java.util.TimerThread.mainLoop(Timer.java:566)
	at java.base/java.util.TimerThread.run(Timer.java:516)

Dec 02, 2025 7:45:28 PM org.jaudiotagger.tag.id3.ID3v23Tag readFrames
INFO: 01 - After You [feat. Calle Lehmann].mp3:Found padding starting at:31639
]]></system-err>
  </testcase>
  <testcase name="playPausePlay_Counts" classname="com.gooseplayer2.Packages.MethodsTest" time="4.259">
    <system-out><![CDATA[Beads System Buffer size=5000
Beads System Buffer size=5000
Dragging: Library/01 - After You [feat. Calle Lehmann].mp3
loadSong ran
Song loaded: 01 - After You [feat. Calle Lehmann].mp3
Playback started
Beads Output buffer size=40000
Pause pressed
Playback started
Play count: 2
Pause count: 1
Queue cleared
]]></system-out>
    <system-err><![CDATA[Dec 02, 2025 7:45:31 PM org.assertj.swing.monitor.ProtectingTimerTask handleException
WARNING: Exception thrown by a TimerTask
java.lang.reflect.InaccessibleObjectException: Unable to make field int java.util.TimerTask.state accessible: module java.base does not "opens java.util" to unnamed module @3d121db3
	at java.base/java.lang.reflect.AccessibleObject.checkCanSetAccessible(AccessibleObject.java:354)
	at java.base/java.lang.reflect.AccessibleObject.checkCanSetAccessible(AccessibleObject.java:297)
	at java.base/java.lang.reflect.Field.checkCanSetAccessible(Field.java:180)
	at java.base/java.lang.reflect.Field.setAccessible(Field.java:174)
	at org.fest.reflect.util.Accessibles$SetAccessibleAction.run(Accessibles.java:70)
	at org.fest.reflect.util.Accessibles$SetAccessibleAction.run(Accessibles.java:60)
	at java.base/java.security.AccessController.doPrivileged(AccessController.java:318)
	at org.fest.reflect.util.Accessibles.setAccessible(Accessibles.java:57)
	at org.fest.reflect.util.Accessibles.makeAccessible(Accessibles.java:46)
	at org.fest.reflect.field.Invoker.verifyCorrectType(Invoker.java:100)
	at org.fest.reflect.field.Invoker.createInvoker(Invoker.java:76)
	at org.fest.reflect.field.Invoker.newInvoker(Invoker.java:70)
	at org.fest.reflect.field.FieldType.in(FieldType.java:74)
	at org.assertj.swing.monitor.ProtectingTimerTask.isCanceled(ProtectingTimerTask.java:54)
	at org.assertj.swing.monitor.ProtectingTimerTask.run(ProtectingTimerTask.java:41)
	at java.base/java.util.TimerThread.mainLoop(Timer.java:566)
	at java.base/java.util.TimerThread.run(Timer.java:516)

Dec 02, 2025 7:45:32 PM org.jaudiotagger.tag.id3.ID3v23Tag readFrames
INFO: 01 - After You [feat. Calle Lehmann].mp3:Found padding starting at:31639
]]></system-err>
  </testcase>
  <testcase name="clickingStopButtonCallsPause" classname="com.gooseplayer2.Packages.MethodsTest" time="3.847">
    <system-out><![CDATA[Beads System Buffer size=5000
Beads System Buffer size=5000
Dragging: Library/01 - After You [feat. Calle Lehmann].mp3
loadSong ran
Song loaded: 01 - After You [feat. Calle Lehmann].mp3
Playback started
Beads Output buffer size=40000
Pause pressed
Pause count: 1
Queue cleared
]]></system-out>
    <system-err><![CDATA[Dec 02, 2025 7:45:35 PM org.assertj.swing.monitor.ProtectingTimerTask handleException
WARNING: Exception thrown by a TimerTask
java.lang.reflect.InaccessibleObjectException: Unable to make field int java.util.TimerTask.state accessible: module java.base does not "opens java.util" to unnamed module @3d121db3
	at java.base/java.lang.reflect.AccessibleObject.checkCanSetAccessible(AccessibleObject.java:354)
	at java.base/java.lang.reflect.AccessibleObject.checkCanSetAccessible(AccessibleObject.java:297)
	at java.base/java.lang.reflect.Field.checkCanSetAccessible(Field.java:180)
	at java.base/java.lang.reflect.Field.setAccessible(Field.java:174)
	at org.fest.reflect.util.Accessibles$SetAccessibleAction.run(Accessibles.java:70)
	at org.fest.reflect.util.Accessibles$SetAccessibleAction.run(Accessibles.java:60)
	at java.base/java.security.AccessController.doPrivileged(AccessController.java:318)
	at org.fest.reflect.util.Accessibles.setAccessible(Accessibles.java:57)
	at org.fest.reflect.util.Accessibles.makeAccessible(Accessibles.java:46)
	at org.fest.reflect.field.Invoker.verifyCorrectType(Invoker.java:100)
	at org.fest.reflect.field.Invoker.createInvoker(Invoker.java:76)
	at org.fest.reflect.field.Invoker.newInvoker(Invoker.java:70)
	at org.fest.reflect.field.FieldType.in(FieldType.java:74)
	at org.assertj.swing.monitor.ProtectingTimerTask.isCanceled(ProtectingTimerTask.java:54)
	at org.assertj.swing.monitor.ProtectingTimerTask.run(ProtectingTimerTask.java:41)
	at java.base/java.util.TimerThread.mainLoop(Timer.java:566)
	at java.base/java.util.TimerThread.run(Timer.java:516)

Dec 02, 2025 7:45:36 PM org.jaudiotagger.tag.id3.ID3v23Tag readFrames
INFO: 01 - After You [feat. Calle Lehmann].mp3:Found padding starting at:31639
]]></system-err>
  </testcase>
  <testcase name="clickingSkipButtonCallsSkip" classname="com.gooseplayer2.Packages.MethodsTest" time="3.519">
    <system-out><![CDATA[Beads System Buffer size=5000
Beads System Buffer size=5000
Dragging: Library/01 - After You [feat. Calle Lehmann].mp3
loadSong ran
Song loaded: 01 - After You [feat. Calle Lehmann].mp3
No more tracks in queue.
Skip count: 1
Queue cleared
]]></system-out>
    <system-err><![CDATA[Dec 02, 2025 7:45:39 PM org.assertj.swing.monitor.ProtectingTimerTask handleException
WARNING: Exception thrown by a TimerTask
java.lang.reflect.InaccessibleObjectException: Unable to make field int java.util.TimerTask.state accessible: module java.base does not "opens java.util" to unnamed module @3d121db3
	at java.base/java.lang.reflect.AccessibleObject.checkCanSetAccessible(AccessibleObject.java:354)
	at java.base/java.lang.reflect.AccessibleObject.checkCanSetAccessible(AccessibleObject.java:297)
	at java.base/java.lang.reflect.Field.checkCanSetAccessible(Field.java:180)
	at java.base/java.lang.reflect.Field.setAccessible(Field.java:174)
	at org.fest.reflect.util.Accessibles$SetAccessibleAction.run(Accessibles.java:70)
	at org.fest.reflect.util.Accessibles$SetAccessibleAction.run(Accessibles.java:60)
	at java.base/java.security.AccessController.doPrivileged(AccessController.java:318)
	at org.fest.reflect.util.Accessibles.setAccessible(Accessibles.java:57)
	at org.fest.reflect.util.Accessibles.makeAccessible(Accessibles.java:46)
	at org.fest.reflect.field.Invoker.verifyCorrectType(Invoker.java:100)
	at org.fest.reflect.field.Invoker.createInvoker(Invoker.java:76)
	at org.fest.reflect.field.Invoker.newInvoker(Invoker.java:70)
	at org.fest.reflect.field.FieldType.in(FieldType.java:74)
	at org.assertj.swing.monitor.ProtectingTimerTask.isCanceled(ProtectingTimerTask.java:54)
	at org.assertj.swing.monitor.ProtectingTimerTask.run(ProtectingTimerTask.java:41)
	at java.base/java.util.TimerThread.mainLoop(Timer.java:566)
	at java.base/java.util.TimerThread.run(Timer.java:516)

Dec 02, 2025 7:45:40 PM org.jaudiotagger.tag.id3.ID3v23Tag readFrames
INFO: 01 - After You [feat. Calle Lehmann].mp3:Found padding starting at:31639
]]></system-err>
  </testcase>
  <testcase name="clickingClearButtonWhenAudioPlaying" classname="com.gooseplayer2.Packages.MethodsTest" time="3.937">
    <system-out><![CDATA[Beads System Buffer size=5000
Beads System Buffer size=5000
Dragging: Library/01 - After You [feat. Calle Lehmann].mp3
loadSong ran
Song loaded: 01 - After You [feat. Calle Lehmann].mp3
Playback started
Beads Output buffer size=40000
Queue cleared
Clear count (audio playing): 1
Queue cleared
]]></system-out>
    <system-err><![CDATA[Dec 02, 2025 7:45:43 PM org.jaudiotagger.tag.id3.ID3v23Tag readFrames
INFO: 01 - After You [feat. Calle Lehmann].mp3:Found padding starting at:31639
Dec 02, 2025 7:45:43 PM org.assertj.swing.monitor.ProtectingTimerTask handleException
WARNING: Exception thrown by a TimerTask
java.lang.reflect.InaccessibleObjectException: Unable to make field int java.util.TimerTask.state accessible: module java.base does not "opens java.util" to unnamed module @3d121db3
	at java.base/java.lang.reflect.AccessibleObject.checkCanSetAccessible(AccessibleObject.java:354)
	at java.base/java.lang.reflect.AccessibleObject.checkCanSetAccessible(AccessibleObject.java:297)
	at java.base/java.lang.reflect.Field.checkCanSetAccessible(Field.java:180)
	at java.base/java.lang.reflect.Field.setAccessible(Field.java:174)
	at org.fest.reflect.util.Accessibles$SetAccessibleAction.run(Accessibles.java:70)
	at org.fest.reflect.util.Accessibles$SetAccessibleAction.run(Accessibles.java:60)
	at java.base/java.security.AccessController.doPrivileged(AccessController.java:318)
	at org.fest.reflect.util.Accessibles.setAccessible(Accessibles.java:57)
	at org.fest.reflect.util.Accessibles.makeAccessible(Accessibles.java:46)
	at org.fest.reflect.field.Invoker.verifyCorrectType(Invoker.java:100)
	at org.fest.reflect.field.Invoker.createInvoker(Invoker.java:76)
	at org.fest.reflect.field.Invoker.newInvoker(Invoker.java:70)
	at org.fest.reflect.field.FieldType.in(FieldType.java:74)
	at org.assertj.swing.monitor.ProtectingTimerTask.isCanceled(ProtectingTimerTask.java:54)
	at org.assertj.swing.monitor.ProtectingTimerTask.run(ProtectingTimerTask.java:41)
	at java.base/java.util.TimerThread.mainLoop(Timer.java:566)
	at java.base/java.util.TimerThread.run(Timer.java:516)

]]></system-err>
  </testcase>
  <testcase name="removeCurrentlyPlayingSong_CallsMethodButSkipsLogic" classname="com.gooseplayer2.Packages.MethodsTest" time="5.181">
    <system-out><![CDATA[Beads System Buffer size=5000
Beads System Buffer size=5000
Dragging: Library/01 - After You [feat. Calle Lehmann].mp3
loadSong ran
Song loaded: 01 - After You [feat. Calle Lehmann].mp3
Playback started
Beads Output buffer size=40000
Skipping removal of the first node in the queue.
updateTime() called. Current position: 0 seconds.
PASSED: Method called, but removal blocked
Queue cleared
]]></system-out>
    <system-err><![CDATA[Dec 02, 2025 7:45:47 PM org.assertj.swing.monitor.ProtectingTimerTask handleException
WARNING: Exception thrown by a TimerTask
java.lang.reflect.InaccessibleObjectException: Unable to make field int java.util.TimerTask.state accessible: module java.base does not "opens java.util" to unnamed module @3d121db3
	at java.base/java.lang.reflect.AccessibleObject.checkCanSetAccessible(AccessibleObject.java:354)
	at java.base/java.lang.reflect.AccessibleObject.checkCanSetAccessible(AccessibleObject.java:297)
	at java.base/java.lang.reflect.Field.checkCanSetAccessible(Field.java:180)
	at java.base/java.lang.reflect.Field.setAccessible(Field.java:174)
	at org.fest.reflect.util.Accessibles$SetAccessibleAction.run(Accessibles.java:70)
	at org.fest.reflect.util.Accessibles$SetAccessibleAction.run(Accessibles.java:60)
	at java.base/java.security.AccessController.doPrivileged(AccessController.java:318)
	at org.fest.reflect.util.Accessibles.setAccessible(Accessibles.java:57)
	at org.fest.reflect.util.Accessibles.makeAccessible(Accessibles.java:46)
	at org.fest.reflect.field.Invoker.verifyCorrectType(Invoker.java:100)
	at org.fest.reflect.field.Invoker.createInvoker(Invoker.java:76)
	at org.fest.reflect.field.Invoker.newInvoker(Invoker.java:70)
	at org.fest.reflect.field.FieldType.in(FieldType.java:74)
	at org.assertj.swing.monitor.ProtectingTimerTask.isCanceled(ProtectingTimerTask.java:54)
	at org.assertj.swing.monitor.ProtectingTimerTask.run(ProtectingTimerTask.java:41)
	at java.base/java.util.TimerThread.mainLoop(Timer.java:566)
	at java.base/java.util.TimerThread.run(Timer.java:516)

Dec 02, 2025 7:45:47 PM org.jaudiotagger.tag.id3.ID3v23Tag readFrames
INFO: 01 - After You [feat. Calle Lehmann].mp3:Found padding starting at:31639
]]></system-err>
  </testcase>
  <testcase name="clickingClearButtonMultipleTimes" classname="com.gooseplayer2.Packages.MethodsTest" time="4.066">
    <system-out><![CDATA[Beads System Buffer size=5000
Beads System Buffer size=5000
Dragging: Library/01 - After You [feat. Calle Lehmann].mp3
loadSong ran
Song loaded: 01 - After You [feat. Calle Lehmann].mp3
Queue cleared
Queue cleared
Clear count: 2
Queue cleared
]]></system-out>
    <system-err><![CDATA[Dec 02, 2025 7:45:51 PM org.assertj.swing.monitor.ProtectingTimerTask handleException
WARNING: Exception thrown by a TimerTask
java.lang.reflect.InaccessibleObjectException: Unable to make field int java.util.TimerTask.state accessible: module java.base does not "opens java.util" to unnamed module @3d121db3
	at java.base/java.lang.reflect.AccessibleObject.checkCanSetAccessible(AccessibleObject.java:354)
	at java.base/java.lang.reflect.AccessibleObject.checkCanSetAccessible(AccessibleObject.java:297)
	at java.base/java.lang.reflect.Field.checkCanSetAccessible(Field.java:180)
	at java.base/java.lang.reflect.Field.setAccessible(Field.java:174)
	at org.fest.reflect.util.Accessibles$SetAccessibleAction.run(Accessibles.java:70)
	at org.fest.reflect.util.Accessibles$SetAccessibleAction.run(Accessibles.java:60)
	at java.base/java.security.AccessController.doPrivileged(AccessController.java:318)
	at org.fest.reflect.util.Accessibles.setAccessible(Accessibles.java:57)
	at org.fest.reflect.util.Accessibles.makeAccessible(Accessibles.java:46)
	at org.fest.reflect.field.Invoker.verifyCorrectType(Invoker.java:100)
	at org.fest.reflect.field.Invoker.createInvoker(Invoker.java:76)
	at org.fest.reflect.field.Invoker.newInvoker(Invoker.java:70)
	at org.fest.reflect.field.FieldType.in(FieldType.java:74)
	at org.assertj.swing.monitor.ProtectingTimerTask.isCanceled(ProtectingTimerTask.java:54)
	at org.assertj.swing.monitor.ProtectingTimerTask.run(ProtectingTimerTask.java:41)
	at java.base/java.util.TimerThread.mainLoop(Timer.java:566)
	at java.base/java.util.TimerThread.run(Timer.java:516)

Dec 02, 2025 7:45:52 PM org.jaudiotagger.tag.id3.ID3v23Tag readFrames
INFO: 01 - After You [feat. Calle Lehmann].mp3:Found padding starting at:31639
]]></system-err>
  </testcase>
  <testcase name="clickingSkipButtonMultipleTimes" classname="com.gooseplayer2.Packages.MethodsTest" time="4.677">
    <system-out><![CDATA[Beads System Buffer size=5000
Beads System Buffer size=5000
Dragging: Library/01 - After You [feat. Calle Lehmann].mp3
loadSong ran
Song loaded: 01 - After You [feat. Calle Lehmann].mp3
No more tracks in queue.
Skip count: 3
Queue cleared
]]></system-out>
    <system-err><![CDATA[Dec 02, 2025 7:45:55 PM org.assertj.swing.monitor.ProtectingTimerTask handleException
WARNING: Exception thrown by a TimerTask
java.lang.reflect.InaccessibleObjectException: Unable to make field int java.util.TimerTask.state accessible: module java.base does not "opens java.util" to unnamed module @3d121db3
	at java.base/java.lang.reflect.AccessibleObject.checkCanSetAccessible(AccessibleObject.java:354)
	at java.base/java.lang.reflect.AccessibleObject.checkCanSetAccessible(AccessibleObject.java:297)
	at java.base/java.lang.reflect.Field.checkCanSetAccessible(Field.java:180)
	at java.base/java.lang.reflect.Field.setAccessible(Field.java:174)
	at org.fest.reflect.util.Accessibles$SetAccessibleAction.run(Accessibles.java:70)
	at org.fest.reflect.util.Accessibles$SetAccessibleAction.run(Accessibles.java:60)
	at java.base/java.security.AccessController.doPrivileged(AccessController.java:318)
	at org.fest.reflect.util.Accessibles.setAccessible(Accessibles.java:57)
	at org.fest.reflect.util.Accessibles.makeAccessible(Accessibles.java:46)
	at org.fest.reflect.field.Invoker.verifyCorrectType(Invoker.java:100)
	at org.fest.reflect.field.Invoker.createInvoker(Invoker.java:76)
	at org.fest.reflect.field.Invoker.newInvoker(Invoker.java:70)
	at org.fest.reflect.field.FieldType.in(FieldType.java:74)
	at org.assertj.swing.monitor.ProtectingTimerTask.isCanceled(ProtectingTimerTask.java:54)
	at org.assertj.swing.monitor.ProtectingTimerTask.run(ProtectingTimerTask.java:41)
	at java.base/java.util.TimerThread.mainLoop(Timer.java:566)
	at java.base/java.util.TimerThread.run(Timer.java:516)

Dec 02, 2025 7:45:57 PM org.jaudiotagger.tag.id3.ID3v23Tag readFrames
INFO: 01 - After You [feat. Calle Lehmann].mp3:Found padding starting at:31639
]]></system-err>
  </testcase>
  <testcase name="clickingRemoveButtonMultipleTimes" classname="com.gooseplayer2.Packages.MethodsTest" time="3.943">
    <system-out><![CDATA[Beads System Buffer size=5000
Beads System Buffer size=5000
Dragging: Library/01 - After You [feat. Calle Lehmann].mp3
loadSong ran
Song loaded: 01 - After You [feat. Calle Lehmann].mp3
Remove count: 2
Queue cleared
]]></system-out>
    <system-err><![CDATA[Dec 02, 2025 7:46:00 PM org.assertj.swing.monitor.ProtectingTimerTask handleException
WARNING: Exception thrown by a TimerTask
java.lang.reflect.InaccessibleObjectException: Unable to make field int java.util.TimerTask.state accessible: module java.base does not "opens java.util" to unnamed module @3d121db3
	at java.base/java.lang.reflect.AccessibleObject.checkCanSetAccessible(AccessibleObject.java:354)
	at java.base/java.lang.reflect.AccessibleObject.checkCanSetAccessible(AccessibleObject.java:297)
	at java.base/java.lang.reflect.Field.checkCanSetAccessible(Field.java:180)
	at java.base/java.lang.reflect.Field.setAccessible(Field.java:174)
	at org.fest.reflect.util.Accessibles$SetAccessibleAction.run(Accessibles.java:70)
	at org.fest.reflect.util.Accessibles$SetAccessibleAction.run(Accessibles.java:60)
	at java.base/java.security.AccessController.doPrivileged(AccessController.java:318)
	at org.fest.reflect.util.Accessibles.setAccessible(Accessibles.java:57)
	at org.fest.reflect.util.Accessibles.makeAccessible(Accessibles.java:46)
	at org.fest.reflect.field.Invoker.verifyCorrectType(Invoker.java:100)
	at org.fest.reflect.field.Invoker.createInvoker(Invoker.java:76)
	at org.fest.reflect.field.Invoker.newInvoker(Invoker.java:70)
	at org.fest.reflect.field.FieldType.in(FieldType.java:74)
	at org.assertj.swing.monitor.ProtectingTimerTask.isCanceled(ProtectingTimerTask.java:54)
	at org.assertj.swing.monitor.ProtectingTimerTask.run(ProtectingTimerTask.java:41)
	at java.base/java.util.TimerThread.mainLoop(Timer.java:566)
	at java.base/java.util.TimerThread.run(Timer.java:516)

Dec 02, 2025 7:46:01 PM org.jaudiotagger.tag.id3.ID3v23Tag readFrames
INFO: 01 - After You [feat. Calle Lehmann].mp3:Found padding starting at:31639
]]></system-err>
  </testcase>
  <testcase name="clickingShuffleButtonWhenQueueHasOneSong" classname="com.gooseplayer2.Packages.MethodsTest" time="5.55">
    <system-out><![CDATA[Beads System Buffer size=5000
Beads System Buffer size=5000
Dragging: Library/01 - After You [feat. Calle Lehmann].mp3
loadSong ran
Song loaded: 01 - After You [feat. Calle Lehmann].mp3
Queue cleared
loadSong ran
Song loaded: calming-rain.mp3
Shuffle count (one song): 1
Queue cleared
]]></system-out>
    <system-err><![CDATA[Dec 02, 2025 7:46:04 PM org.assertj.swing.monitor.ProtectingTimerTask handleException
WARNING: Exception thrown by a TimerTask
java.lang.reflect.InaccessibleObjectException: Unable to make field int java.util.TimerTask.state accessible: module java.base does not "opens java.util" to unnamed module @3d121db3
	at java.base/java.lang.reflect.AccessibleObject.checkCanSetAccessible(AccessibleObject.java:354)
	at java.base/java.lang.reflect.AccessibleObject.checkCanSetAccessible(AccessibleObject.java:297)
	at java.base/java.lang.reflect.Field.checkCanSetAccessible(Field.java:180)
	at java.base/java.lang.reflect.Field.setAccessible(Field.java:174)
	at org.fest.reflect.util.Accessibles$SetAccessibleAction.run(Accessibles.java:70)
	at org.fest.reflect.util.Accessibles$SetAccessibleAction.run(Accessibles.java:60)
	at java.base/java.security.AccessController.doPrivileged(AccessController.java:318)
	at org.fest.reflect.util.Accessibles.setAccessible(Accessibles.java:57)
	at org.fest.reflect.util.Accessibles.makeAccessible(Accessibles.java:46)
	at org.fest.reflect.field.Invoker.verifyCorrectType(Invoker.java:100)
	at org.fest.reflect.field.Invoker.createInvoker(Invoker.java:76)
	at org.fest.reflect.field.Invoker.newInvoker(Invoker.java:70)
	at org.fest.reflect.field.FieldType.in(FieldType.java:74)
	at org.assertj.swing.monitor.ProtectingTimerTask.isCanceled(ProtectingTimerTask.java:54)
	at org.assertj.swing.monitor.ProtectingTimerTask.run(ProtectingTimerTask.java:41)
	at java.base/java.util.TimerThread.mainLoop(Timer.java:566)
	at java.base/java.util.TimerThread.run(Timer.java:516)

Dec 02, 2025 7:46:05 PM org.jaudiotagger.tag.id3.ID3v23Tag readFrames
INFO: 01 - After You [feat. Calle Lehmann].mp3:Found padding starting at:31639
]]></system-err>
  </testcase>
  <testcase name="clickingRemoveButtonWhenQueueEmpty" classname="com.gooseplayer2.Packages.MethodsTest" time="3.519">
    <system-out><![CDATA[Beads System Buffer size=5000
Beads System Buffer size=5000
Dragging: Library/01 - After You [feat. Calle Lehmann].mp3
loadSong ran
Song loaded: 01 - After You [feat. Calle Lehmann].mp3
Queue cleared
Remove count (empty queue): 1
Queue cleared
]]></system-out>
    <system-err><![CDATA[Dec 02, 2025 7:46:08 PM org.assertj.swing.monitor.ProtectingTimerTask handleException
WARNING: Exception thrown by a TimerTask
java.lang.reflect.InaccessibleObjectException: Unable to make field int java.util.TimerTask.state accessible: module java.base does not "opens java.util" to unnamed module @3d121db3
	at java.base/java.lang.reflect.AccessibleObject.checkCanSetAccessible(AccessibleObject.java:354)
	at java.base/java.lang.reflect.AccessibleObject.checkCanSetAccessible(AccessibleObject.java:297)
	at java.base/java.lang.reflect.Field.checkCanSetAccessible(Field.java:180)
	at java.base/java.lang.reflect.Field.setAccessible(Field.java:174)
	at org.fest.reflect.util.Accessibles$SetAccessibleAction.run(Accessibles.java:70)
	at org.fest.reflect.util.Accessibles$SetAccessibleAction.run(Accessibles.java:60)
	at java.base/java.security.AccessController.doPrivileged(AccessController.java:318)
	at org.fest.reflect.util.Accessibles.setAccessible(Accessibles.java:57)
	at org.fest.reflect.util.Accessibles.makeAccessible(Accessibles.java:46)
	at org.fest.reflect.field.Invoker.verifyCorrectType(Invoker.java:100)
	at org.fest.reflect.field.Invoker.createInvoker(Invoker.java:76)
	at org.fest.reflect.field.Invoker.newInvoker(Invoker.java:70)
	at org.fest.reflect.field.FieldType.in(FieldType.java:74)
	at org.assertj.swing.monitor.ProtectingTimerTask.isCanceled(ProtectingTimerTask.java:54)
	at org.assertj.swing.monitor.ProtectingTimerTask.run(ProtectingTimerTask.java:41)
	at java.base/java.util.TimerThread.mainLoop(Timer.java:566)
	at java.base/java.util.TimerThread.run(Timer.java:516)

Dec 02, 2025 7:46:10 PM org.jaudiotagger.tag.id3.ID3v23Tag readFrames
INFO: 01 - After You [feat. Calle Lehmann].mp3:Found padding starting at:31639
]]></system-err>
  </testcase>
  <testcase name="clickingClearButtonCallsClear" classname="com.gooseplayer2.Packages.MethodsTest" time="3.81">
    <system-out><![CDATA[Beads System Buffer size=5000
Beads System Buffer size=5000
Dragging: Library/01 - After You [feat. Calle Lehmann].mp3
loadSong ran
Song loaded: 01 - After You [feat. Calle Lehmann].mp3
Queue cleared
Clear count: 1
Queue cleared
]]></system-out>
    <system-err><![CDATA[Dec 02, 2025 7:46:12 PM org.assertj.swing.monitor.ProtectingTimerTask handleException
WARNING: Exception thrown by a TimerTask
java.lang.reflect.InaccessibleObjectException: Unable to make field int java.util.TimerTask.state accessible: module java.base does not "opens java.util" to unnamed module @3d121db3
	at java.base/java.lang.reflect.AccessibleObject.checkCanSetAccessible(AccessibleObject.java:354)
	at java.base/java.lang.reflect.AccessibleObject.checkCanSetAccessible(AccessibleObject.java:297)
	at java.base/java.lang.reflect.Field.checkCanSetAccessible(Field.java:180)
	at java.base/java.lang.reflect.Field.setAccessible(Field.java:174)
	at org.fest.reflect.util.Accessibles$SetAccessibleAction.run(Accessibles.java:70)
	at org.fest.reflect.util.Accessibles$SetAccessibleAction.run(Accessibles.java:60)
	at java.base/java.security.AccessController.doPrivileged(AccessController.java:318)
	at org.fest.reflect.util.Accessibles.setAccessible(Accessibles.java:57)
	at org.fest.reflect.util.Accessibles.makeAccessible(Accessibles.java:46)
	at org.fest.reflect.field.Invoker.verifyCorrectType(Invoker.java:100)
	at org.fest.reflect.field.Invoker.createInvoker(Invoker.java:76)
	at org.fest.reflect.field.Invoker.newInvoker(Invoker.java:70)
	at org.fest.reflect.field.FieldType.in(FieldType.java:74)
	at org.assertj.swing.monitor.ProtectingTimerTask.isCanceled(ProtectingTimerTask.java:54)
	at org.assertj.swing.monitor.ProtectingTimerTask.run(ProtectingTimerTask.java:41)
	at java.base/java.util.TimerThread.mainLoop(Timer.java:566)
	at java.base/java.util.TimerThread.run(Timer.java:516)

Dec 02, 2025 7:46:14 PM org.jaudiotagger.tag.id3.ID3v23Tag readFrames
INFO: 01 - After You [feat. Calle Lehmann].mp3:Found padding starting at:31639
]]></system-err>
  </testcase>
  <testcase name="clickingPlayButtonCallsPlaySuccess" classname="com.gooseplayer2.Packages.MethodsTest" time="3.481">
    <system-out><![CDATA[Beads System Buffer size=5000
Beads System Buffer size=5000
Dragging: Library/01 - After You [feat. Calle Lehmann].mp3
loadSong ran
Song loaded: 01 - After You [feat. Calle Lehmann].mp3
Playback started
Beads Output buffer size=40000
Play count: 1
Queue cleared
]]></system-out>
    <system-err><![CDATA[Dec 02, 2025 7:46:18 PM org.jaudiotagger.tag.id3.ID3v23Tag readFrames
INFO: 01 - After You [feat. Calle Lehmann].mp3:Found padding starting at:31639
Dec 02, 2025 7:46:18 PM org.assertj.swing.monitor.ProtectingTimerTask handleException
WARNING: Exception thrown by a TimerTask
java.lang.reflect.InaccessibleObjectException: Unable to make field int java.util.TimerTask.state accessible: module java.base does not "opens java.util" to unnamed module @3d121db3
	at java.base/java.lang.reflect.AccessibleObject.checkCanSetAccessible(AccessibleObject.java:354)
	at java.base/java.lang.reflect.AccessibleObject.checkCanSetAccessible(AccessibleObject.java:297)
	at java.base/java.lang.reflect.Field.checkCanSetAccessible(Field.java:180)
	at java.base/java.lang.reflect.Field.setAccessible(Field.java:174)
	at org.fest.reflect.util.Accessibles$SetAccessibleAction.run(Accessibles.java:70)
	at org.fest.reflect.util.Accessibles$SetAccessibleAction.run(Accessibles.java:60)
	at java.base/java.security.AccessController.doPrivileged(AccessController.java:318)
	at org.fest.reflect.util.Accessibles.setAccessible(Accessibles.java:57)
	at org.fest.reflect.util.Accessibles.makeAccessible(Accessibles.java:46)
	at org.fest.reflect.field.Invoker.verifyCorrectType(Invoker.java:100)
	at org.fest.reflect.field.Invoker.createInvoker(Invoker.java:76)
	at org.fest.reflect.field.Invoker.newInvoker(Invoker.java:70)
	at org.fest.reflect.field.FieldType.in(FieldType.java:74)
	at org.assertj.swing.monitor.ProtectingTimerTask.isCanceled(ProtectingTimerTask.java:54)
	at org.assertj.swing.monitor.ProtectingTimerTask.run(ProtectingTimerTask.java:41)
	at java.base/java.util.TimerThread.mainLoop(Timer.java:566)
	at java.base/java.util.TimerThread.run(Timer.java:516)

]]></system-err>
  </testcase>
  <testcase name="pauseButtonDisappearsAfterClicking" classname="com.gooseplayer2.Packages.MethodsTest" time="4.656">
    <system-out><![CDATA[Beads System Buffer size=5000
Beads System Buffer size=5000
Dragging: Library/01 - After You [feat. Calle Lehmann].mp3
loadSong ran
Song loaded: 01 - After You [feat. Calle Lehmann].mp3
Playback started
Beads Output buffer size=40000
Pause pressed
PASSED: Pause button correctly disappeared
   Error: Unable to find component using matcher org.assertj.swing.core.matcher.JButtonMatcher[name=<Any>, text='Pause', requireShowing=false].

Component hierarchy:
com.gooseplayer2.MainFrame[name='frame16', title='Music Player', enabled=true, visible=true, showing=true]
  javax.swing.JRootPane[]
    javax.swing.JPanel[name='null.glassPane']
    javax.swing.JLayeredPane[]
      javax.swing.JPanel[name='null.contentPane']
        javax.swing.JToolBar[name=null]
          javax.swing.JButton[name=null, text='Settings', enabled=true, visible=true, showing=true]
          javax.swing.JButton[name=null, text='Help', enabled=true, visible=true, showing=true]
          javax.swing.JButton[name=null, text='Library', enabled=true, visible=true, showing=true]
        com.gooseplayer2.JPanels.MusicPanel[name='musicPanel']
          com.gooseplayer2.JPanels.AudioPlayerSpy[name='playerPanel_TestChannel']
            javax.swing.JLabel[name=null, text='TestChannel', enabled=true, visible=true, showing=true]
            javax.swing.JSlider[name=null, value=0, minimum=0, maximum=224, enabled=true, visible=true, showing=true]
            javax.swing.JLabel[name=null, text='0:00 / 3:44', enabled=true, visible=true, showing=true]
            javax.swing.JSlider[name=null, value=100, minimum=0, maximum=100, enabled=true, visible=true, showing=true]
            javax.swing.JLabel[name=null, text='', enabled=true, visible=true, showing=true]
            javax.swing.JButton[name=null, text='Play', enabled=true, visible=true, showing=true]
            javax.swing.JButton[name=null, text='Skip', enabled=true, visible=true, showing=true]
            javax.swing.JButton[name=null, text='Shuffle', enabled=true, visible=true, showing=true]
            javax.swing.JButton[name=null, text='Remove', enabled=true, visible=true, showing=true]
            javax.swing.JButton[name=null, text='Clear', enabled=true, visible=true, showing=true]
            javax.swing.JPanel[name=null]
              javax.swing.JRadioButton[name=null, text='Loop Song', selected=false, enabled=true, visible=true, showing=true]
              javax.swing.JRadioButton[name=null, text='Loop Playlist', selected=false, enabled=true, visible=true, showing=true]
            javax.swing.JScrollPane[name=null, enabled=true, visible=true, showing=true]
              javax.swing.JViewport[,2,2,842x400,layout=javax.swing.ViewportLayout,alignmentX=0.0,alignmentY=0.0,border=,flags=8388616,maximumSize=,minimumSize=,preferredSize=,isViewSizeSet=true,lastPaintPosition=java.awt.Point[x=0,y=0],scrollUnderway=false]
                javax.swing.JTree[name='queueTree', selectionCount=0, selectionPaths=[], selectionMode=DISCONTIGUOUS_TREE_SELECTION, enabled=true, visible=true, showing=true
                  javax.swing.CellRendererPane[,0,0,0x0,hidden]
              javax.swing.JScrollPane$ScrollBar[name=null, value=0, blockIncrement=10, minimum=0, maximum=400, enabled=true, visible=false, showing=false]
                com.formdev.flatlaf.ui.FlatScrollBarUI$FlatScrollBarButton[name=null, text='', enabled=true, visible=true, showing=false]
                com.formdev.flatlaf.ui.FlatScrollBarUI$FlatScrollBarButton[name=null, text='', enabled=true, visible=true, showing=false]
              javax.swing.JScrollPane$ScrollBar[name=null, value=0, blockIncrement=10, minimum=0, maximum=842, enabled=true, visible=false, showing=false]
                com.formdev.flatlaf.ui.FlatScrollBarUI$FlatScrollBarButton[name=null, text='', enabled=true, visible=true, showing=false]
                com.formdev.flatlaf.ui.FlatScrollBarUI$FlatScrollBarButton[name=null, text='', enabled=true, visible=true, showing=false]
        com.gooseplayer2.JPanels.FilePanel[name=null]
          javax.swing.JLabel[name=null, text='Directory Tree', enabled=true, visible=true, showing=true]
          javax.swing.JScrollPane[name=null, enabled=true, visible=true, showing=true]
            javax.swing.JViewport[,2,2,333x713,layout=javax.swing.ViewportLayout,alignmentX=0.0,alignmentY=0.0,border=,flags=8388616,maximumSize=,minimumSize=,preferredSize=,isViewSizeSet=true,lastPaintPosition=java.awt.Point[x=0,y=0],scrollUnderway=false]
              javax.swing.JTree[name='libraryTree', selectionCount=1, selectionPaths=["[Library, 01 - After You [feat. Calle Lehmann].mp3]"], selectionMode=DISCONTIGUOUS_TREE_SELECTION, enabled=true, visible=true, showing=true
                javax.swing.CellRendererPane[,0,0,0x0,hidden]
            javax.swing.JScrollPane$ScrollBar[name=null, value=0, blockIncrement=10, minimum=0, maximum=713, enabled=true, visible=false, showing=false]
              com.formdev.flatlaf.ui.FlatScrollBarUI$FlatScrollBarButton[name=null, text='', enabled=true, visible=true, showing=false]
              com.formdev.flatlaf.ui.FlatScrollBarUI$FlatScrollBarButton[name=null, text='', enabled=true, visible=true, showing=false]
            javax.swing.JScrollPane$ScrollBar[name=null, value=0, blockIncrement=10, minimum=0, maximum=333, enabled=true, visible=false, showing=false]
              com.formdev.flatlaf.ui.FlatScrollBarUI$FlatScrollBarButton[name=null, text='', enabled=true, visible=true, showing=false]
              com.formdev.flatlaf.ui.FlatScrollBarUI$FlatScrollBarButton[name=null, text='', enabled=true, visible=true, showing=false]
      com.formdev.flatlaf.ui.FlatTitlePane[,0,0,1184x30,layout=com.formdev.flatlaf.ui.FlatTitlePane$3,alignmentX=0.0,alignmentY=0.0,border=com.formdev.flatlaf.ui.FlatTitlePane$FlatTitlePaneBorder@c3fe10b,flags=0,maximumSize=,minimumSize=,preferredSize=]
        javax.swing.JPanel[name=null]
          javax.swing.JLabel[name=null, text='', enabled=true, visible=true, showing=true]
          com.formdev.flatlaf.ui.FlatTitlePane$2[,32,0,0x30,alignmentX=0.0,alignmentY=0.0,border=,flags=0,maximumSize=,minimumSize=,preferredSize=]
        com.formdev.flatlaf.ui.FlatTitlePane$1(javax.swing.JLabel)[name=null, text='Music Player', enabled=true, visible=true, showing=true]
        com.formdev.flatlaf.ui.FlatTitlePane$4(javax.swing.JPanel)[name=null]
          com.formdev.flatlaf.ui.FlatTitlePane$6(javax.swing.JButton)[name=null, text='', enabled=true, visible=true, showing=true]
          com.formdev.flatlaf.ui.FlatTitlePane$6(javax.swing.JButton)[name=null, text='', enabled=true, visible=true, showing=true]
          com.formdev.flatlaf.ui.FlatTitlePane$6(javax.swing.JButton)[name=null, text='', enabled=true, visible=false, showing=false]
          com.formdev.flatlaf.ui.FlatTitlePane$6(javax.swing.JButton)[name=null, text='', enabled=true, visible=true, showing=true]
      javax.swing.JPanel[name=null]

Queue cleared
]]></system-out>
    <system-err><![CDATA[Dec 02, 2025 7:46:21 PM org.jaudiotagger.tag.id3.ID3v23Tag readFrames
INFO: 01 - After You [feat. Calle Lehmann].mp3:Found padding starting at:31639
Dec 02, 2025 7:46:22 PM org.assertj.swing.monitor.ProtectingTimerTask handleException
WARNING: Exception thrown by a TimerTask
java.lang.reflect.InaccessibleObjectException: Unable to make field int java.util.TimerTask.state accessible: module java.base does not "opens java.util" to unnamed module @3d121db3
	at java.base/java.lang.reflect.AccessibleObject.checkCanSetAccessible(AccessibleObject.java:354)
	at java.base/java.lang.reflect.AccessibleObject.checkCanSetAccessible(AccessibleObject.java:297)
	at java.base/java.lang.reflect.Field.checkCanSetAccessible(Field.java:180)
	at java.base/java.lang.reflect.Field.setAccessible(Field.java:174)
	at org.fest.reflect.util.Accessibles$SetAccessibleAction.run(Accessibles.java:70)
	at org.fest.reflect.util.Accessibles$SetAccessibleAction.run(Accessibles.java:60)
	at java.base/java.security.AccessController.doPrivileged(AccessController.java:318)
	at org.fest.reflect.util.Accessibles.setAccessible(Accessibles.java:57)
	at org.fest.reflect.util.Accessibles.makeAccessible(Accessibles.java:46)
	at org.fest.reflect.field.Invoker.verifyCorrectType(Invoker.java:100)
	at org.fest.reflect.field.Invoker.createInvoker(Invoker.java:76)
	at org.fest.reflect.field.Invoker.newInvoker(Invoker.java:70)
	at org.fest.reflect.field.FieldType.in(FieldType.java:74)
	at org.assertj.swing.monitor.ProtectingTimerTask.isCanceled(ProtectingTimerTask.java:54)
	at org.assertj.swing.monitor.ProtectingTimerTask.run(ProtectingTimerTask.java:41)
	at java.base/java.util.TimerThread.mainLoop(Timer.java:566)
	at java.base/java.util.TimerThread.run(Timer.java:516)

]]></system-err>
  </testcase>
  <testcase name="clickingRemoveButtonCallsRemove" classname="com.gooseplayer2.Packages.MethodsTest" time="3.636">
    <system-out><![CDATA[Beads System Buffer size=5000
Beads System Buffer size=5000
Dragging: Library/01 - After You [feat. Calle Lehmann].mp3
loadSong ran
Song loaded: 01 - After You [feat. Calle Lehmann].mp3
Remove count: 1
Queue cleared
]]></system-out>
    <system-err><![CDATA[Dec 02, 2025 7:46:25 PM org.assertj.swing.monitor.ProtectingTimerTask handleException
WARNING: Exception thrown by a TimerTask
java.lang.reflect.InaccessibleObjectException: Unable to make field int java.util.TimerTask.state accessible: module java.base does not "opens java.util" to unnamed module @3d121db3
	at java.base/java.lang.reflect.AccessibleObject.checkCanSetAccessible(AccessibleObject.java:354)
	at java.base/java.lang.reflect.AccessibleObject.checkCanSetAccessible(AccessibleObject.java:297)
	at java.base/java.lang.reflect.Field.checkCanSetAccessible(Field.java:180)
	at java.base/java.lang.reflect.Field.setAccessible(Field.java:174)
	at org.fest.reflect.util.Accessibles$SetAccessibleAction.run(Accessibles.java:70)
	at org.fest.reflect.util.Accessibles$SetAccessibleAction.run(Accessibles.java:60)
	at java.base/java.security.AccessController.doPrivileged(AccessController.java:318)
	at org.fest.reflect.util.Accessibles.setAccessible(Accessibles.java:57)
	at org.fest.reflect.util.Accessibles.makeAccessible(Accessibles.java:46)
	at org.fest.reflect.field.Invoker.verifyCorrectType(Invoker.java:100)
	at org.fest.reflect.field.Invoker.createInvoker(Invoker.java:76)
	at org.fest.reflect.field.Invoker.newInvoker(Invoker.java:70)
	at org.fest.reflect.field.FieldType.in(FieldType.java:74)
	at org.assertj.swing.monitor.ProtectingTimerTask.isCanceled(ProtectingTimerTask.java:54)
	at org.assertj.swing.monitor.ProtectingTimerTask.run(ProtectingTimerTask.java:41)
	at java.base/java.util.TimerThread.mainLoop(Timer.java:566)
	at java.base/java.util.TimerThread.run(Timer.java:516)

Dec 02, 2025 7:46:26 PM org.jaudiotagger.tag.id3.ID3v23Tag readFrames
INFO: 01 - After You [feat. Calle Lehmann].mp3:Found padding starting at:31639
]]></system-err>
  </testcase>
  <testcase name="clickingShuffleButtonWhenQueueEmpty" classname="com.gooseplayer2.Packages.MethodsTest" time="3.636">
    <system-out><![CDATA[Beads System Buffer size=5000
Beads System Buffer size=5000
Dragging: Library/01 - After You [feat. Calle Lehmann].mp3
loadSong ran
Song loaded: 01 - After You [feat. Calle Lehmann].mp3
Queue cleared
Shuffle count (empty queue): 1
Queue cleared
]]></system-out>
    <system-err><![CDATA[Dec 02, 2025 7:46:29 PM org.assertj.swing.monitor.ProtectingTimerTask handleException
WARNING: Exception thrown by a TimerTask
java.lang.reflect.InaccessibleObjectException: Unable to make field int java.util.TimerTask.state accessible: module java.base does not "opens java.util" to unnamed module @3d121db3
	at java.base/java.lang.reflect.AccessibleObject.checkCanSetAccessible(AccessibleObject.java:354)
	at java.base/java.lang.reflect.AccessibleObject.checkCanSetAccessible(AccessibleObject.java:297)
	at java.base/java.lang.reflect.Field.checkCanSetAccessible(Field.java:180)
	at java.base/java.lang.reflect.Field.setAccessible(Field.java:174)
	at org.fest.reflect.util.Accessibles$SetAccessibleAction.run(Accessibles.java:70)
	at org.fest.reflect.util.Accessibles$SetAccessibleAction.run(Accessibles.java:60)
	at java.base/java.security.AccessController.doPrivileged(AccessController.java:318)
	at org.fest.reflect.util.Accessibles.setAccessible(Accessibles.java:57)
	at org.fest.reflect.util.Accessibles.makeAccessible(Accessibles.java:46)
	at org.fest.reflect.field.Invoker.verifyCorrectType(Invoker.java:100)
	at org.fest.reflect.field.Invoker.createInvoker(Invoker.java:76)
	at org.fest.reflect.field.Invoker.newInvoker(Invoker.java:70)
	at org.fest.reflect.field.FieldType.in(FieldType.java:74)
	at org.assertj.swing.monitor.ProtectingTimerTask.isCanceled(ProtectingTimerTask.java:54)
	at org.assertj.swing.monitor.ProtectingTimerTask.run(ProtectingTimerTask.java:41)
	at java.base/java.util.TimerThread.mainLoop(Timer.java:566)
	at java.base/java.util.TimerThread.run(Timer.java:516)

Dec 02, 2025 7:46:29 PM org.jaudiotagger.tag.id3.ID3v23Tag readFrames
INFO: 01 - After You [feat. Calle Lehmann].mp3:Found padding starting at:31639
]]></system-err>
  </testcase>
  <testcase name="clickingSkipButtonWhenAudioPaused" classname="com.gooseplayer2.Packages.MethodsTest" time="4.173">
    <system-out><![CDATA[Beads System Buffer size=5000
Beads System Buffer size=5000
Dragging: Library/01 - After You [feat. Calle Lehmann].mp3
loadSong ran
Song loaded: 01 - After You [feat. Calle Lehmann].mp3
Playback started
Beads Output buffer size=40000
Pause pressed
No more tracks in queue.
Skip count (audio paused): 1
Queue cleared
]]></system-out>
    <system-err><![CDATA[Dec 02, 2025 7:46:33 PM org.jaudiotagger.tag.id3.ID3v23Tag readFrames
INFO: 01 - After You [feat. Calle Lehmann].mp3:Found padding starting at:31639
Dec 02, 2025 7:46:33 PM org.assertj.swing.monitor.ProtectingTimerTask handleException
WARNING: Exception thrown by a TimerTask
java.lang.reflect.InaccessibleObjectException: Unable to make field int java.util.TimerTask.state accessible: module java.base does not "opens java.util" to unnamed module @3d121db3
	at java.base/java.lang.reflect.AccessibleObject.checkCanSetAccessible(AccessibleObject.java:354)
	at java.base/java.lang.reflect.AccessibleObject.checkCanSetAccessible(AccessibleObject.java:297)
	at java.base/java.lang.reflect.Field.checkCanSetAccessible(Field.java:180)
	at java.base/java.lang.reflect.Field.setAccessible(Field.java:174)
	at org.fest.reflect.util.Accessibles$SetAccessibleAction.run(Accessibles.java:70)
	at org.fest.reflect.util.Accessibles$SetAccessibleAction.run(Accessibles.java:60)
	at java.base/java.security.AccessController.doPrivileged(AccessController.java:318)
	at org.fest.reflect.util.Accessibles.setAccessible(Accessibles.java:57)
	at org.fest.reflect.util.Accessibles.makeAccessible(Accessibles.java:46)
	at org.fest.reflect.field.Invoker.verifyCorrectType(Invoker.java:100)
	at org.fest.reflect.field.Invoker.createInvoker(Invoker.java:76)
	at org.fest.reflect.field.Invoker.newInvoker(Invoker.java:70)
	at org.fest.reflect.field.FieldType.in(FieldType.java:74)
	at org.assertj.swing.monitor.ProtectingTimerTask.isCanceled(ProtectingTimerTask.java:54)
	at org.assertj.swing.monitor.ProtectingTimerTask.run(ProtectingTimerTask.java:41)
	at java.base/java.util.TimerThread.mainLoop(Timer.java:566)
	at java.base/java.util.TimerThread.run(Timer.java:516)

]]></system-err>
  </testcase>
  <testcase name="pauseThenSkip_StillOnlyOnePauseCall" classname="com.gooseplayer2.Packages.MethodsTest" time="4.24">
    <system-out><![CDATA[Beads System Buffer size=5000
Beads System Buffer size=5000
Dragging: Library/01 - After You [feat. Calle Lehmann].mp3
loadSong ran
Song loaded: 01 - After You [feat. Calle Lehmann].mp3
Playback started
Beads Output buffer size=40000
Pause pressed
No more tracks in queue.
Pause+Skip: Pause=1 Skip=1
Queue cleared
]]></system-out>
    <system-err><![CDATA[Dec 02, 2025 7:46:37 PM org.assertj.swing.monitor.ProtectingTimerTask handleException
WARNING: Exception thrown by a TimerTask
java.lang.reflect.InaccessibleObjectException: Unable to make field int java.util.TimerTask.state accessible: module java.base does not "opens java.util" to unnamed module @3d121db3
	at java.base/java.lang.reflect.AccessibleObject.checkCanSetAccessible(AccessibleObject.java:354)
	at java.base/java.lang.reflect.AccessibleObject.checkCanSetAccessible(AccessibleObject.java:297)
	at java.base/java.lang.reflect.Field.checkCanSetAccessible(Field.java:180)
	at java.base/java.lang.reflect.Field.setAccessible(Field.java:174)
	at org.fest.reflect.util.Accessibles$SetAccessibleAction.run(Accessibles.java:70)
	at org.fest.reflect.util.Accessibles$SetAccessibleAction.run(Accessibles.java:60)
	at java.base/java.security.AccessController.doPrivileged(AccessController.java:318)
	at org.fest.reflect.util.Accessibles.setAccessible(Accessibles.java:57)
	at org.fest.reflect.util.Accessibles.makeAccessible(Accessibles.java:46)
	at org.fest.reflect.field.Invoker.verifyCorrectType(Invoker.java:100)
	at org.fest.reflect.field.Invoker.createInvoker(Invoker.java:76)
	at org.fest.reflect.field.Invoker.newInvoker(Invoker.java:70)
	at org.fest.reflect.field.FieldType.in(FieldType.java:74)
	at org.assertj.swing.monitor.ProtectingTimerTask.isCanceled(ProtectingTimerTask.java:54)
	at org.assertj.swing.monitor.ProtectingTimerTask.run(ProtectingTimerTask.java:41)
	at java.base/java.util.TimerThread.mainLoop(Timer.java:566)
	at java.base/java.util.TimerThread.run(Timer.java:516)

Dec 02, 2025 7:46:37 PM org.jaudiotagger.tag.id3.ID3v23Tag readFrames
INFO: 01 - After You [feat. Calle Lehmann].mp3:Found padding starting at:31639
]]></system-err>
  </testcase>
  <testcase name="clickingPauseButtonCallsPauseExactlyOnce" classname="com.gooseplayer2.Packages.MethodsTest" time="3.822">
    <system-out><![CDATA[Beads System Buffer size=5000
Beads System Buffer size=5000
Dragging: Library/01 - After You [feat. Calle Lehmann].mp3
loadSong ran
Song loaded: 01 - After You [feat. Calle Lehmann].mp3
Playback started
Beads Output buffer size=40000
Pause pressed
Pause count: 1
Queue cleared
]]></system-out>
    <system-err><![CDATA[Dec 02, 2025 7:46:41 PM org.assertj.swing.monitor.ProtectingTimerTask handleException
WARNING: Exception thrown by a TimerTask
java.lang.reflect.InaccessibleObjectException: Unable to make field int java.util.TimerTask.state accessible: module java.base does not "opens java.util" to unnamed module @3d121db3
	at java.base/java.lang.reflect.AccessibleObject.checkCanSetAccessible(AccessibleObject.java:354)
	at java.base/java.lang.reflect.AccessibleObject.checkCanSetAccessible(AccessibleObject.java:297)
	at java.base/java.lang.reflect.Field.checkCanSetAccessible(Field.java:180)
	at java.base/java.lang.reflect.Field.setAccessible(Field.java:174)
	at org.fest.reflect.util.Accessibles$SetAccessibleAction.run(Accessibles.java:70)
	at org.fest.reflect.util.Accessibles$SetAccessibleAction.run(Accessibles.java:60)
	at java.base/java.security.AccessController.doPrivileged(AccessController.java:318)
	at org.fest.reflect.util.Accessibles.setAccessible(Accessibles.java:57)
	at org.fest.reflect.util.Accessibles.makeAccessible(Accessibles.java:46)
	at org.fest.reflect.field.Invoker.verifyCorrectType(Invoker.java:100)
	at org.fest.reflect.field.Invoker.createInvoker(Invoker.java:76)
	at org.fest.reflect.field.Invoker.newInvoker(Invoker.java:70)
	at org.fest.reflect.field.FieldType.in(FieldType.java:74)
	at org.assertj.swing.monitor.ProtectingTimerTask.isCanceled(ProtectingTimerTask.java:54)
	at org.assertj.swing.monitor.ProtectingTimerTask.run(ProtectingTimerTask.java:41)
	at java.base/java.util.TimerThread.mainLoop(Timer.java:566)
	at java.base/java.util.TimerThread.run(Timer.java:516)

Dec 02, 2025 7:46:42 PM org.jaudiotagger.tag.id3.ID3v23Tag readFrames
INFO: 01 - After You [feat. Calle Lehmann].mp3:Found padding starting at:31639
]]></system-err>
  </testcase>
  <testcase name="clickingShuffleButtonWhenAudioPlaying" classname="com.gooseplayer2.Packages.MethodsTest" time="3.842">
    <system-out><![CDATA[Beads System Buffer size=5000
Beads System Buffer size=5000
Dragging: Library/01 - After You [feat. Calle Lehmann].mp3
loadSong ran
Song loaded: 01 - After You [feat. Calle Lehmann].mp3
Playback started
Beads Output buffer size=40000
Shuffle count (audio playing): 1
Queue cleared
]]></system-out>
    <system-err><![CDATA[Dec 02, 2025 7:46:45 PM org.assertj.swing.monitor.ProtectingTimerTask handleException
WARNING: Exception thrown by a TimerTask
java.lang.reflect.InaccessibleObjectException: Unable to make field int java.util.TimerTask.state accessible: module java.base does not "opens java.util" to unnamed module @3d121db3
	at java.base/java.lang.reflect.AccessibleObject.checkCanSetAccessible(AccessibleObject.java:354)
	at java.base/java.lang.reflect.AccessibleObject.checkCanSetAccessible(AccessibleObject.java:297)
	at java.base/java.lang.reflect.Field.checkCanSetAccessible(Field.java:180)
	at java.base/java.lang.reflect.Field.setAccessible(Field.java:174)
	at org.fest.reflect.util.Accessibles$SetAccessibleAction.run(Accessibles.java:70)
	at org.fest.reflect.util.Accessibles$SetAccessibleAction.run(Accessibles.java:60)
	at java.base/java.security.AccessController.doPrivileged(AccessController.java:318)
	at org.fest.reflect.util.Accessibles.setAccessible(Accessibles.java:57)
	at org.fest.reflect.util.Accessibles.makeAccessible(Accessibles.java:46)
	at org.fest.reflect.field.Invoker.verifyCorrectType(Invoker.java:100)
	at org.fest.reflect.field.Invoker.createInvoker(Invoker.java:76)
	at org.fest.reflect.field.Invoker.newInvoker(Invoker.java:70)
	at org.fest.reflect.field.FieldType.in(FieldType.java:74)
	at org.assertj.swing.monitor.ProtectingTimerTask.isCanceled(ProtectingTimerTask.java:54)
	at org.assertj.swing.monitor.ProtectingTimerTask.run(ProtectingTimerTask.java:41)
	at java.base/java.util.TimerThread.mainLoop(Timer.java:566)
	at java.base/java.util.TimerThread.run(Timer.java:516)

Dec 02, 2025 7:46:45 PM org.jaudiotagger.tag.id3.ID3v23Tag readFrames
INFO: 01 - After You [feat. Calle Lehmann].mp3:Found padding starting at:31639
]]></system-err>
  </testcase>
  <testcase name="AssertPlayButtonCallsNumber_Wrong" classname="com.gooseplayer2.Packages.MethodsTest" time="4.246">
    <system-out><![CDATA[Beads System Buffer size=5000
Beads System Buffer size=5000
Dragging: Library/01 - After You [feat. Calle Lehmann].mp3
loadSong ran
Song loaded: 01 - After You [feat. Calle Lehmann].mp3
Playback started
Beads Output buffer size=40000
Pause pressed
Playback started
TEST PASSED: Expected failure (count != 3) was detected!
   Actual count: 2
   Error: Play button should call play() 3 times ==> expected: <3> but was: <2>
Queue cleared
]]></system-out>
    <system-err><![CDATA[Dec 02, 2025 7:46:49 PM org.assertj.swing.monitor.ProtectingTimerTask handleException
WARNING: Exception thrown by a TimerTask
java.lang.reflect.InaccessibleObjectException: Unable to make field int java.util.TimerTask.state accessible: module java.base does not "opens java.util" to unnamed module @3d121db3
	at java.base/java.lang.reflect.AccessibleObject.checkCanSetAccessible(AccessibleObject.java:354)
	at java.base/java.lang.reflect.AccessibleObject.checkCanSetAccessible(AccessibleObject.java:297)
	at java.base/java.lang.reflect.Field.checkCanSetAccessible(Field.java:180)
	at java.base/java.lang.reflect.Field.setAccessible(Field.java:174)
	at org.fest.reflect.util.Accessibles$SetAccessibleAction.run(Accessibles.java:70)
	at org.fest.reflect.util.Accessibles$SetAccessibleAction.run(Accessibles.java:60)
	at java.base/java.security.AccessController.doPrivileged(AccessController.java:318)
	at org.fest.reflect.util.Accessibles.setAccessible(Accessibles.java:57)
	at org.fest.reflect.util.Accessibles.makeAccessible(Accessibles.java:46)
	at org.fest.reflect.field.Invoker.verifyCorrectType(Invoker.java:100)
	at org.fest.reflect.field.Invoker.createInvoker(Invoker.java:76)
	at org.fest.reflect.field.Invoker.newInvoker(Invoker.java:70)
	at org.fest.reflect.field.FieldType.in(FieldType.java:74)
	at org.assertj.swing.monitor.ProtectingTimerTask.isCanceled(ProtectingTimerTask.java:54)
	at org.assertj.swing.monitor.ProtectingTimerTask.run(ProtectingTimerTask.java:41)
	at java.base/java.util.TimerThread.mainLoop(Timer.java:566)
	at java.base/java.util.TimerThread.run(Timer.java:516)

Dec 02, 2025 7:46:49 PM org.jaudiotagger.tag.id3.ID3v23Tag readFrames
INFO: 01 - After You [feat. Calle Lehmann].mp3:Found padding starting at:31639
]]></system-err>
  </testcase>
  <testcase name="clickingShuffleButtonMultipleTimes" classname="com.gooseplayer2.Packages.MethodsTest" time="7.6">
    <system-out><![CDATA[Beads System Buffer size=5000
Beads System Buffer size=5000
Dragging: Library/01 - After You [feat. Calle Lehmann].mp3
loadSong ran
Song loaded: 01 - After You [feat. Calle Lehmann].mp3
Queue shuffled
Queue shuffled
Shuffle count: 2
Queue cleared
]]></system-out>
    <system-err><![CDATA[Dec 02, 2025 7:46:53 PM org.assertj.swing.monitor.ProtectingTimerTask handleException
WARNING: Exception thrown by a TimerTask
java.lang.reflect.InaccessibleObjectException: Unable to make field int java.util.TimerTask.state accessible: module java.base does not "opens java.util" to unnamed module @3d121db3
	at java.base/java.lang.reflect.AccessibleObject.checkCanSetAccessible(AccessibleObject.java:354)
	at java.base/java.lang.reflect.AccessibleObject.checkCanSetAccessible(AccessibleObject.java:297)
	at java.base/java.lang.reflect.Field.checkCanSetAccessible(Field.java:180)
	at java.base/java.lang.reflect.Field.setAccessible(Field.java:174)
	at org.fest.reflect.util.Accessibles$SetAccessibleAction.run(Accessibles.java:70)
	at org.fest.reflect.util.Accessibles$SetAccessibleAction.run(Accessibles.java:60)
	at java.base/java.security.AccessController.doPrivileged(AccessController.java:318)
	at org.fest.reflect.util.Accessibles.setAccessible(Accessibles.java:57)
	at org.fest.reflect.util.Accessibles.makeAccessible(Accessibles.java:46)
	at org.fest.reflect.field.Invoker.verifyCorrectType(Invoker.java:100)
	at org.fest.reflect.field.Invoker.createInvoker(Invoker.java:76)
	at org.fest.reflect.field.Invoker.newInvoker(Invoker.java:70)
	at org.fest.reflect.field.FieldType.in(FieldType.java:74)
	at org.assertj.swing.monitor.ProtectingTimerTask.isCanceled(ProtectingTimerTask.java:54)
	at org.assertj.swing.monitor.ProtectingTimerTask.run(ProtectingTimerTask.java:41)
	at java.base/java.util.TimerThread.mainLoop(Timer.java:566)
	at java.base/java.util.TimerThread.run(Timer.java:516)

Dec 02, 2025 7:46:53 PM org.jaudiotagger.tag.id3.ID3v23Tag readFrames
INFO: 01 - After You [feat. Calle Lehmann].mp3:Found padding starting at:31639
Dec 02, 2025 7:46:57 PM org.assertj.swing.monitor.ProtectingTimerTask handleException
WARNING: Exception thrown by a TimerTask
java.lang.reflect.InaccessibleObjectException: Unable to make field int java.util.TimerTask.state accessible: module java.base does not "opens java.util" to unnamed module @3d121db3
	at java.base/java.lang.reflect.AccessibleObject.checkCanSetAccessible(AccessibleObject.java:354)
	at java.base/java.lang.reflect.AccessibleObject.checkCanSetAccessible(AccessibleObject.java:297)
	at java.base/java.lang.reflect.Field.checkCanSetAccessible(Field.java:180)
	at java.base/java.lang.reflect.Field.setAccessible(Field.java:174)
	at org.fest.reflect.util.Accessibles$SetAccessibleAction.run(Accessibles.java:70)
	at org.fest.reflect.util.Accessibles$SetAccessibleAction.run(Accessibles.java:60)
	at java.base/java.security.AccessController.doPrivileged(AccessController.java:318)
	at org.fest.reflect.util.Accessibles.setAccessible(Accessibles.java:57)
	at org.fest.reflect.util.Accessibles.makeAccessible(Accessibles.java:46)
	at org.fest.reflect.field.Invoker.verifyCorrectType(Invoker.java:100)
	at org.fest.reflect.field.Invoker.createInvoker(Invoker.java:76)
	at org.fest.reflect.field.Invoker.newInvoker(Invoker.java:70)
	at org.fest.reflect.field.FieldType.in(FieldType.java:74)
	at org.assertj.swing.monitor.ProtectingTimerTask.isCanceled(ProtectingTimerTask.java:54)
	at org.assertj.swing.monitor.ProtectingTimerTask.run(ProtectingTimerTask.java:41)
	at java.base/java.util.TimerThread.mainLoop(Timer.java:566)
	at java.base/java.util.TimerThread.run(Timer.java:516)

]]></system-err>
  </testcase>
  <testcase name="secondClickFailsToFindPlayButton_WhenAlreadyPlaying" classname="com.gooseplayer2.Packages.MethodsTest" time="3.818">
    <system-out><![CDATA[Beads System Buffer size=5000
Beads System Buffer size=5000
Dragging: Library/01 - After You [feat. Calle Lehmann].mp3
loadSong ran
Song loaded: 01 - After You [feat. Calle Lehmann].mp3
Playback started
Beads Output buffer size=40000
Now button is 'Pause' — trying to click 'Play' again...
TEST PASSED: Expected error caught!
   Error: Unable to find component using matcher org.assertj.swing.core.matcher.JButtonMatcher[name=<Any>, text='Play', requireShowing=false].

Component hierarchy:
com.gooseplayer2.MainFrame[name='frame25', title='Music Player', enabled=true, visible=true, showing=true]
  javax.swing.JRootPane[]
    javax.swing.JPanel[name='null.glassPane']
    javax.swing.JLayeredPane[]
      javax.swing.JPanel[name='null.contentPane']
        javax.swing.JToolBar[name=null]
          javax.swing.JButton[name=null, text='Settings', enabled=true, visible=true, showing=true]
          javax.swing.JButton[name=null, text='Help', enabled=true, visible=true, showing=true]
          javax.swing.JButton[name=null, text='Library', enabled=true, visible=true, showing=true]
        com.gooseplayer2.JPanels.MusicPanel[name='musicPanel']
          com.gooseplayer2.JPanels.AudioPlayerSpy[name='playerPanel_TestChannel']
            javax.swing.JLabel[name=null, text='TestChannel', enabled=true, visible=true, showing=true]
            javax.swing.JSlider[name=null, value=0, minimum=0, maximum=224, enabled=true, visible=true, showing=true]
            javax.swing.JLabel[name=null, text='0:00 / 3:44', enabled=true, visible=true, showing=true]
            javax.swing.JSlider[name=null, value=100, minimum=0, maximum=100, enabled=true, visible=true, showing=true]
            javax.swing.JLabel[name=null, text='', enabled=true, visible=true, showing=true]
            javax.swing.JButton[name=null, text='Pause', enabled=true, visible=true, showing=true]
            javax.swing.JButton[name=null, text='Skip', enabled=true, visible=true, showing=true]
            javax.swing.JButton[name=null, text='Shuffle', enabled=true, visible=true, showing=true]
            javax.swing.JButton[name=null, text='Remove', enabled=true, visible=true, showing=true]
            javax.swing.JButton[name=null, text='Clear', enabled=true, visible=true, showing=true]
            javax.swing.JPanel[name=null]
              javax.swing.JRadioButton[name=null, text='Loop Song', selected=false, enabled=true, visible=true, showing=true]
              javax.swing.JRadioButton[name=null, text='Loop Playlist', selected=false, enabled=true, visible=true, showing=true]
            javax.swing.JScrollPane[name=null, enabled=true, visible=true, showing=true]
              javax.swing.JViewport[,2,2,842x400,layout=javax.swing.ViewportLayout,alignmentX=0.0,alignmentY=0.0,border=,flags=8388616,maximumSize=,minimumSize=,preferredSize=,isViewSizeSet=true,lastPaintPosition=java.awt.Point[x=0,y=0],scrollUnderway=false]
                javax.swing.JTree[name='queueTree', selectionCount=0, selectionPaths=[], selectionMode=DISCONTIGUOUS_TREE_SELECTION, enabled=true, visible=true, showing=true
                  javax.swing.CellRendererPane[,0,0,0x0,hidden]
              javax.swing.JScrollPane$ScrollBar[name=null, value=0, blockIncrement=10, minimum=0, maximum=400, enabled=true, visible=false, showing=false]
                com.formdev.flatlaf.ui.FlatScrollBarUI$FlatScrollBarButton[name=null, text='', enabled=true, visible=true, showing=false]
                com.formdev.flatlaf.ui.FlatScrollBarUI$FlatScrollBarButton[name=null, text='', enabled=true, visible=true, showing=false]
              javax.swing.JScrollPane$ScrollBar[name=null, value=0, blockIncrement=10, minimum=0, maximum=842, enabled=true, visible=false, showing=false]
                com.formdev.flatlaf.ui.FlatScrollBarUI$FlatScrollBarButton[name=null, text='', enabled=true, visible=true, showing=false]
                com.formdev.flatlaf.ui.FlatScrollBarUI$FlatScrollBarButton[name=null, text='', enabled=true, visible=true, showing=false]
        com.gooseplayer2.JPanels.FilePanel[name=null]
          javax.swing.JLabel[name=null, text='Directory Tree', enabled=true, visible=true, showing=true]
          javax.swing.JScrollPane[name=null, enabled=true, visible=true, showing=true]
            javax.swing.JViewport[,2,2,333x713,layout=javax.swing.ViewportLayout,alignmentX=0.0,alignmentY=0.0,border=,flags=8388616,maximumSize=,minimumSize=,preferredSize=,isViewSizeSet=true,lastPaintPosition=java.awt.Point[x=0,y=0],scrollUnderway=false]
              javax.swing.JTree[name='libraryTree', selectionCount=1, selectionPaths=["[Library, 01 - After You [feat. Calle Lehmann].mp3]"], selectionMode=DISCONTIGUOUS_TREE_SELECTION, enabled=true, visible=true, showing=true
                javax.swing.CellRendererPane[,0,0,0x0,hidden]
            javax.swing.JScrollPane$ScrollBar[name=null, value=0, blockIncrement=10, minimum=0, maximum=713, enabled=true, visible=false, showing=false]
              com.formdev.flatlaf.ui.FlatScrollBarUI$FlatScrollBarButton[name=null, text='', enabled=true, visible=true, showing=false]
              com.formdev.flatlaf.ui.FlatScrollBarUI$FlatScrollBarButton[name=null, text='', enabled=true, visible=true, showing=false]
            javax.swing.JScrollPane$ScrollBar[name=null, value=0, blockIncrement=10, minimum=0, maximum=333, enabled=true, visible=false, showing=false]
              com.formdev.flatlaf.ui.FlatScrollBarUI$FlatScrollBarButton[name=null, text='', enabled=true, visible=true, showing=false]
              com.formdev.flatlaf.ui.FlatScrollBarUI$FlatScrollBarButton[name=null, text='', enabled=true, visible=true, showing=false]
      com.formdev.flatlaf.ui.FlatTitlePane[,0,0,1184x30,layout=com.formdev.flatlaf.ui.FlatTitlePane$3,alignmentX=0.0,alignmentY=0.0,border=com.formdev.flatlaf.ui.FlatTitlePane$FlatTitlePaneBorder@7006baa1,flags=0,maximumSize=,minimumSize=,preferredSize=]
        javax.swing.JPanel[name=null]
          javax.swing.JLabel[name=null, text='', enabled=true, visible=true, showing=true]
          com.formdev.flatlaf.ui.FlatTitlePane$2[,32,0,0x30,alignmentX=0.0,alignmentY=0.0,border=,flags=0,maximumSize=,minimumSize=,preferredSize=]
        com.formdev.flatlaf.ui.FlatTitlePane$1(javax.swing.JLabel)[name=null, text='Music Player', enabled=true, visible=true, showing=true]
        com.formdev.flatlaf.ui.FlatTitlePane$4(javax.swing.JPanel)[name=null]
          com.formdev.flatlaf.ui.FlatTitlePane$6(javax.swing.JButton)[name=null, text='', enabled=true, visible=true, showing=true]
          com.formdev.flatlaf.ui.FlatTitlePane$6(javax.swing.JButton)[name=null, text='', enabled=true, visible=true, showing=true]
          com.formdev.flatlaf.ui.FlatTitlePane$6(javax.swing.JButton)[name=null, text='', enabled=true, visible=false, showing=false]
          com.formdev.flatlaf.ui.FlatTitlePane$6(javax.swing.JButton)[name=null, text='', enabled=true, visible=true, showing=true]
      javax.swing.JPanel[name=null]

   Actual play count: 1
Queue cleared
]]></system-out>
    <system-err><![CDATA[Dec 02, 2025 7:47:01 PM org.assertj.swing.monitor.ProtectingTimerTask handleException
WARNING: Exception thrown by a TimerTask
java.lang.reflect.InaccessibleObjectException: Unable to make field int java.util.TimerTask.state accessible: module java.base does not "opens java.util" to unnamed module @3d121db3
	at java.base/java.lang.reflect.AccessibleObject.checkCanSetAccessible(AccessibleObject.java:354)
	at java.base/java.lang.reflect.AccessibleObject.checkCanSetAccessible(AccessibleObject.java:297)
	at java.base/java.lang.reflect.Field.checkCanSetAccessible(Field.java:180)
	at java.base/java.lang.reflect.Field.setAccessible(Field.java:174)
	at org.fest.reflect.util.Accessibles$SetAccessibleAction.run(Accessibles.java:70)
	at org.fest.reflect.util.Accessibles$SetAccessibleAction.run(Accessibles.java:60)
	at java.base/java.security.AccessController.doPrivileged(AccessController.java:318)
	at org.fest.reflect.util.Accessibles.setAccessible(Accessibles.java:57)
	at org.fest.reflect.util.Accessibles.makeAccessible(Accessibles.java:46)
	at org.fest.reflect.field.Invoker.verifyCorrectType(Invoker.java:100)
	at org.fest.reflect.field.Invoker.createInvoker(Invoker.java:76)
	at org.fest.reflect.field.Invoker.newInvoker(Invoker.java:70)
	at org.fest.reflect.field.FieldType.in(FieldType.java:74)
	at org.assertj.swing.monitor.ProtectingTimerTask.isCanceled(ProtectingTimerTask.java:54)
	at org.assertj.swing.monitor.ProtectingTimerTask.run(ProtectingTimerTask.java:41)
	at java.base/java.util.TimerThread.mainLoop(Timer.java:566)
	at java.base/java.util.TimerThread.run(Timer.java:516)

Dec 02, 2025 7:47:01 PM org.jaudiotagger.tag.id3.ID3v23Tag readFrames
INFO: 01 - After You [feat. Calle Lehmann].mp3:Found padding starting at:31639
]]></system-err>
  </testcase>
  <testcase name="clickingClearButtonWhenQueueEmpty" classname="com.gooseplayer2.Packages.MethodsTest" time="3.642">
    <system-out><![CDATA[Beads System Buffer size=5000
Beads System Buffer size=5000
Dragging: Library/01 - After You [feat. Calle Lehmann].mp3
loadSong ran
Song loaded: 01 - After You [feat. Calle Lehmann].mp3
Queue cleared
Queue cleared
Queue cleared
]]></system-out>
    <system-err><![CDATA[Dec 02, 2025 7:47:05 PM org.jaudiotagger.tag.id3.ID3v23Tag readFrames
INFO: 01 - After You [feat. Calle Lehmann].mp3:Found padding starting at:31639
]]></system-err>
  </testcase>
  <testcase name="clickingShuffleButtonCallsShuffle" classname="com.gooseplayer2.Packages.MethodsTest" time="3.567">
    <system-out><![CDATA[Beads System Buffer size=5000
Beads System Buffer size=5000
Dragging: Library/01 - After You [feat. Calle Lehmann].mp3
loadSong ran
Song loaded: 01 - After You [feat. Calle Lehmann].mp3
Shuffle count: 1
Queue cleared
]]></system-out>
    <system-err><![CDATA[Dec 02, 2025 7:47:09 PM org.jaudiotagger.tag.id3.ID3v23Tag readFrames
INFO: 01 - After You [feat. Calle Lehmann].mp3:Found padding starting at:31639
Dec 02, 2025 7:47:09 PM org.assertj.swing.monitor.ProtectingTimerTask handleException
WARNING: Exception thrown by a TimerTask
java.lang.reflect.InaccessibleObjectException: Unable to make field int java.util.TimerTask.state accessible: module java.base does not "opens java.util" to unnamed module @3d121db3
	at java.base/java.lang.reflect.AccessibleObject.checkCanSetAccessible(AccessibleObject.java:354)
	at java.base/java.lang.reflect.AccessibleObject.checkCanSetAccessible(AccessibleObject.java:297)
	at java.base/java.lang.reflect.Field.checkCanSetAccessible(Field.java:180)
	at java.base/java.lang.reflect.Field.setAccessible(Field.java:174)
	at org.fest.reflect.util.Accessibles$SetAccessibleAction.run(Accessibles.java:70)
	at org.fest.reflect.util.Accessibles$SetAccessibleAction.run(Accessibles.java:60)
	at java.base/java.security.AccessController.doPrivileged(AccessController.java:318)
	at org.fest.reflect.util.Accessibles.setAccessible(Accessibles.java:57)
	at org.fest.reflect.util.Accessibles.makeAccessible(Accessibles.java:46)
	at org.fest.reflect.field.Invoker.verifyCorrectType(Invoker.java:100)
	at org.fest.reflect.field.Invoker.createInvoker(Invoker.java:76)
	at org.fest.reflect.field.Invoker.newInvoker(Invoker.java:70)
	at org.fest.reflect.field.FieldType.in(FieldType.java:74)
	at org.assertj.swing.monitor.ProtectingTimerTask.isCanceled(ProtectingTimerTask.java:54)
	at org.assertj.swing.monitor.ProtectingTimerTask.run(ProtectingTimerTask.java:41)
	at java.base/java.util.TimerThread.mainLoop(Timer.java:566)
	at java.base/java.util.TimerThread.run(Timer.java:516)

]]></system-err>
  </testcase>
</testsuite>