<?xml version="1.0" encoding="UTF-8"?>
<testsuite xmlns:xsi="http://www.w3.org/2001/XMLSchema-instance" xsi:noNamespaceSchemaLocation="https://maven.apache.org/surefire/maven-surefire-plugin/xsd/surefire-test-report-3.0.xsd" version="3.0" name="com.gooseplayer2.Packages.MethodsTest" time="185.34" tests="28" errors="0" skipped="0" failures="0">
  <properties>
[...]
</properties>
  <testcase name="removeNonPlayingSong_RemovesSuccessfully" classname="com.gooseplayer2.Packages.MethodsTest" time="14.686">
    <system-out><![CDATA[Beads System Buffer size=5000
Beads System Buffer size=5000
Dragging: Library/Eve - Avant (Instrumental).flac
loadSong ran
Sample loaded C:\Users\Jawsh\Desktop\GoosePlayer_V2\gooseplayer2\src\Library\Eve - Avant (Instrumental).flac
Song loaded: Eve - Avant (Instrumental).flac
Playback started
Beads Output buffer size=40000
updateTime() called. Current position: 1 seconds.
updateTime() called. Current position: 2 seconds.
updateTime() called. Current position: 3 seconds.
updateTime() called. Current position: 4 seconds.
updateTime() called. Current position: 5 seconds.
Sample loaded C:\Users\Jawsh\Desktop\GoosePlayer_V2\gooseplayer2\src\Library\Eve - Kaikai Kitan (Instrumental).flac
Next song preloaded: Eve - Kaikai Kitan (Instrumental).flac
updateTime() called. Current position: 6 seconds.
updateTime() called. Current position: 7 seconds.
updateTime() called. Current position: 8 seconds.
PASSED: Non-playing song removed successfully
   Queue now has 1 song(s)
Queue cleared
]]></system-out>
    <system-err><![CDATA[Nov 24, 2025 1:02:44 AM org.jaudiotagger.audio.flac.FlacInfoReader read
INFO: C:\Users\Jawsh\Desktop\GoosePlayer_V2\gooseplayer2\src\Library\Eve - Avant (Instrumental).flac StartByte:4 BlockType:STREAMINFO DataLength:34 isLastBlock:false
Nov 24, 2025 1:02:44 AM org.jaudiotagger.audio.flac.FlacInfoReader read
INFO: C:\Users\Jawsh\Desktop\GoosePlayer_V2\gooseplayer2\src\Library\Eve - Avant (Instrumental).flac StartByte:42 BlockType:VORBIS_COMMENT DataLength:40 isLastBlock:true
]]></system-err>
  </testcase>
  <testcase name="clickingClearButtonWhenAudioPaused" classname="com.gooseplayer2.Packages.MethodsTest" time="7.992">
    <system-out><![CDATA[Beads System Buffer size=5000
Beads System Buffer size=5000
Dragging: Library/Eve - Avant (Instrumental).flac
loadSong ran
Song loaded: Eve - Avant (Instrumental).flac
Playback started
Beads Output buffer size=40000
updateTime() called. Current position: 1 seconds.
Pause pressed
Queue cleared
Clear count (audio paused): 1
Queue cleared
]]></system-out>
    <system-err><![CDATA[Nov 24, 2025 1:02:56 AM org.jaudiotagger.audio.flac.FlacInfoReader read
INFO: C:\Users\Jawsh\Desktop\GoosePlayer_V2\gooseplayer2\src\Library\Eve - Avant (Instrumental).flac StartByte:4 BlockType:STREAMINFO DataLength:34 isLastBlock:false
Nov 24, 2025 1:02:56 AM org.jaudiotagger.audio.flac.FlacInfoReader read
INFO: C:\Users\Jawsh\Desktop\GoosePlayer_V2\gooseplayer2\src\Library\Eve - Avant (Instrumental).flac StartByte:42 BlockType:VORBIS_COMMENT DataLength:40 isLastBlock:true
]]></system-err>
  </testcase>
  <testcase name="clickingShuffleButtonWhenAudioPaused" classname="com.gooseplayer2.Packages.MethodsTest" time="7.818">
    <system-out><![CDATA[Beads System Buffer size=5000
Beads System Buffer size=5000
Dragging: Library/Eve - Avant (Instrumental).flac
loadSong ran
Song loaded: Eve - Avant (Instrumental).flac
Playback started
Beads Output buffer size=40000
updateTime() called. Current position: 1 seconds.
Pause pressed
Shuffle count (audio paused): 1
Queue cleared
]]></system-out>
    <system-err><![CDATA[Nov 24, 2025 1:03:03 AM org.assertj.swing.monitor.ProtectingTimerTask handleException
WARNING: Exception thrown by a TimerTask
java.lang.reflect.InaccessibleObjectException: Unable to make field int java.util.TimerTask.state accessible: module java.base does not "opens java.util" to unnamed module @7fc229ab
	at java.base/java.lang.reflect.AccessibleObject.checkCanSetAccessible(AccessibleObject.java:354)
	at java.base/java.lang.reflect.AccessibleObject.checkCanSetAccessible(AccessibleObject.java:297)
	at java.base/java.lang.reflect.Field.checkCanSetAccessible(Field.java:178)
	at java.base/java.lang.reflect.Field.setAccessible(Field.java:172)
	at org.fest.reflect.util.Accessibles$SetAccessibleAction.run(Accessibles.java:70)
	at org.fest.reflect.util.Accessibles$SetAccessibleAction.run(Accessibles.java:60)
	at java.base/java.security.AccessController.doPrivileged(AccessController.java:318)
	at org.fest.reflect.util.Accessibles.setAccessible(Accessibles.java:57)
	at org.fest.reflect.util.Accessibles.makeAccessible(Accessibles.java:46)
	at org.fest.reflect.field.Invoker.verifyCorrectType(Invoker.java:100)
	at org.fest.reflect.field.Invoker.createInvoker(Invoker.java:76)
	at org.fest.reflect.field.Invoker.newInvoker(Invoker.java:70)
	at org.fest.reflect.field.FieldType.in(FieldType.java:74)
	at org.assertj.swing.monitor.ProtectingTimerTask.isCanceled(ProtectingTimerTask.java:54)
	at org.assertj.swing.monitor.ProtectingTimerTask.run(ProtectingTimerTask.java:41)
	at java.base/java.util.TimerThread.mainLoop(Timer.java:566)
	at java.base/java.util.TimerThread.run(Timer.java:516)

Nov 24, 2025 1:03:04 AM org.jaudiotagger.audio.flac.FlacInfoReader read
INFO: C:\Users\Jawsh\Desktop\GoosePlayer_V2\gooseplayer2\src\Library\Eve - Avant (Instrumental).flac StartByte:4 BlockType:STREAMINFO DataLength:34 isLastBlock:false
Nov 24, 2025 1:03:04 AM org.jaudiotagger.audio.flac.FlacInfoReader read
INFO: C:\Users\Jawsh\Desktop\GoosePlayer_V2\gooseplayer2\src\Library\Eve - Avant (Instrumental).flac StartByte:42 BlockType:VORBIS_COMMENT DataLength:40 isLastBlock:true
]]></system-err>
  </testcase>
  <testcase name="clickingSkipButtonWhenQueueEmpty" classname="com.gooseplayer2.Packages.MethodsTest" time="3.91">
    <system-out><![CDATA[Beads System Buffer size=5000
Beads System Buffer size=5000
Dragging: Library/Eve - Avant (Instrumental).flac
loadSong ran
Song loaded: Eve - Avant (Instrumental).flac
Queue cleared
Skip count (empty queue): 1
Queue cleared
]]></system-out>
    <system-err><![CDATA[Nov 24, 2025 1:03:11 AM org.assertj.swing.monitor.ProtectingTimerTask handleException
WARNING: Exception thrown by a TimerTask
java.lang.reflect.InaccessibleObjectException: Unable to make field int java.util.TimerTask.state accessible: module java.base does not "opens java.util" to unnamed module @7fc229ab
	at java.base/java.lang.reflect.AccessibleObject.checkCanSetAccessible(AccessibleObject.java:354)
	at java.base/java.lang.reflect.AccessibleObject.checkCanSetAccessible(AccessibleObject.java:297)
	at java.base/java.lang.reflect.Field.checkCanSetAccessible(Field.java:178)
	at java.base/java.lang.reflect.Field.setAccessible(Field.java:172)
	at org.fest.reflect.util.Accessibles$SetAccessibleAction.run(Accessibles.java:70)
	at org.fest.reflect.util.Accessibles$SetAccessibleAction.run(Accessibles.java:60)
	at java.base/java.security.AccessController.doPrivileged(AccessController.java:318)
	at org.fest.reflect.util.Accessibles.setAccessible(Accessibles.java:57)
	at org.fest.reflect.util.Accessibles.makeAccessible(Accessibles.java:46)
	at org.fest.reflect.field.Invoker.verifyCorrectType(Invoker.java:100)
	at org.fest.reflect.field.Invoker.createInvoker(Invoker.java:76)
	at org.fest.reflect.field.Invoker.newInvoker(Invoker.java:70)
	at org.fest.reflect.field.FieldType.in(FieldType.java:74)
	at org.assertj.swing.monitor.ProtectingTimerTask.isCanceled(ProtectingTimerTask.java:54)
	at org.assertj.swing.monitor.ProtectingTimerTask.run(ProtectingTimerTask.java:41)
	at java.base/java.util.TimerThread.mainLoop(Timer.java:566)
	at java.base/java.util.TimerThread.run(Timer.java:516)

Nov 24, 2025 1:03:12 AM org.jaudiotagger.audio.flac.FlacInfoReader read
INFO: C:\Users\Jawsh\Desktop\GoosePlayer_V2\gooseplayer2\src\Library\Eve - Avant (Instrumental).flac StartByte:4 BlockType:STREAMINFO DataLength:34 isLastBlock:false
Nov 24, 2025 1:03:12 AM org.jaudiotagger.audio.flac.FlacInfoReader read
INFO: C:\Users\Jawsh\Desktop\GoosePlayer_V2\gooseplayer2\src\Library\Eve - Avant (Instrumental).flac StartByte:42 BlockType:VORBIS_COMMENT DataLength:40 isLastBlock:true
]]></system-err>
  </testcase>
  <testcase name="playPausePlay_Counts" classname="com.gooseplayer2.Packages.MethodsTest" time="5.364">
    <system-out><![CDATA[Beads System Buffer size=5000
Beads System Buffer size=5000
Dragging: Library/Eve - Avant (Instrumental).flac
loadSong ran
Song loaded: Eve - Avant (Instrumental).flac
Playback started
Beads Output buffer size=40000
Pause pressed
Playback started
Play count: 2
Pause count: 1
Queue cleared
]]></system-out>
    <system-err><![CDATA[Nov 24, 2025 1:03:15 AM org.jaudiotagger.audio.flac.FlacInfoReader read
INFO: C:\Users\Jawsh\Desktop\GoosePlayer_V2\gooseplayer2\src\Library\Eve - Avant (Instrumental).flac StartByte:4 BlockType:STREAMINFO DataLength:34 isLastBlock:false
Nov 24, 2025 1:03:15 AM org.jaudiotagger.audio.flac.FlacInfoReader read
INFO: C:\Users\Jawsh\Desktop\GoosePlayer_V2\gooseplayer2\src\Library\Eve - Avant (Instrumental).flac StartByte:42 BlockType:VORBIS_COMMENT DataLength:40 isLastBlock:true
]]></system-err>
  </testcase>
  <testcase name="clickingStopButtonCallsPause" classname="com.gooseplayer2.Packages.MethodsTest" time="7.019">
    <system-out><![CDATA[Beads System Buffer size=5000
Beads System Buffer size=5000
Dragging: Library/Eve - Avant (Instrumental).flac
loadSong ran
Song loaded: Eve - Avant (Instrumental).flac
Playback started
Beads Output buffer size=40000
updateTime() called. Current position: 1 seconds.
updateTime() called. Current position: 2 seconds.
updateTime() called. Current position: 3 seconds.
Pause pressed
Pause count: 1
Queue cleared
]]></system-out>
    <system-err><![CDATA[Nov 24, 2025 1:03:19 AM org.assertj.swing.monitor.ProtectingTimerTask handleException
WARNING: Exception thrown by a TimerTask
java.lang.reflect.InaccessibleObjectException: Unable to make field int java.util.TimerTask.state accessible: module java.base does not "opens java.util" to unnamed module @7fc229ab
	at java.base/java.lang.reflect.AccessibleObject.checkCanSetAccessible(AccessibleObject.java:354)
	at java.base/java.lang.reflect.AccessibleObject.checkCanSetAccessible(AccessibleObject.java:297)
	at java.base/java.lang.reflect.Field.checkCanSetAccessible(Field.java:178)
	at java.base/java.lang.reflect.Field.setAccessible(Field.java:172)
	at org.fest.reflect.util.Accessibles$SetAccessibleAction.run(Accessibles.java:70)
	at org.fest.reflect.util.Accessibles$SetAccessibleAction.run(Accessibles.java:60)
	at java.base/java.security.AccessController.doPrivileged(AccessController.java:318)
	at org.fest.reflect.util.Accessibles.setAccessible(Accessibles.java:57)
	at org.fest.reflect.util.Accessibles.makeAccessible(Accessibles.java:46)
	at org.fest.reflect.field.Invoker.verifyCorrectType(Invoker.java:100)
	at org.fest.reflect.field.Invoker.createInvoker(Invoker.java:76)
	at org.fest.reflect.field.Invoker.newInvoker(Invoker.java:70)
	at org.fest.reflect.field.FieldType.in(FieldType.java:74)
	at org.assertj.swing.monitor.ProtectingTimerTask.isCanceled(ProtectingTimerTask.java:54)
	at org.assertj.swing.monitor.ProtectingTimerTask.run(ProtectingTimerTask.java:41)
	at java.base/java.util.TimerThread.mainLoop(Timer.java:566)
	at java.base/java.util.TimerThread.run(Timer.java:516)

Nov 24, 2025 1:03:21 AM org.jaudiotagger.audio.flac.FlacInfoReader read
INFO: C:\Users\Jawsh\Desktop\GoosePlayer_V2\gooseplayer2\src\Library\Eve - Avant (Instrumental).flac StartByte:4 BlockType:STREAMINFO DataLength:34 isLastBlock:false
Nov 24, 2025 1:03:21 AM org.jaudiotagger.audio.flac.FlacInfoReader read
INFO: C:\Users\Jawsh\Desktop\GoosePlayer_V2\gooseplayer2\src\Library\Eve - Avant (Instrumental).flac StartByte:42 BlockType:VORBIS_COMMENT DataLength:40 isLastBlock:true
Nov 24, 2025 1:03:23 AM org.assertj.swing.monitor.ProtectingTimerTask handleException
WARNING: Exception thrown by a TimerTask
java.lang.reflect.InaccessibleObjectException: Unable to make field int java.util.TimerTask.state accessible: module java.base does not "opens java.util" to unnamed module @7fc229ab
	at java.base/java.lang.reflect.AccessibleObject.checkCanSetAccessible(AccessibleObject.java:354)
	at java.base/java.lang.reflect.AccessibleObject.checkCanSetAccessible(AccessibleObject.java:297)
	at java.base/java.lang.reflect.Field.checkCanSetAccessible(Field.java:178)
	at java.base/java.lang.reflect.Field.setAccessible(Field.java:172)
	at org.fest.reflect.util.Accessibles$SetAccessibleAction.run(Accessibles.java:70)
	at org.fest.reflect.util.Accessibles$SetAccessibleAction.run(Accessibles.java:60)
	at java.base/java.security.AccessController.doPrivileged(AccessController.java:318)
	at org.fest.reflect.util.Accessibles.setAccessible(Accessibles.java:57)
	at org.fest.reflect.util.Accessibles.makeAccessible(Accessibles.java:46)
	at org.fest.reflect.field.Invoker.verifyCorrectType(Invoker.java:100)
	at org.fest.reflect.field.Invoker.createInvoker(Invoker.java:76)
	at org.fest.reflect.field.Invoker.newInvoker(Invoker.java:70)
	at org.fest.reflect.field.FieldType.in(FieldType.java:74)
	at org.assertj.swing.monitor.ProtectingTimerTask.isCanceled(ProtectingTimerTask.java:54)
	at org.assertj.swing.monitor.ProtectingTimerTask.run(ProtectingTimerTask.java:41)
	at java.base/java.util.TimerThread.mainLoop(Timer.java:566)
	at java.base/java.util.TimerThread.run(Timer.java:516)

]]></system-err>
  </testcase>
  <testcase name="clickingSkipButtonCallsSkip" classname="com.gooseplayer2.Packages.MethodsTest" time="3.899">
    <system-out><![CDATA[Beads System Buffer size=5000
Beads System Buffer size=5000
Dragging: Library/Eve - Avant (Instrumental).flac
loadSong ran
Song loaded: Eve - Avant (Instrumental).flac
No more tracks in queue.
Skip count: 1
Queue cleared
]]></system-out>
    <system-err><![CDATA[Nov 24, 2025 1:03:28 AM org.jaudiotagger.audio.flac.FlacInfoReader read
INFO: C:\Users\Jawsh\Desktop\GoosePlayer_V2\gooseplayer2\src\Library\Eve - Avant (Instrumental).flac StartByte:4 BlockType:STREAMINFO DataLength:34 isLastBlock:false
Nov 24, 2025 1:03:28 AM org.jaudiotagger.audio.flac.FlacInfoReader read
INFO: C:\Users\Jawsh\Desktop\GoosePlayer_V2\gooseplayer2\src\Library\Eve - Avant (Instrumental).flac StartByte:42 BlockType:VORBIS_COMMENT DataLength:40 isLastBlock:true
Nov 24, 2025 1:03:28 AM org.assertj.swing.monitor.ProtectingTimerTask handleException
WARNING: Exception thrown by a TimerTask
java.lang.reflect.InaccessibleObjectException: Unable to make field int java.util.TimerTask.state accessible: module java.base does not "opens java.util" to unnamed module @7fc229ab
	at java.base/java.lang.reflect.AccessibleObject.checkCanSetAccessible(AccessibleObject.java:354)
	at java.base/java.lang.reflect.AccessibleObject.checkCanSetAccessible(AccessibleObject.java:297)
	at java.base/java.lang.reflect.Field.checkCanSetAccessible(Field.java:178)
	at java.base/java.lang.reflect.Field.setAccessible(Field.java:172)
	at org.fest.reflect.util.Accessibles$SetAccessibleAction.run(Accessibles.java:70)
	at org.fest.reflect.util.Accessibles$SetAccessibleAction.run(Accessibles.java:60)
	at java.base/java.security.AccessController.doPrivileged(AccessController.java:318)
	at org.fest.reflect.util.Accessibles.setAccessible(Accessibles.java:57)
	at org.fest.reflect.util.Accessibles.makeAccessible(Accessibles.java:46)
	at org.fest.reflect.field.Invoker.verifyCorrectType(Invoker.java:100)
	at org.fest.reflect.field.Invoker.createInvoker(Invoker.java:76)
	at org.fest.reflect.field.Invoker.newInvoker(Invoker.java:70)
	at org.fest.reflect.field.FieldType.in(FieldType.java:74)
	at org.assertj.swing.monitor.ProtectingTimerTask.isCanceled(ProtectingTimerTask.java:54)
	at org.assertj.swing.monitor.ProtectingTimerTask.run(ProtectingTimerTask.java:41)
	at java.base/java.util.TimerThread.mainLoop(Timer.java:566)
	at java.base/java.util.TimerThread.run(Timer.java:516)

]]></system-err>
  </testcase>
  <testcase name="clickingClearButtonWhenAudioPlaying" classname="com.gooseplayer2.Packages.MethodsTest" time="6.92">
    <system-out><![CDATA[Beads System Buffer size=5000
Beads System Buffer size=5000
Dragging: Library/Eve - Avant (Instrumental).flac
loadSong ran
Song loaded: Eve - Avant (Instrumental).flac
Playback started
Beads Output buffer size=40000
updateTime() called. Current position: 1 seconds.
Queue cleared
Clear count (audio playing): 1
Queue cleared
]]></system-out>
    <system-err><![CDATA[Nov 24, 2025 1:03:32 AM org.jaudiotagger.audio.flac.FlacInfoReader read
INFO: C:\Users\Jawsh\Desktop\GoosePlayer_V2\gooseplayer2\src\Library\Eve - Avant (Instrumental).flac StartByte:4 BlockType:STREAMINFO DataLength:34 isLastBlock:false
Nov 24, 2025 1:03:32 AM org.jaudiotagger.audio.flac.FlacInfoReader read
INFO: C:\Users\Jawsh\Desktop\GoosePlayer_V2\gooseplayer2\src\Library\Eve - Avant (Instrumental).flac StartByte:42 BlockType:VORBIS_COMMENT DataLength:40 isLastBlock:true
Nov 24, 2025 1:03:35 AM org.assertj.swing.monitor.ProtectingTimerTask handleException
WARNING: Exception thrown by a TimerTask
java.lang.reflect.InaccessibleObjectException: Unable to make field int java.util.TimerTask.state accessible: module java.base does not "opens java.util" to unnamed module @7fc229ab
	at java.base/java.lang.reflect.AccessibleObject.checkCanSetAccessible(AccessibleObject.java:354)
	at java.base/java.lang.reflect.AccessibleObject.checkCanSetAccessible(AccessibleObject.java:297)
	at java.base/java.lang.reflect.Field.checkCanSetAccessible(Field.java:178)
	at java.base/java.lang.reflect.Field.setAccessible(Field.java:172)
	at org.fest.reflect.util.Accessibles$SetAccessibleAction.run(Accessibles.java:70)
	at org.fest.reflect.util.Accessibles$SetAccessibleAction.run(Accessibles.java:60)
	at java.base/java.security.AccessController.doPrivileged(AccessController.java:318)
	at org.fest.reflect.util.Accessibles.setAccessible(Accessibles.java:57)
	at org.fest.reflect.util.Accessibles.makeAccessible(Accessibles.java:46)
	at org.fest.reflect.field.Invoker.verifyCorrectType(Invoker.java:100)
	at org.fest.reflect.field.Invoker.createInvoker(Invoker.java:76)
	at org.fest.reflect.field.Invoker.newInvoker(Invoker.java:70)
	at org.fest.reflect.field.FieldType.in(FieldType.java:74)
	at org.assertj.swing.monitor.ProtectingTimerTask.isCanceled(ProtectingTimerTask.java:54)
	at org.assertj.swing.monitor.ProtectingTimerTask.run(ProtectingTimerTask.java:41)
	at java.base/java.util.TimerThread.mainLoop(Timer.java:566)
	at java.base/java.util.TimerThread.run(Timer.java:516)

]]></system-err>
  </testcase>
  <testcase name="removeCurrentlyPlayingSong_CallsMethodButSkipsLogic" classname="com.gooseplayer2.Packages.MethodsTest" time="8.357">
    <system-out><![CDATA[Beads System Buffer size=5000
Beads System Buffer size=5000
Dragging: Library/Eve - Avant (Instrumental).flac
loadSong ran
Song loaded: Eve - Avant (Instrumental).flac
Playback started
Beads Output buffer size=40000
updateTime() called. Current position: 1 seconds.
updateTime() called. Current position: 2 seconds.
updateTime() called. Current position: 3 seconds.
Skipping removal of the first node in the queue.
updateTime() called. Current position: 4 seconds.
PASSED: Method called, but removal blocked
Queue cleared
]]></system-out>
    <system-err><![CDATA[Nov 24, 2025 1:03:39 AM org.jaudiotagger.audio.flac.FlacInfoReader read
INFO: C:\Users\Jawsh\Desktop\GoosePlayer_V2\gooseplayer2\src\Library\Eve - Avant (Instrumental).flac StartByte:4 BlockType:STREAMINFO DataLength:34 isLastBlock:false
Nov 24, 2025 1:03:39 AM org.jaudiotagger.audio.flac.FlacInfoReader read
INFO: C:\Users\Jawsh\Desktop\GoosePlayer_V2\gooseplayer2\src\Library\Eve - Avant (Instrumental).flac StartByte:42 BlockType:VORBIS_COMMENT DataLength:40 isLastBlock:true
Nov 24, 2025 1:03:39 AM org.assertj.swing.monitor.ProtectingTimerTask handleException
WARNING: Exception thrown by a TimerTask
java.lang.reflect.InaccessibleObjectException: Unable to make field int java.util.TimerTask.state accessible: module java.base does not "opens java.util" to unnamed module @7fc229ab
	at java.base/java.lang.reflect.AccessibleObject.checkCanSetAccessible(AccessibleObject.java:354)
	at java.base/java.lang.reflect.AccessibleObject.checkCanSetAccessible(AccessibleObject.java:297)
	at java.base/java.lang.reflect.Field.checkCanSetAccessible(Field.java:178)
	at java.base/java.lang.reflect.Field.setAccessible(Field.java:172)
	at org.fest.reflect.util.Accessibles$SetAccessibleAction.run(Accessibles.java:70)
	at org.fest.reflect.util.Accessibles$SetAccessibleAction.run(Accessibles.java:60)
	at java.base/java.security.AccessController.doPrivileged(AccessController.java:318)
	at org.fest.reflect.util.Accessibles.setAccessible(Accessibles.java:57)
	at org.fest.reflect.util.Accessibles.makeAccessible(Accessibles.java:46)
	at org.fest.reflect.field.Invoker.verifyCorrectType(Invoker.java:100)
	at org.fest.reflect.field.Invoker.createInvoker(Invoker.java:76)
	at org.fest.reflect.field.Invoker.newInvoker(Invoker.java:70)
	at org.fest.reflect.field.FieldType.in(FieldType.java:74)
	at org.assertj.swing.monitor.ProtectingTimerTask.isCanceled(ProtectingTimerTask.java:54)
	at org.assertj.swing.monitor.ProtectingTimerTask.run(ProtectingTimerTask.java:41)
	at java.base/java.util.TimerThread.mainLoop(Timer.java:566)
	at java.base/java.util.TimerThread.run(Timer.java:516)

]]></system-err>
  </testcase>
  <testcase name="clickingClearButtonMultipleTimes" classname="com.gooseplayer2.Packages.MethodsTest" time="7.113">
    <system-out><![CDATA[Beads System Buffer size=5000
Beads System Buffer size=5000
Dragging: Library/Eve - Avant (Instrumental).flac
loadSong ran
Song loaded: Eve - Avant (Instrumental).flac
Queue cleared
Queue cleared
Clear count: 2
Queue cleared
]]></system-out>
    <system-err><![CDATA[Nov 24, 2025 1:03:46 AM org.assertj.swing.monitor.ProtectingTimerTask handleException
WARNING: Exception thrown by a TimerTask
java.lang.reflect.InaccessibleObjectException: Unable to make field int java.util.TimerTask.state accessible: module java.base does not "opens java.util" to unnamed module @7fc229ab
	at java.base/java.lang.reflect.AccessibleObject.checkCanSetAccessible(AccessibleObject.java:354)
	at java.base/java.lang.reflect.AccessibleObject.checkCanSetAccessible(AccessibleObject.java:297)
	at java.base/java.lang.reflect.Field.checkCanSetAccessible(Field.java:178)
	at java.base/java.lang.reflect.Field.setAccessible(Field.java:172)
	at org.fest.reflect.util.Accessibles$SetAccessibleAction.run(Accessibles.java:70)
	at org.fest.reflect.util.Accessibles$SetAccessibleAction.run(Accessibles.java:60)
	at java.base/java.security.AccessController.doPrivileged(AccessController.java:318)
	at org.fest.reflect.util.Accessibles.setAccessible(Accessibles.java:57)
	at org.fest.reflect.util.Accessibles.makeAccessible(Accessibles.java:46)
	at org.fest.reflect.field.Invoker.verifyCorrectType(Invoker.java:100)
	at org.fest.reflect.field.Invoker.createInvoker(Invoker.java:76)
	at org.fest.reflect.field.Invoker.newInvoker(Invoker.java:70)
	at org.fest.reflect.field.FieldType.in(FieldType.java:74)
	at org.assertj.swing.monitor.ProtectingTimerTask.isCanceled(ProtectingTimerTask.java:54)
	at org.assertj.swing.monitor.ProtectingTimerTask.run(ProtectingTimerTask.java:41)
	at java.base/java.util.TimerThread.mainLoop(Timer.java:566)
	at java.base/java.util.TimerThread.run(Timer.java:516)

Nov 24, 2025 1:03:47 AM org.jaudiotagger.audio.flac.FlacInfoReader read
INFO: C:\Users\Jawsh\Desktop\GoosePlayer_V2\gooseplayer2\src\Library\Eve - Avant (Instrumental).flac StartByte:4 BlockType:STREAMINFO DataLength:34 isLastBlock:false
Nov 24, 2025 1:03:47 AM org.jaudiotagger.audio.flac.FlacInfoReader read
INFO: C:\Users\Jawsh\Desktop\GoosePlayer_V2\gooseplayer2\src\Library\Eve - Avant (Instrumental).flac StartByte:42 BlockType:VORBIS_COMMENT DataLength:40 isLastBlock:true
]]></system-err>
  </testcase>
  <testcase name="clickingSkipButtonMultipleTimes" classname="com.gooseplayer2.Packages.MethodsTest" time="5.419">
    <system-out><![CDATA[Beads System Buffer size=5000
Beads System Buffer size=5000
Dragging: Library/Eve - Avant (Instrumental).flac
loadSong ran
Song loaded: Eve - Avant (Instrumental).flac
No more tracks in queue.
Skip count: 3
Queue cleared
]]></system-out>
    <system-err><![CDATA[Nov 24, 2025 1:03:54 AM org.jaudiotagger.audio.flac.FlacInfoReader read
INFO: C:\Users\Jawsh\Desktop\GoosePlayer_V2\gooseplayer2\src\Library\Eve - Avant (Instrumental).flac StartByte:4 BlockType:STREAMINFO DataLength:34 isLastBlock:false
Nov 24, 2025 1:03:54 AM org.jaudiotagger.audio.flac.FlacInfoReader read
INFO: C:\Users\Jawsh\Desktop\GoosePlayer_V2\gooseplayer2\src\Library\Eve - Avant (Instrumental).flac StartByte:42 BlockType:VORBIS_COMMENT DataLength:40 isLastBlock:true
Nov 24, 2025 1:03:55 AM org.assertj.swing.monitor.ProtectingTimerTask handleException
WARNING: Exception thrown by a TimerTask
java.lang.reflect.InaccessibleObjectException: Unable to make field int java.util.TimerTask.state accessible: module java.base does not "opens java.util" to unnamed module @7fc229ab
	at java.base/java.lang.reflect.AccessibleObject.checkCanSetAccessible(AccessibleObject.java:354)
	at java.base/java.lang.reflect.AccessibleObject.checkCanSetAccessible(AccessibleObject.java:297)
	at java.base/java.lang.reflect.Field.checkCanSetAccessible(Field.java:178)
	at java.base/java.lang.reflect.Field.setAccessible(Field.java:172)
	at org.fest.reflect.util.Accessibles$SetAccessibleAction.run(Accessibles.java:70)
	at org.fest.reflect.util.Accessibles$SetAccessibleAction.run(Accessibles.java:60)
	at java.base/java.security.AccessController.doPrivileged(AccessController.java:318)
	at org.fest.reflect.util.Accessibles.setAccessible(Accessibles.java:57)
	at org.fest.reflect.util.Accessibles.makeAccessible(Accessibles.java:46)
	at org.fest.reflect.field.Invoker.verifyCorrectType(Invoker.java:100)
	at org.fest.reflect.field.Invoker.createInvoker(Invoker.java:76)
	at org.fest.reflect.field.Invoker.newInvoker(Invoker.java:70)
	at org.fest.reflect.field.FieldType.in(FieldType.java:74)
	at org.assertj.swing.monitor.ProtectingTimerTask.isCanceled(ProtectingTimerTask.java:54)
	at org.assertj.swing.monitor.ProtectingTimerTask.run(ProtectingTimerTask.java:41)
	at java.base/java.util.TimerThread.mainLoop(Timer.java:566)
	at java.base/java.util.TimerThread.run(Timer.java:516)

]]></system-err>
  </testcase>
  <testcase name="clickingRemoveButtonMultipleTimes" classname="com.gooseplayer2.Packages.MethodsTest" time="4.828">
    <system-out><![CDATA[Beads System Buffer size=5000
Beads System Buffer size=5000
Dragging: Library/Eve - Avant (Instrumental).flac
loadSong ran
Song loaded: Eve - Avant (Instrumental).flac
Remove count: 2
Queue cleared
]]></system-out>
    <system-err><![CDATA[Nov 24, 2025 1:04:00 AM org.jaudiotagger.audio.flac.FlacInfoReader read
INFO: C:\Users\Jawsh\Desktop\GoosePlayer_V2\gooseplayer2\src\Library\Eve - Avant (Instrumental).flac StartByte:4 BlockType:STREAMINFO DataLength:34 isLastBlock:false
Nov 24, 2025 1:04:00 AM org.jaudiotagger.audio.flac.FlacInfoReader read
INFO: C:\Users\Jawsh\Desktop\GoosePlayer_V2\gooseplayer2\src\Library\Eve - Avant (Instrumental).flac StartByte:42 BlockType:VORBIS_COMMENT DataLength:40 isLastBlock:true
Nov 24, 2025 1:04:02 AM org.assertj.swing.monitor.ProtectingTimerTask handleException
WARNING: Exception thrown by a TimerTask
java.lang.reflect.InaccessibleObjectException: Unable to make field int java.util.TimerTask.state accessible: module java.base does not "opens java.util" to unnamed module @7fc229ab
	at java.base/java.lang.reflect.AccessibleObject.checkCanSetAccessible(AccessibleObject.java:354)
	at java.base/java.lang.reflect.AccessibleObject.checkCanSetAccessible(AccessibleObject.java:297)
	at java.base/java.lang.reflect.Field.checkCanSetAccessible(Field.java:178)
	at java.base/java.lang.reflect.Field.setAccessible(Field.java:172)
	at org.fest.reflect.util.Accessibles$SetAccessibleAction.run(Accessibles.java:70)
	at org.fest.reflect.util.Accessibles$SetAccessibleAction.run(Accessibles.java:60)
	at java.base/java.security.AccessController.doPrivileged(AccessController.java:318)
	at org.fest.reflect.util.Accessibles.setAccessible(Accessibles.java:57)
	at org.fest.reflect.util.Accessibles.makeAccessible(Accessibles.java:46)
	at org.fest.reflect.field.Invoker.verifyCorrectType(Invoker.java:100)
	at org.fest.reflect.field.Invoker.createInvoker(Invoker.java:76)
	at org.fest.reflect.field.Invoker.newInvoker(Invoker.java:70)
	at org.fest.reflect.field.FieldType.in(FieldType.java:74)
	at org.assertj.swing.monitor.ProtectingTimerTask.isCanceled(ProtectingTimerTask.java:54)
	at org.assertj.swing.monitor.ProtectingTimerTask.run(ProtectingTimerTask.java:41)
	at java.base/java.util.TimerThread.mainLoop(Timer.java:566)
	at java.base/java.util.TimerThread.run(Timer.java:516)

]]></system-err>
  </testcase>
  <testcase name="clickingShuffleButtonWhenQueueHasOneSong" classname="com.gooseplayer2.Packages.MethodsTest" time="10.549">
    <system-out><![CDATA[Beads System Buffer size=5000
Beads System Buffer size=5000
Dragging: Library/Eve - Avant (Instrumental).flac
loadSong ran
Song loaded: Eve - Avant (Instrumental).flac
Queue cleared
loadSong ran
Song loaded: Eve - Kaikai Kitan (Instrumental).flac
Shuffle count (one song): 1
Queue cleared
]]></system-out>
    <system-err><![CDATA[Nov 24, 2025 1:04:04 AM org.jaudiotagger.audio.flac.FlacInfoReader read
INFO: C:\Users\Jawsh\Desktop\GoosePlayer_V2\gooseplayer2\src\Library\Eve - Avant (Instrumental).flac StartByte:4 BlockType:STREAMINFO DataLength:34 isLastBlock:false
Nov 24, 2025 1:04:04 AM org.jaudiotagger.audio.flac.FlacInfoReader read
INFO: C:\Users\Jawsh\Desktop\GoosePlayer_V2\gooseplayer2\src\Library\Eve - Avant (Instrumental).flac StartByte:42 BlockType:VORBIS_COMMENT DataLength:40 isLastBlock:true
Nov 24, 2025 1:04:07 AM org.assertj.swing.monitor.ProtectingTimerTask handleException
WARNING: Exception thrown by a TimerTask
java.lang.reflect.InaccessibleObjectException: Unable to make field int java.util.TimerTask.state accessible: module java.base does not "opens java.util" to unnamed module @7fc229ab
	at java.base/java.lang.reflect.AccessibleObject.checkCanSetAccessible(AccessibleObject.java:354)
	at java.base/java.lang.reflect.AccessibleObject.checkCanSetAccessible(AccessibleObject.java:297)
	at java.base/java.lang.reflect.Field.checkCanSetAccessible(Field.java:178)
	at java.base/java.lang.reflect.Field.setAccessible(Field.java:172)
	at org.fest.reflect.util.Accessibles$SetAccessibleAction.run(Accessibles.java:70)
	at org.fest.reflect.util.Accessibles$SetAccessibleAction.run(Accessibles.java:60)
	at java.base/java.security.AccessController.doPrivileged(AccessController.java:318)
	at org.fest.reflect.util.Accessibles.setAccessible(Accessibles.java:57)
	at org.fest.reflect.util.Accessibles.makeAccessible(Accessibles.java:46)
	at org.fest.reflect.field.Invoker.verifyCorrectType(Invoker.java:100)
	at org.fest.reflect.field.Invoker.createInvoker(Invoker.java:76)
	at org.fest.reflect.field.Invoker.newInvoker(Invoker.java:70)
	at org.fest.reflect.field.FieldType.in(FieldType.java:74)
	at org.assertj.swing.monitor.ProtectingTimerTask.isCanceled(ProtectingTimerTask.java:54)
	at org.assertj.swing.monitor.ProtectingTimerTask.run(ProtectingTimerTask.java:41)
	at java.base/java.util.TimerThread.mainLoop(Timer.java:566)
	at java.base/java.util.TimerThread.run(Timer.java:516)

Nov 24, 2025 1:04:09 AM org.jaudiotagger.audio.flac.FlacInfoReader read
INFO: C:\Users\Jawsh\Desktop\GoosePlayer_V2\gooseplayer2\src\Library\Eve - Kaikai Kitan (Instrumental).flac StartByte:4 BlockType:STREAMINFO DataLength:34 isLastBlock:false
Nov 24, 2025 1:04:09 AM org.jaudiotagger.audio.flac.FlacInfoReader read
INFO: C:\Users\Jawsh\Desktop\GoosePlayer_V2\gooseplayer2\src\Library\Eve - Kaikai Kitan (Instrumental).flac StartByte:42 BlockType:VORBIS_COMMENT DataLength:46 isLastBlock:false
Nov 24, 2025 1:04:09 AM org.jaudiotagger.audio.flac.FlacInfoReader read
INFO: C:\Users\Jawsh\Desktop\GoosePlayer_V2\gooseplayer2\src\Library\Eve - Kaikai Kitan (Instrumental).flac StartByte:92 BlockType:PADDING DataLength:8192 isLastBlock:true
Nov 24, 2025 1:04:12 AM org.assertj.swing.monitor.ProtectingTimerTask handleException
WARNING: Exception thrown by a TimerTask
java.lang.reflect.InaccessibleObjectException: Unable to make field int java.util.TimerTask.state accessible: module java.base does not "opens java.util" to unnamed module @7fc229ab
	at java.base/java.lang.reflect.AccessibleObject.checkCanSetAccessible(AccessibleObject.java:354)
	at java.base/java.lang.reflect.AccessibleObject.checkCanSetAccessible(AccessibleObject.java:297)
	at java.base/java.lang.reflect.Field.checkCanSetAccessible(Field.java:178)
	at java.base/java.lang.reflect.Field.setAccessible(Field.java:172)
	at org.fest.reflect.util.Accessibles$SetAccessibleAction.run(Accessibles.java:70)
	at org.fest.reflect.util.Accessibles$SetAccessibleAction.run(Accessibles.java:60)
	at java.base/java.security.AccessController.doPrivileged(AccessController.java:318)
	at org.fest.reflect.util.Accessibles.setAccessible(Accessibles.java:57)
	at org.fest.reflect.util.Accessibles.makeAccessible(Accessibles.java:46)
	at org.fest.reflect.field.Invoker.verifyCorrectType(Invoker.java:100)
	at org.fest.reflect.field.Invoker.createInvoker(Invoker.java:76)
	at org.fest.reflect.field.Invoker.newInvoker(Invoker.java:70)
	at org.fest.reflect.field.FieldType.in(FieldType.java:74)
	at org.assertj.swing.monitor.ProtectingTimerTask.isCanceled(ProtectingTimerTask.java:54)
	at org.assertj.swing.monitor.ProtectingTimerTask.run(ProtectingTimerTask.java:41)
	at java.base/java.util.TimerThread.mainLoop(Timer.java:566)
	at java.base/java.util.TimerThread.run(Timer.java:516)

]]></system-err>
  </testcase>
  <testcase name="clickingRemoveButtonWhenQueueEmpty" classname="com.gooseplayer2.Packages.MethodsTest" time="6.111">
    <system-out><![CDATA[Beads System Buffer size=5000
Beads System Buffer size=5000
Dragging: Library/Eve - Avant (Instrumental).flac
loadSong ran
Song loaded: Eve - Avant (Instrumental).flac
Queue cleared
Remove count (empty queue): 1
Queue cleared
]]></system-out>
    <system-err><![CDATA[Nov 24, 2025 1:04:15 AM org.jaudiotagger.audio.flac.FlacInfoReader read
INFO: C:\Users\Jawsh\Desktop\GoosePlayer_V2\gooseplayer2\src\Library\Eve - Avant (Instrumental).flac StartByte:4 BlockType:STREAMINFO DataLength:34 isLastBlock:false
Nov 24, 2025 1:04:15 AM org.jaudiotagger.audio.flac.FlacInfoReader read
INFO: C:\Users\Jawsh\Desktop\GoosePlayer_V2\gooseplayer2\src\Library\Eve - Avant (Instrumental).flac StartByte:42 BlockType:VORBIS_COMMENT DataLength:40 isLastBlock:true
]]></system-err>
  </testcase>
  <testcase name="clickingClearButtonCallsClear" classname="com.gooseplayer2.Packages.MethodsTest" time="6.079">
    <system-out><![CDATA[Beads System Buffer size=5000
Beads System Buffer size=5000
Dragging: Library/Eve - Avant (Instrumental).flac
loadSong ran
Song loaded: Eve - Avant (Instrumental).flac
Queue cleared
Clear count: 1
Queue cleared
]]></system-out>
    <system-err><![CDATA[Nov 24, 2025 1:04:21 AM org.jaudiotagger.audio.flac.FlacInfoReader read
INFO: C:\Users\Jawsh\Desktop\GoosePlayer_V2\gooseplayer2\src\Library\Eve - Avant (Instrumental).flac StartByte:4 BlockType:STREAMINFO DataLength:34 isLastBlock:false
Nov 24, 2025 1:04:21 AM org.jaudiotagger.audio.flac.FlacInfoReader read
INFO: C:\Users\Jawsh\Desktop\GoosePlayer_V2\gooseplayer2\src\Library\Eve - Avant (Instrumental).flac StartByte:42 BlockType:VORBIS_COMMENT DataLength:40 isLastBlock:true
Nov 24, 2025 1:04:23 AM org.assertj.swing.monitor.ProtectingTimerTask handleException
WARNING: Exception thrown by a TimerTask
java.lang.reflect.InaccessibleObjectException: Unable to make field int java.util.TimerTask.state accessible: module java.base does not "opens java.util" to unnamed module @7fc229ab
	at java.base/java.lang.reflect.AccessibleObject.checkCanSetAccessible(AccessibleObject.java:354)
	at java.base/java.lang.reflect.AccessibleObject.checkCanSetAccessible(AccessibleObject.java:297)
	at java.base/java.lang.reflect.Field.checkCanSetAccessible(Field.java:178)
	at java.base/java.lang.reflect.Field.setAccessible(Field.java:172)
	at org.fest.reflect.util.Accessibles$SetAccessibleAction.run(Accessibles.java:70)
	at org.fest.reflect.util.Accessibles$SetAccessibleAction.run(Accessibles.java:60)
	at java.base/java.security.AccessController.doPrivileged(AccessController.java:318)
	at org.fest.reflect.util.Accessibles.setAccessible(Accessibles.java:57)
	at org.fest.reflect.util.Accessibles.makeAccessible(Accessibles.java:46)
	at org.fest.reflect.field.Invoker.verifyCorrectType(Invoker.java:100)
	at org.fest.reflect.field.Invoker.createInvoker(Invoker.java:76)
	at org.fest.reflect.field.Invoker.newInvoker(Invoker.java:70)
	at org.fest.reflect.field.FieldType.in(FieldType.java:74)
	at org.assertj.swing.monitor.ProtectingTimerTask.isCanceled(ProtectingTimerTask.java:54)
	at org.assertj.swing.monitor.ProtectingTimerTask.run(ProtectingTimerTask.java:41)
	at java.base/java.util.TimerThread.mainLoop(Timer.java:566)
	at java.base/java.util.TimerThread.run(Timer.java:516)

]]></system-err>
  </testcase>
  <testcase name="clickingPlayButtonCallsPlaySuccess" classname="com.gooseplayer2.Packages.MethodsTest" time="3.885">
    <system-out><![CDATA[Beads System Buffer size=5000
Beads System Buffer size=5000
Dragging: Library/Eve - Avant (Instrumental).flac
loadSong ran
Song loaded: Eve - Avant (Instrumental).flac
Playback started
Beads Output buffer size=40000
Play count: 1
Queue cleared
]]></system-out>
    <system-err><![CDATA[Nov 24, 2025 1:04:27 AM org.jaudiotagger.audio.flac.FlacInfoReader read
INFO: C:\Users\Jawsh\Desktop\GoosePlayer_V2\gooseplayer2\src\Library\Eve - Avant (Instrumental).flac StartByte:4 BlockType:STREAMINFO DataLength:34 isLastBlock:false
Nov 24, 2025 1:04:27 AM org.jaudiotagger.audio.flac.FlacInfoReader read
INFO: C:\Users\Jawsh\Desktop\GoosePlayer_V2\gooseplayer2\src\Library\Eve - Avant (Instrumental).flac StartByte:42 BlockType:VORBIS_COMMENT DataLength:40 isLastBlock:true
]]></system-err>
  </testcase>
  <testcase name="pauseButtonDisappearsAfterClicking" classname="com.gooseplayer2.Packages.MethodsTest" time="5.057">
    <system-out><![CDATA[Beads System Buffer size=5000
Beads System Buffer size=5000
Dragging: Library/Eve - Avant (Instrumental).flac
loadSong ran
Song loaded: Eve - Avant (Instrumental).flac
Playback started
Beads Output buffer size=40000
updateTime() called. Current position: 1 seconds.
Pause pressed
PASSED: Pause button correctly disappeared
   Error: Unable to find component using matcher org.assertj.swing.core.matcher.JButtonMatcher[name=<Any>, text='Pause', requireShowing=false].

Component hierarchy:
com.gooseplayer2.MainFrame[name='frame16', title='Music Player', enabled=true, visible=true, showing=true]
  javax.swing.JRootPane[]
    javax.swing.JPanel[name='null.glassPane']
    javax.swing.JLayeredPane[]
      javax.swing.JPanel[name='null.contentPane']
        javax.swing.JToolBar[name=null]
          javax.swing.JButton[name=null, text='Settings', enabled=true, visible=true, showing=true]
          javax.swing.JButton[name=null, text='Help', enabled=true, visible=true, showing=true]
          javax.swing.JButton[name=null, text='Library', enabled=true, visible=true, showing=true]
        com.gooseplayer2.JPanels.MusicPanel[name='musicPanel']
          com.gooseplayer2.JPanels.AudioPlayerSpy[name=null]
            javax.swing.JLabel[name=null, text='TestChannel', enabled=true, visible=true, showing=true]
            javax.swing.JSlider[name=null, value=1, minimum=0, maximum=206, enabled=true, visible=true, showing=true]
            javax.swing.JLabel[name=null, text='0:01 / 3:26', enabled=true, visible=true, showing=true]
            javax.swing.JSlider[name=null, value=100, minimum=0, maximum=100, enabled=true, visible=true, showing=true]
            javax.swing.JLabel[name=null, text='', enabled=true, visible=true, showing=true]
            javax.swing.JButton[name=null, text='Play', enabled=true, visible=true, showing=true]
            javax.swing.JButton[name=null, text='Skip', enabled=true, visible=true, showing=true]
            javax.swing.JButton[name=null, text='Shuffle', enabled=true, visible=true, showing=true]
            javax.swing.JButton[name=null, text='Remove', enabled=true, visible=true, showing=true]
            javax.swing.JButton[name=null, text='Clear', enabled=true, visible=true, showing=true]
            javax.swing.JPanel[name=null]
              javax.swing.JRadioButton[name=null, text='Loop Song', selected=false, enabled=true, visible=true, showing=true]
              javax.swing.JRadioButton[name=null, text='Loop Playlist', selected=false, enabled=true, visible=true, showing=true]
            javax.swing.JScrollPane[name=null, enabled=true, visible=true, showing=true]
              javax.swing.JViewport[,3,3,781x400,layout=javax.swing.ViewportLayout,alignmentX=0.0,alignmentY=0.0,border=,flags=8388616,maximumSize=,minimumSize=,preferredSize=,isViewSizeSet=true,lastPaintPosition=java.awt.Point[x=0,y=0],scrollUnderway=false]
                javax.swing.JTree[name='queueTree', selectionCount=0, selectionPaths=[], selectionMode=DISCONTIGUOUS_TREE_SELECTION, enabled=true, visible=true, showing=true
                  javax.swing.CellRendererPane[,0,0,0x0,hidden]
              javax.swing.JScrollPane$ScrollBar[name=null, value=0, blockIncrement=10, minimum=0, maximum=400, enabled=true, visible=false, showing=false]
                com.formdev.flatlaf.ui.FlatScrollBarUI$FlatScrollBarButton[name=null, text='', enabled=true, visible=true, showing=false]
                com.formdev.flatlaf.ui.FlatScrollBarUI$FlatScrollBarButton[name=null, text='', enabled=true, visible=true, showing=false]
              javax.swing.JScrollPane$ScrollBar[name=null, value=0, blockIncrement=10, minimum=0, maximum=781, enabled=true, visible=false, showing=false]
                com.formdev.flatlaf.ui.FlatScrollBarUI$FlatScrollBarButton[name=null, text='', enabled=true, visible=true, showing=false]
                com.formdev.flatlaf.ui.FlatScrollBarUI$FlatScrollBarButton[name=null, text='', enabled=true, visible=true, showing=false]
        com.gooseplayer2.JPanels.FilePanel[name=null]
          javax.swing.JLabel[name=null, text='Directory Tree', enabled=true, visible=true, showing=true]
          javax.swing.JScrollPane[name=null, enabled=true, visible=true, showing=true]
            javax.swing.JViewport[,3,3,394x713,layout=javax.swing.ViewportLayout,alignmentX=0.0,alignmentY=0.0,border=,flags=8388616,maximumSize=,minimumSize=,preferredSize=,isViewSizeSet=true,lastPaintPosition=java.awt.Point[x=0,y=0],scrollUnderway=false]
              javax.swing.JTree[name='libraryTree', selectionCount=1, selectionPaths=["[Library, Eve - Avant (Instrumental).flac]"], selectionMode=DISCONTIGUOUS_TREE_SELECTION, enabled=true, visible=true, showing=true
                javax.swing.CellRendererPane[,0,0,0x0,hidden]
            javax.swing.JScrollPane$ScrollBar[name=null, value=0, blockIncrement=10, minimum=0, maximum=713, enabled=true, visible=false, showing=false]
              com.formdev.flatlaf.ui.FlatScrollBarUI$FlatScrollBarButton[name=null, text='', enabled=true, visible=true, showing=false]
              com.formdev.flatlaf.ui.FlatScrollBarUI$FlatScrollBarButton[name=null, text='', enabled=true, visible=true, showing=false]
            javax.swing.JScrollPane$ScrollBar[name=null, value=0, blockIncrement=10, minimum=0, maximum=394, enabled=true, visible=false, showing=false]
              com.formdev.flatlaf.ui.FlatScrollBarUI$FlatScrollBarButton[name=null, text='', enabled=true, visible=true, showing=false]
              com.formdev.flatlaf.ui.FlatScrollBarUI$FlatScrollBarButton[name=null, text='', enabled=true, visible=true, showing=false]
      com.formdev.flatlaf.ui.FlatTitlePane[,0,0,1188x31,layout=com.formdev.flatlaf.ui.FlatTitlePane$3,alignmentX=0.0,alignmentY=0.0,border=com.formdev.flatlaf.ui.FlatTitlePane$FlatTitlePaneBorder@3d875fee,flags=0,maximumSize=,minimumSize=,preferredSize=]
        javax.swing.JPanel[name=null]
          javax.swing.JLabel[name=null, text='', enabled=true, visible=true, showing=true]
          com.formdev.flatlaf.ui.FlatTitlePane$2[,32,0,0x30,alignmentX=0.0,alignmentY=0.0,border=,flags=0,maximumSize=,minimumSize=,preferredSize=]
        com.formdev.flatlaf.ui.FlatTitlePane$1(javax.swing.JLabel)[name=null, text='Music Player', enabled=true, visible=true, showing=true]
        com.formdev.flatlaf.ui.FlatTitlePane$4(javax.swing.JPanel)[name=null]
          com.formdev.flatlaf.ui.FlatTitlePane$6(javax.swing.JButton)[name=null, text='', enabled=true, visible=true, showing=true]
          com.formdev.flatlaf.ui.FlatTitlePane$6(javax.swing.JButton)[name=null, text='', enabled=true, visible=true, showing=true]
          com.formdev.flatlaf.ui.FlatTitlePane$6(javax.swing.JButton)[name=null, text='', enabled=true, visible=false, showing=false]
          com.formdev.flatlaf.ui.FlatTitlePane$6(javax.swing.JButton)[name=null, text='', enabled=true, visible=true, showing=true]
      javax.swing.JPanel[name=null]

Queue cleared
]]></system-out>
    <system-err><![CDATA[Nov 24, 2025 1:04:29 AM org.assertj.swing.monitor.ProtectingTimerTask handleException
WARNING: Exception thrown by a TimerTask
java.lang.reflect.InaccessibleObjectException: Unable to make field int java.util.TimerTask.state accessible: module java.base does not "opens java.util" to unnamed module @7fc229ab
	at java.base/java.lang.reflect.AccessibleObject.checkCanSetAccessible(AccessibleObject.java:354)
	at java.base/java.lang.reflect.AccessibleObject.checkCanSetAccessible(AccessibleObject.java:297)
	at java.base/java.lang.reflect.Field.checkCanSetAccessible(Field.java:178)
	at java.base/java.lang.reflect.Field.setAccessible(Field.java:172)
	at org.fest.reflect.util.Accessibles$SetAccessibleAction.run(Accessibles.java:70)
	at org.fest.reflect.util.Accessibles$SetAccessibleAction.run(Accessibles.java:60)
	at java.base/java.security.AccessController.doPrivileged(AccessController.java:318)
	at org.fest.reflect.util.Accessibles.setAccessible(Accessibles.java:57)
	at org.fest.reflect.util.Accessibles.makeAccessible(Accessibles.java:46)
	at org.fest.reflect.field.Invoker.verifyCorrectType(Invoker.java:100)
	at org.fest.reflect.field.Invoker.createInvoker(Invoker.java:76)
	at org.fest.reflect.field.Invoker.newInvoker(Invoker.java:70)
	at org.fest.reflect.field.FieldType.in(FieldType.java:74)
	at org.assertj.swing.monitor.ProtectingTimerTask.isCanceled(ProtectingTimerTask.java:54)
	at org.assertj.swing.monitor.ProtectingTimerTask.run(ProtectingTimerTask.java:41)
	at java.base/java.util.TimerThread.mainLoop(Timer.java:566)
	at java.base/java.util.TimerThread.run(Timer.java:516)

Nov 24, 2025 1:04:31 AM org.jaudiotagger.audio.flac.FlacInfoReader read
INFO: C:\Users\Jawsh\Desktop\GoosePlayer_V2\gooseplayer2\src\Library\Eve - Avant (Instrumental).flac StartByte:4 BlockType:STREAMINFO DataLength:34 isLastBlock:false
Nov 24, 2025 1:04:31 AM org.jaudiotagger.audio.flac.FlacInfoReader read
INFO: C:\Users\Jawsh\Desktop\GoosePlayer_V2\gooseplayer2\src\Library\Eve - Avant (Instrumental).flac StartByte:42 BlockType:VORBIS_COMMENT DataLength:40 isLastBlock:true
]]></system-err>
  </testcase>
  <testcase name="clickingRemoveButtonCallsRemove" classname="com.gooseplayer2.Packages.MethodsTest" time="4.122">
    <system-out><![CDATA[Beads System Buffer size=5000
Beads System Buffer size=5000
Dragging: Library/Eve - Avant (Instrumental).flac
loadSong ran
Song loaded: Eve - Avant (Instrumental).flac
Remove count: 1
Queue cleared
]]></system-out>
    <system-err><![CDATA[Nov 24, 2025 1:04:35 AM org.assertj.swing.monitor.ProtectingTimerTask handleException
WARNING: Exception thrown by a TimerTask
java.lang.reflect.InaccessibleObjectException: Unable to make field int java.util.TimerTask.state accessible: module java.base does not "opens java.util" to unnamed module @7fc229ab
	at java.base/java.lang.reflect.AccessibleObject.checkCanSetAccessible(AccessibleObject.java:354)
	at java.base/java.lang.reflect.AccessibleObject.checkCanSetAccessible(AccessibleObject.java:297)
	at java.base/java.lang.reflect.Field.checkCanSetAccessible(Field.java:178)
	at java.base/java.lang.reflect.Field.setAccessible(Field.java:172)
	at org.fest.reflect.util.Accessibles$SetAccessibleAction.run(Accessibles.java:70)
	at org.fest.reflect.util.Accessibles$SetAccessibleAction.run(Accessibles.java:60)
	at java.base/java.security.AccessController.doPrivileged(AccessController.java:318)
	at org.fest.reflect.util.Accessibles.setAccessible(Accessibles.java:57)
	at org.fest.reflect.util.Accessibles.makeAccessible(Accessibles.java:46)
	at org.fest.reflect.field.Invoker.verifyCorrectType(Invoker.java:100)
	at org.fest.reflect.field.Invoker.createInvoker(Invoker.java:76)
	at org.fest.reflect.field.Invoker.newInvoker(Invoker.java:70)
	at org.fest.reflect.field.FieldType.in(FieldType.java:74)
	at org.assertj.swing.monitor.ProtectingTimerTask.isCanceled(ProtectingTimerTask.java:54)
	at org.assertj.swing.monitor.ProtectingTimerTask.run(ProtectingTimerTask.java:41)
	at java.base/java.util.TimerThread.mainLoop(Timer.java:566)
	at java.base/java.util.TimerThread.run(Timer.java:516)

Nov 24, 2025 1:04:36 AM org.jaudiotagger.audio.flac.FlacInfoReader read
INFO: C:\Users\Jawsh\Desktop\GoosePlayer_V2\gooseplayer2\src\Library\Eve - Avant (Instrumental).flac StartByte:4 BlockType:STREAMINFO DataLength:34 isLastBlock:false
Nov 24, 2025 1:04:36 AM org.jaudiotagger.audio.flac.FlacInfoReader read
INFO: C:\Users\Jawsh\Desktop\GoosePlayer_V2\gooseplayer2\src\Library\Eve - Avant (Instrumental).flac StartByte:42 BlockType:VORBIS_COMMENT DataLength:40 isLastBlock:true
]]></system-err>
  </testcase>
  <testcase name="clickingShuffleButtonWhenQueueEmpty" classname="com.gooseplayer2.Packages.MethodsTest" time="6.929">
    <system-out><![CDATA[Beads System Buffer size=5000
Beads System Buffer size=5000
Dragging: Library/Eve - Avant (Instrumental).flac
loadSong ran
Song loaded: Eve - Avant (Instrumental).flac
Queue cleared
Shuffle count (empty queue): 1
Queue cleared
]]></system-out>
    <system-err><![CDATA[Nov 24, 2025 1:04:39 AM org.assertj.swing.monitor.ProtectingTimerTask handleException
WARNING: Exception thrown by a TimerTask
java.lang.reflect.InaccessibleObjectException: Unable to make field int java.util.TimerTask.state accessible: module java.base does not "opens java.util" to unnamed module @7fc229ab
	at java.base/java.lang.reflect.AccessibleObject.checkCanSetAccessible(AccessibleObject.java:354)
	at java.base/java.lang.reflect.AccessibleObject.checkCanSetAccessible(AccessibleObject.java:297)
	at java.base/java.lang.reflect.Field.checkCanSetAccessible(Field.java:178)
	at java.base/java.lang.reflect.Field.setAccessible(Field.java:172)
	at org.fest.reflect.util.Accessibles$SetAccessibleAction.run(Accessibles.java:70)
	at org.fest.reflect.util.Accessibles$SetAccessibleAction.run(Accessibles.java:60)
	at java.base/java.security.AccessController.doPrivileged(AccessController.java:318)
	at org.fest.reflect.util.Accessibles.setAccessible(Accessibles.java:57)
	at org.fest.reflect.util.Accessibles.makeAccessible(Accessibles.java:46)
	at org.fest.reflect.field.Invoker.verifyCorrectType(Invoker.java:100)
	at org.fest.reflect.field.Invoker.createInvoker(Invoker.java:76)
	at org.fest.reflect.field.Invoker.newInvoker(Invoker.java:70)
	at org.fest.reflect.field.FieldType.in(FieldType.java:74)
	at org.assertj.swing.monitor.ProtectingTimerTask.isCanceled(ProtectingTimerTask.java:54)
	at org.assertj.swing.monitor.ProtectingTimerTask.run(ProtectingTimerTask.java:41)
	at java.base/java.util.TimerThread.mainLoop(Timer.java:566)
	at java.base/java.util.TimerThread.run(Timer.java:516)

Nov 24, 2025 1:04:40 AM org.jaudiotagger.audio.flac.FlacInfoReader read
INFO: C:\Users\Jawsh\Desktop\GoosePlayer_V2\gooseplayer2\src\Library\Eve - Avant (Instrumental).flac StartByte:4 BlockType:STREAMINFO DataLength:34 isLastBlock:false
Nov 24, 2025 1:04:40 AM org.jaudiotagger.audio.flac.FlacInfoReader read
INFO: C:\Users\Jawsh\Desktop\GoosePlayer_V2\gooseplayer2\src\Library\Eve - Avant (Instrumental).flac StartByte:42 BlockType:VORBIS_COMMENT DataLength:40 isLastBlock:true
Nov 24, 2025 1:04:44 AM org.assertj.swing.monitor.ProtectingTimerTask handleException
WARNING: Exception thrown by a TimerTask
java.lang.reflect.InaccessibleObjectException: Unable to make field int java.util.TimerTask.state accessible: module java.base does not "opens java.util" to unnamed module @7fc229ab
	at java.base/java.lang.reflect.AccessibleObject.checkCanSetAccessible(AccessibleObject.java:354)
	at java.base/java.lang.reflect.AccessibleObject.checkCanSetAccessible(AccessibleObject.java:297)
	at java.base/java.lang.reflect.Field.checkCanSetAccessible(Field.java:178)
	at java.base/java.lang.reflect.Field.setAccessible(Field.java:172)
	at org.fest.reflect.util.Accessibles$SetAccessibleAction.run(Accessibles.java:70)
	at org.fest.reflect.util.Accessibles$SetAccessibleAction.run(Accessibles.java:60)
	at java.base/java.security.AccessController.doPrivileged(AccessController.java:318)
	at org.fest.reflect.util.Accessibles.setAccessible(Accessibles.java:57)
	at org.fest.reflect.util.Accessibles.makeAccessible(Accessibles.java:46)
	at org.fest.reflect.field.Invoker.verifyCorrectType(Invoker.java:100)
	at org.fest.reflect.field.Invoker.createInvoker(Invoker.java:76)
	at org.fest.reflect.field.Invoker.newInvoker(Invoker.java:70)
	at org.fest.reflect.field.FieldType.in(FieldType.java:74)
	at org.assertj.swing.monitor.ProtectingTimerTask.isCanceled(ProtectingTimerTask.java:54)
	at org.assertj.swing.monitor.ProtectingTimerTask.run(ProtectingTimerTask.java:41)
	at java.base/java.util.TimerThread.mainLoop(Timer.java:566)
	at java.base/java.util.TimerThread.run(Timer.java:516)

]]></system-err>
  </testcase>
  <testcase name="clickingSkipButtonWhenAudioPaused" classname="com.gooseplayer2.Packages.MethodsTest" time="5.668">
    <system-out><![CDATA[Beads System Buffer size=5000
Beads System Buffer size=5000
Dragging: Library/Eve - Avant (Instrumental).flac
loadSong ran
Song loaded: Eve - Avant (Instrumental).flac
Playback started
Beads Output buffer size=40000
updateTime() called. Current position: 1 seconds.
Pause pressed
No more tracks in queue.
Skip count (audio paused): 1
Queue cleared
]]></system-out>
    <system-err><![CDATA[Nov 24, 2025 1:04:47 AM org.jaudiotagger.audio.flac.FlacInfoReader read
INFO: C:\Users\Jawsh\Desktop\GoosePlayer_V2\gooseplayer2\src\Library\Eve - Avant (Instrumental).flac StartByte:4 BlockType:STREAMINFO DataLength:34 isLastBlock:false
Nov 24, 2025 1:04:47 AM org.jaudiotagger.audio.flac.FlacInfoReader read
INFO: C:\Users\Jawsh\Desktop\GoosePlayer_V2\gooseplayer2\src\Library\Eve - Avant (Instrumental).flac StartByte:42 BlockType:VORBIS_COMMENT DataLength:40 isLastBlock:true
Nov 24, 2025 1:04:48 AM org.assertj.swing.monitor.ProtectingTimerTask handleException
WARNING: Exception thrown by a TimerTask
java.lang.reflect.InaccessibleObjectException: Unable to make field int java.util.TimerTask.state accessible: module java.base does not "opens java.util" to unnamed module @7fc229ab
	at java.base/java.lang.reflect.AccessibleObject.checkCanSetAccessible(AccessibleObject.java:354)
	at java.base/java.lang.reflect.AccessibleObject.checkCanSetAccessible(AccessibleObject.java:297)
	at java.base/java.lang.reflect.Field.checkCanSetAccessible(Field.java:178)
	at java.base/java.lang.reflect.Field.setAccessible(Field.java:172)
	at org.fest.reflect.util.Accessibles$SetAccessibleAction.run(Accessibles.java:70)
	at org.fest.reflect.util.Accessibles$SetAccessibleAction.run(Accessibles.java:60)
	at java.base/java.security.AccessController.doPrivileged(AccessController.java:318)
	at org.fest.reflect.util.Accessibles.setAccessible(Accessibles.java:57)
	at org.fest.reflect.util.Accessibles.makeAccessible(Accessibles.java:46)
	at org.fest.reflect.field.Invoker.verifyCorrectType(Invoker.java:100)
	at org.fest.reflect.field.Invoker.createInvoker(Invoker.java:76)
	at org.fest.reflect.field.Invoker.newInvoker(Invoker.java:70)
	at org.fest.reflect.field.FieldType.in(FieldType.java:74)
	at org.assertj.swing.monitor.ProtectingTimerTask.isCanceled(ProtectingTimerTask.java:54)
	at org.assertj.swing.monitor.ProtectingTimerTask.run(ProtectingTimerTask.java:41)
	at java.base/java.util.TimerThread.mainLoop(Timer.java:566)
	at java.base/java.util.TimerThread.run(Timer.java:516)

]]></system-err>
  </testcase>
  <testcase name="pauseThenSkip_StillOnlyOnePauseCall" classname="com.gooseplayer2.Packages.MethodsTest" time="5.668">
    <system-out><![CDATA[Beads System Buffer size=5000
Beads System Buffer size=5000
Dragging: Library/Eve - Avant (Instrumental).flac
loadSong ran
Song loaded: Eve - Avant (Instrumental).flac
Playback started
Beads Output buffer size=40000
updateTime() called. Current position: 1 seconds.
Pause pressed
No more tracks in queue.
Pause+Skip: Pause=1 Skip=1
Queue cleared
]]></system-out>
    <system-err><![CDATA[Nov 24, 2025 1:04:53 AM org.jaudiotagger.audio.flac.FlacInfoReader read
INFO: C:\Users\Jawsh\Desktop\GoosePlayer_V2\gooseplayer2\src\Library\Eve - Avant (Instrumental).flac StartByte:4 BlockType:STREAMINFO DataLength:34 isLastBlock:false
Nov 24, 2025 1:04:53 AM org.jaudiotagger.audio.flac.FlacInfoReader read
INFO: C:\Users\Jawsh\Desktop\GoosePlayer_V2\gooseplayer2\src\Library\Eve - Avant (Instrumental).flac StartByte:42 BlockType:VORBIS_COMMENT DataLength:40 isLastBlock:true
Nov 24, 2025 1:04:55 AM org.assertj.swing.monitor.ProtectingTimerTask handleException
WARNING: Exception thrown by a TimerTask
java.lang.reflect.InaccessibleObjectException: Unable to make field int java.util.TimerTask.state accessible: module java.base does not "opens java.util" to unnamed module @7fc229ab
	at java.base/java.lang.reflect.AccessibleObject.checkCanSetAccessible(AccessibleObject.java:354)
	at java.base/java.lang.reflect.AccessibleObject.checkCanSetAccessible(AccessibleObject.java:297)
	at java.base/java.lang.reflect.Field.checkCanSetAccessible(Field.java:178)
	at java.base/java.lang.reflect.Field.setAccessible(Field.java:172)
	at org.fest.reflect.util.Accessibles$SetAccessibleAction.run(Accessibles.java:70)
	at org.fest.reflect.util.Accessibles$SetAccessibleAction.run(Accessibles.java:60)
	at java.base/java.security.AccessController.doPrivileged(AccessController.java:318)
	at org.fest.reflect.util.Accessibles.setAccessible(Accessibles.java:57)
	at org.fest.reflect.util.Accessibles.makeAccessible(Accessibles.java:46)
	at org.fest.reflect.field.Invoker.verifyCorrectType(Invoker.java:100)
	at org.fest.reflect.field.Invoker.createInvoker(Invoker.java:76)
	at org.fest.reflect.field.Invoker.newInvoker(Invoker.java:70)
	at org.fest.reflect.field.FieldType.in(FieldType.java:74)
	at org.assertj.swing.monitor.ProtectingTimerTask.isCanceled(ProtectingTimerTask.java:54)
	at org.assertj.swing.monitor.ProtectingTimerTask.run(ProtectingTimerTask.java:41)
	at java.base/java.util.TimerThread.mainLoop(Timer.java:566)
	at java.base/java.util.TimerThread.run(Timer.java:516)

]]></system-err>
  </testcase>
  <testcase name="clickingPauseButtonCallsPauseExactlyOnce" classname="com.gooseplayer2.Packages.MethodsTest" time="4.91">
    <system-out><![CDATA[Beads System Buffer size=5000
Beads System Buffer size=5000
Dragging: Library/Eve - Avant (Instrumental).flac
loadSong ran
Song loaded: Eve - Avant (Instrumental).flac
Playback started
Beads Output buffer size=40000
updateTime() called. Current position: 1 seconds.
Pause pressed
Pause count: 1
Queue cleared
]]></system-out>
    <system-err><![CDATA[Nov 24, 2025 1:04:58 AM org.jaudiotagger.audio.flac.FlacInfoReader read
INFO: C:\Users\Jawsh\Desktop\GoosePlayer_V2\gooseplayer2\src\Library\Eve - Avant (Instrumental).flac StartByte:4 BlockType:STREAMINFO DataLength:34 isLastBlock:false
Nov 24, 2025 1:04:58 AM org.jaudiotagger.audio.flac.FlacInfoReader read
INFO: C:\Users\Jawsh\Desktop\GoosePlayer_V2\gooseplayer2\src\Library\Eve - Avant (Instrumental).flac StartByte:42 BlockType:VORBIS_COMMENT DataLength:40 isLastBlock:true
Nov 24, 2025 1:05:00 AM org.assertj.swing.monitor.ProtectingTimerTask handleException
WARNING: Exception thrown by a TimerTask
java.lang.reflect.InaccessibleObjectException: Unable to make field int java.util.TimerTask.state accessible: module java.base does not "opens java.util" to unnamed module @7fc229ab
	at java.base/java.lang.reflect.AccessibleObject.checkCanSetAccessible(AccessibleObject.java:354)
	at java.base/java.lang.reflect.AccessibleObject.checkCanSetAccessible(AccessibleObject.java:297)
	at java.base/java.lang.reflect.Field.checkCanSetAccessible(Field.java:178)
	at java.base/java.lang.reflect.Field.setAccessible(Field.java:172)
	at org.fest.reflect.util.Accessibles$SetAccessibleAction.run(Accessibles.java:70)
	at org.fest.reflect.util.Accessibles$SetAccessibleAction.run(Accessibles.java:60)
	at java.base/java.security.AccessController.doPrivileged(AccessController.java:318)
	at org.fest.reflect.util.Accessibles.setAccessible(Accessibles.java:57)
	at org.fest.reflect.util.Accessibles.makeAccessible(Accessibles.java:46)
	at org.fest.reflect.field.Invoker.verifyCorrectType(Invoker.java:100)
	at org.fest.reflect.field.Invoker.createInvoker(Invoker.java:76)
	at org.fest.reflect.field.Invoker.newInvoker(Invoker.java:70)
	at org.fest.reflect.field.FieldType.in(FieldType.java:74)
	at org.assertj.swing.monitor.ProtectingTimerTask.isCanceled(ProtectingTimerTask.java:54)
	at org.assertj.swing.monitor.ProtectingTimerTask.run(ProtectingTimerTask.java:41)
	at java.base/java.util.TimerThread.mainLoop(Timer.java:566)
	at java.base/java.util.TimerThread.run(Timer.java:516)

]]></system-err>
  </testcase>
  <testcase name="clickingShuffleButtonWhenAudioPlaying" classname="com.gooseplayer2.Packages.MethodsTest" time="6.911">
    <system-out><![CDATA[Beads System Buffer size=5000
Beads System Buffer size=5000
Dragging: Library/Eve - Avant (Instrumental).flac
loadSong ran
Song loaded: Eve - Avant (Instrumental).flac
Playback started
Beads Output buffer size=40000
updateTime() called. Current position: 1 seconds.
updateTime() called. Current position: 2 seconds.
updateTime() called. Current position: 3 seconds.
Shuffle count (audio playing): 1
Queue cleared
]]></system-out>
    <system-err><![CDATA[Nov 24, 2025 1:05:03 AM org.jaudiotagger.audio.flac.FlacInfoReader read
INFO: C:\Users\Jawsh\Desktop\GoosePlayer_V2\gooseplayer2\src\Library\Eve - Avant (Instrumental).flac StartByte:4 BlockType:STREAMINFO DataLength:34 isLastBlock:false
Nov 24, 2025 1:05:03 AM org.jaudiotagger.audio.flac.FlacInfoReader read
INFO: C:\Users\Jawsh\Desktop\GoosePlayer_V2\gooseplayer2\src\Library\Eve - Avant (Instrumental).flac StartByte:42 BlockType:VORBIS_COMMENT DataLength:40 isLastBlock:true
Nov 24, 2025 1:05:06 AM org.assertj.swing.monitor.ProtectingTimerTask handleException
WARNING: Exception thrown by a TimerTask
java.lang.reflect.InaccessibleObjectException: Unable to make field int java.util.TimerTask.state accessible: module java.base does not "opens java.util" to unnamed module @7fc229ab
	at java.base/java.lang.reflect.AccessibleObject.checkCanSetAccessible(AccessibleObject.java:354)
	at java.base/java.lang.reflect.AccessibleObject.checkCanSetAccessible(AccessibleObject.java:297)
	at java.base/java.lang.reflect.Field.checkCanSetAccessible(Field.java:178)
	at java.base/java.lang.reflect.Field.setAccessible(Field.java:172)
	at org.fest.reflect.util.Accessibles$SetAccessibleAction.run(Accessibles.java:70)
	at org.fest.reflect.util.Accessibles$SetAccessibleAction.run(Accessibles.java:60)
	at java.base/java.security.AccessController.doPrivileged(AccessController.java:318)
	at org.fest.reflect.util.Accessibles.setAccessible(Accessibles.java:57)
	at org.fest.reflect.util.Accessibles.makeAccessible(Accessibles.java:46)
	at org.fest.reflect.field.Invoker.verifyCorrectType(Invoker.java:100)
	at org.fest.reflect.field.Invoker.createInvoker(Invoker.java:76)
	at org.fest.reflect.field.Invoker.newInvoker(Invoker.java:70)
	at org.fest.reflect.field.FieldType.in(FieldType.java:74)
	at org.assertj.swing.monitor.ProtectingTimerTask.isCanceled(ProtectingTimerTask.java:54)
	at org.assertj.swing.monitor.ProtectingTimerTask.run(ProtectingTimerTask.java:41)
	at java.base/java.util.TimerThread.mainLoop(Timer.java:566)
	at java.base/java.util.TimerThread.run(Timer.java:516)

]]></system-err>
  </testcase>
  <testcase name="AssertPlayButtonCallsNumber_Wrong" classname="com.gooseplayer2.Packages.MethodsTest" time="6.354">
    <system-out><![CDATA[Beads System Buffer size=5000
Beads System Buffer size=5000
Dragging: Library/Eve - Avant (Instrumental).flac
loadSong ran
Song loaded: Eve - Avant (Instrumental).flac
Playback started
Beads Output buffer size=40000
updateTime() called. Current position: 1 seconds.
Pause pressed
Playback started
TEST PASSED: Expected failure (count != 3) was detected!
   Actual count: 2
   Error: Play button should call play() 3 times ==> expected: <3> but was: <2>
Queue cleared
]]></system-out>
    <system-err><![CDATA[Nov 24, 2025 1:05:10 AM org.jaudiotagger.audio.flac.FlacInfoReader read
INFO: C:\Users\Jawsh\Desktop\GoosePlayer_V2\gooseplayer2\src\Library\Eve - Avant (Instrumental).flac StartByte:4 BlockType:STREAMINFO DataLength:34 isLastBlock:false
Nov 24, 2025 1:05:10 AM org.jaudiotagger.audio.flac.FlacInfoReader read
INFO: C:\Users\Jawsh\Desktop\GoosePlayer_V2\gooseplayer2\src\Library\Eve - Avant (Instrumental).flac StartByte:42 BlockType:VORBIS_COMMENT DataLength:40 isLastBlock:true
Nov 24, 2025 1:05:11 AM org.assertj.swing.monitor.ProtectingTimerTask handleException
WARNING: Exception thrown by a TimerTask
java.lang.reflect.InaccessibleObjectException: Unable to make field int java.util.TimerTask.state accessible: module java.base does not "opens java.util" to unnamed module @7fc229ab
	at java.base/java.lang.reflect.AccessibleObject.checkCanSetAccessible(AccessibleObject.java:354)
	at java.base/java.lang.reflect.AccessibleObject.checkCanSetAccessible(AccessibleObject.java:297)
	at java.base/java.lang.reflect.Field.checkCanSetAccessible(Field.java:178)
	at java.base/java.lang.reflect.Field.setAccessible(Field.java:172)
	at org.fest.reflect.util.Accessibles$SetAccessibleAction.run(Accessibles.java:70)
	at org.fest.reflect.util.Accessibles$SetAccessibleAction.run(Accessibles.java:60)
	at java.base/java.security.AccessController.doPrivileged(AccessController.java:318)
	at org.fest.reflect.util.Accessibles.setAccessible(Accessibles.java:57)
	at org.fest.reflect.util.Accessibles.makeAccessible(Accessibles.java:46)
	at org.fest.reflect.field.Invoker.verifyCorrectType(Invoker.java:100)
	at org.fest.reflect.field.Invoker.createInvoker(Invoker.java:76)
	at org.fest.reflect.field.Invoker.newInvoker(Invoker.java:70)
	at org.fest.reflect.field.FieldType.in(FieldType.java:74)
	at org.assertj.swing.monitor.ProtectingTimerTask.isCanceled(ProtectingTimerTask.java:54)
	at org.assertj.swing.monitor.ProtectingTimerTask.run(ProtectingTimerTask.java:41)
	at java.base/java.util.TimerThread.mainLoop(Timer.java:566)
	at java.base/java.util.TimerThread.run(Timer.java:516)

]]></system-err>
  </testcase>
  <testcase name="clickingShuffleButtonMultipleTimes" classname="com.gooseplayer2.Packages.MethodsTest" time="12.639">
    <system-out><![CDATA[Beads System Buffer size=5000
Beads System Buffer size=5000
Dragging: Library/Eve - Avant (Instrumental).flac
loadSong ran
Song loaded: Eve - Avant (Instrumental).flac
Queue shuffled
Queue shuffled
Shuffle count: 2
Queue cleared
]]></system-out>
    <system-err><![CDATA[Nov 24, 2025 1:05:17 AM org.jaudiotagger.audio.flac.FlacInfoReader read
INFO: C:\Users\Jawsh\Desktop\GoosePlayer_V2\gooseplayer2\src\Library\Eve - Avant (Instrumental).flac StartByte:4 BlockType:STREAMINFO DataLength:34 isLastBlock:false
Nov 24, 2025 1:05:17 AM org.jaudiotagger.audio.flac.FlacInfoReader read
INFO: C:\Users\Jawsh\Desktop\GoosePlayer_V2\gooseplayer2\src\Library\Eve - Avant (Instrumental).flac StartByte:42 BlockType:VORBIS_COMMENT DataLength:40 isLastBlock:true
Nov 24, 2025 1:05:18 AM org.assertj.swing.monitor.ProtectingTimerTask handleException
WARNING: Exception thrown by a TimerTask
java.lang.reflect.InaccessibleObjectException: Unable to make field int java.util.TimerTask.state accessible: module java.base does not "opens java.util" to unnamed module @7fc229ab
	at java.base/java.lang.reflect.AccessibleObject.checkCanSetAccessible(AccessibleObject.java:354)
	at java.base/java.lang.reflect.AccessibleObject.checkCanSetAccessible(AccessibleObject.java:297)
	at java.base/java.lang.reflect.Field.checkCanSetAccessible(Field.java:178)
	at java.base/java.lang.reflect.Field.setAccessible(Field.java:172)
	at org.fest.reflect.util.Accessibles$SetAccessibleAction.run(Accessibles.java:70)
	at org.fest.reflect.util.Accessibles$SetAccessibleAction.run(Accessibles.java:60)
	at java.base/java.security.AccessController.doPrivileged(AccessController.java:318)
	at org.fest.reflect.util.Accessibles.setAccessible(Accessibles.java:57)
	at org.fest.reflect.util.Accessibles.makeAccessible(Accessibles.java:46)
	at org.fest.reflect.field.Invoker.verifyCorrectType(Invoker.java:100)
	at org.fest.reflect.field.Invoker.createInvoker(Invoker.java:76)
	at org.fest.reflect.field.Invoker.newInvoker(Invoker.java:70)
	at org.fest.reflect.field.FieldType.in(FieldType.java:74)
	at org.assertj.swing.monitor.ProtectingTimerTask.isCanceled(ProtectingTimerTask.java:54)
	at org.assertj.swing.monitor.ProtectingTimerTask.run(ProtectingTimerTask.java:41)
	at java.base/java.util.TimerThread.mainLoop(Timer.java:566)
	at java.base/java.util.TimerThread.run(Timer.java:516)

Nov 24, 2025 1:05:24 AM org.assertj.swing.monitor.ProtectingTimerTask handleException
WARNING: Exception thrown by a TimerTask
java.lang.reflect.InaccessibleObjectException: Unable to make field int java.util.TimerTask.state accessible: module java.base does not "opens java.util" to unnamed module @7fc229ab
	at java.base/java.lang.reflect.AccessibleObject.checkCanSetAccessible(AccessibleObject.java:354)
	at java.base/java.lang.reflect.AccessibleObject.checkCanSetAccessible(AccessibleObject.java:297)
	at java.base/java.lang.reflect.Field.checkCanSetAccessible(Field.java:178)
	at java.base/java.lang.reflect.Field.setAccessible(Field.java:172)
	at org.fest.reflect.util.Accessibles$SetAccessibleAction.run(Accessibles.java:70)
	at org.fest.reflect.util.Accessibles$SetAccessibleAction.run(Accessibles.java:60)
	at java.base/java.security.AccessController.doPrivileged(AccessController.java:318)
	at org.fest.reflect.util.Accessibles.setAccessible(Accessibles.java:57)
	at org.fest.reflect.util.Accessibles.makeAccessible(Accessibles.java:46)
	at org.fest.reflect.field.Invoker.verifyCorrectType(Invoker.java:100)
	at org.fest.reflect.field.Invoker.createInvoker(Invoker.java:76)
	at org.fest.reflect.field.Invoker.newInvoker(Invoker.java:70)
	at org.fest.reflect.field.FieldType.in(FieldType.java:74)
	at org.assertj.swing.monitor.ProtectingTimerTask.isCanceled(ProtectingTimerTask.java:54)
	at org.assertj.swing.monitor.ProtectingTimerTask.run(ProtectingTimerTask.java:41)
	at java.base/java.util.TimerThread.mainLoop(Timer.java:566)
	at java.base/java.util.TimerThread.run(Timer.java:516)

]]></system-err>
  </testcase>
  <testcase name="secondClickFailsToFindPlayButton_WhenAlreadyPlaying" classname="com.gooseplayer2.Packages.MethodsTest" time="5.088">
    <system-out><![CDATA[Beads System Buffer size=5000
Beads System Buffer size=5000
Dragging: Library/Eve - Avant (Instrumental).flac
loadSong ran
Song loaded: Eve - Avant (Instrumental).flac
Playback started
Beads Output buffer size=40000
updateTime() called. Current position: 1 seconds.
Now button is 'Pause' — trying to click 'Play' again...
TEST PASSED: Expected error caught!
   Error: Unable to find component using matcher org.assertj.swing.core.matcher.JButtonMatcher[name=<Any>, text='Play', requireShowing=false].

Component hierarchy:
com.gooseplayer2.MainFrame[name='frame25', title='Music Player', enabled=true, visible=true, showing=true]
  javax.swing.JRootPane[]
    javax.swing.JPanel[name='null.glassPane']
    javax.swing.JLayeredPane[]
      javax.swing.JPanel[name='null.contentPane']
        javax.swing.JToolBar[name=null]
          javax.swing.JButton[name=null, text='Settings', enabled=true, visible=true, showing=true]
          javax.swing.JButton[name=null, text='Help', enabled=true, visible=true, showing=true]
          javax.swing.JButton[name=null, text='Library', enabled=true, visible=true, showing=true]
        com.gooseplayer2.JPanels.MusicPanel[name='musicPanel']
          com.gooseplayer2.JPanels.AudioPlayerSpy[name=null]
            javax.swing.JLabel[name=null, text='TestChannel', enabled=true, visible=true, showing=true]
            javax.swing.JSlider[name=null, value=1, minimum=0, maximum=206, enabled=true, visible=true, showing=true]
            javax.swing.JLabel[name=null, text='0:01 / 3:26', enabled=true, visible=true, showing=true]
            javax.swing.JSlider[name=null, value=100, minimum=0, maximum=100, enabled=true, visible=true, showing=true]
            javax.swing.JLabel[name=null, text='', enabled=true, visible=true, showing=true]
            javax.swing.JButton[name=null, text='Pause', enabled=true, visible=true, showing=true]
            javax.swing.JButton[name=null, text='Skip', enabled=true, visible=true, showing=true]
            javax.swing.JButton[name=null, text='Shuffle', enabled=true, visible=true, showing=true]
            javax.swing.JButton[name=null, text='Remove', enabled=true, visible=true, showing=true]
            javax.swing.JButton[name=null, text='Clear', enabled=true, visible=true, showing=true]
            javax.swing.JPanel[name=null]
              javax.swing.JRadioButton[name=null, text='Loop Song', selected=false, enabled=true, visible=true, showing=true]
              javax.swing.JRadioButton[name=null, text='Loop Playlist', selected=false, enabled=true, visible=true, showing=true]
            javax.swing.JScrollPane[name=null, enabled=true, visible=true, showing=true]
              javax.swing.JViewport[,3,3,781x400,layout=javax.swing.ViewportLayout,alignmentX=0.0,alignmentY=0.0,border=,flags=8388616,maximumSize=,minimumSize=,preferredSize=,isViewSizeSet=true,lastPaintPosition=java.awt.Point[x=0,y=0],scrollUnderway=false]
                javax.swing.JTree[name='queueTree', selectionCount=0, selectionPaths=[], selectionMode=DISCONTIGUOUS_TREE_SELECTION, enabled=true, visible=true, showing=true
                  javax.swing.CellRendererPane[,0,0,0x0,hidden]
              javax.swing.JScrollPane$ScrollBar[name=null, value=0, blockIncrement=10, minimum=0, maximum=400, enabled=true, visible=false, showing=false]
                com.formdev.flatlaf.ui.FlatScrollBarUI$FlatScrollBarButton[name=null, text='', enabled=true, visible=true, showing=false]
                com.formdev.flatlaf.ui.FlatScrollBarUI$FlatScrollBarButton[name=null, text='', enabled=true, visible=true, showing=false]
              javax.swing.JScrollPane$ScrollBar[name=null, value=0, blockIncrement=10, minimum=0, maximum=781, enabled=true, visible=false, showing=false]
                com.formdev.flatlaf.ui.FlatScrollBarUI$FlatScrollBarButton[name=null, text='', enabled=true, visible=true, showing=false]
                com.formdev.flatlaf.ui.FlatScrollBarUI$FlatScrollBarButton[name=null, text='', enabled=true, visible=true, showing=false]
        com.gooseplayer2.JPanels.FilePanel[name=null]
          javax.swing.JLabel[name=null, text='Directory Tree', enabled=true, visible=true, showing=true]
          javax.swing.JScrollPane[name=null, enabled=true, visible=true, showing=true]
            javax.swing.JViewport[,3,3,394x713,layout=javax.swing.ViewportLayout,alignmentX=0.0,alignmentY=0.0,border=,flags=8388616,maximumSize=,minimumSize=,preferredSize=,isViewSizeSet=true,lastPaintPosition=java.awt.Point[x=0,y=0],scrollUnderway=false]
              javax.swing.JTree[name='libraryTree', selectionCount=1, selectionPaths=["[Library, Eve - Avant (Instrumental).flac]"], selectionMode=DISCONTIGUOUS_TREE_SELECTION, enabled=true, visible=true, showing=true
                javax.swing.CellRendererPane[,0,0,0x0,hidden]
            javax.swing.JScrollPane$ScrollBar[name=null, value=0, blockIncrement=10, minimum=0, maximum=713, enabled=true, visible=false, showing=false]
              com.formdev.flatlaf.ui.FlatScrollBarUI$FlatScrollBarButton[name=null, text='', enabled=true, visible=true, showing=false]
              com.formdev.flatlaf.ui.FlatScrollBarUI$FlatScrollBarButton[name=null, text='', enabled=true, visible=true, showing=false]
            javax.swing.JScrollPane$ScrollBar[name=null, value=0, blockIncrement=10, minimum=0, maximum=394, enabled=true, visible=false, showing=false]
              com.formdev.flatlaf.ui.FlatScrollBarUI$FlatScrollBarButton[name=null, text='', enabled=true, visible=true, showing=false]
              com.formdev.flatlaf.ui.FlatScrollBarUI$FlatScrollBarButton[name=null, text='', enabled=true, visible=true, showing=false]
      com.formdev.flatlaf.ui.FlatTitlePane[,0,0,1188x31,layout=com.formdev.flatlaf.ui.FlatTitlePane$3,alignmentX=0.0,alignmentY=0.0,border=com.formdev.flatlaf.ui.FlatTitlePane$FlatTitlePaneBorder@423b4a61,flags=0,maximumSize=,minimumSize=,preferredSize=]
        javax.swing.JPanel[name=null]
          javax.swing.JLabel[name=null, text='', enabled=true, visible=true, showing=true]
          com.formdev.flatlaf.ui.FlatTitlePane$2[,32,0,0x30,alignmentX=0.0,alignmentY=0.0,border=,flags=0,maximumSize=,minimumSize=,preferredSize=]
        com.formdev.flatlaf.ui.FlatTitlePane$1(javax.swing.JLabel)[name=null, text='Music Player', enabled=true, visible=true, showing=true]
        com.formdev.flatlaf.ui.FlatTitlePane$4(javax.swing.JPanel)[name=null]
          com.formdev.flatlaf.ui.FlatTitlePane$6(javax.swing.JButton)[name=null, text='', enabled=true, visible=true, showing=true]
          com.formdev.flatlaf.ui.FlatTitlePane$6(javax.swing.JButton)[name=null, text='', enabled=true, visible=true, showing=true]
          com.formdev.flatlaf.ui.FlatTitlePane$6(javax.swing.JButton)[name=null, text='', enabled=true, visible=false, showing=false]
          com.formdev.flatlaf.ui.FlatTitlePane$6(javax.swing.JButton)[name=null, text='', enabled=true, visible=true, showing=true]
      javax.swing.JPanel[name=null]

   Actual play count: 1
Queue cleared
]]></system-out>
    <system-err><![CDATA[Nov 24, 2025 1:05:29 AM org.jaudiotagger.audio.flac.FlacInfoReader read
INFO: C:\Users\Jawsh\Desktop\GoosePlayer_V2\gooseplayer2\src\Library\Eve - Avant (Instrumental).flac StartByte:4 BlockType:STREAMINFO DataLength:34 isLastBlock:false
Nov 24, 2025 1:05:29 AM org.jaudiotagger.audio.flac.FlacInfoReader read
INFO: C:\Users\Jawsh\Desktop\GoosePlayer_V2\gooseplayer2\src\Library\Eve - Avant (Instrumental).flac StartByte:42 BlockType:VORBIS_COMMENT DataLength:40 isLastBlock:true
]]></system-err>
  </testcase>
  <testcase name="clickingClearButtonWhenQueueEmpty" classname="com.gooseplayer2.Packages.MethodsTest" time="6.121">
    <system-out><![CDATA[Beads System Buffer size=5000
Beads System Buffer size=5000
Dragging: Library/Eve - Avant (Instrumental).flac
loadSong ran
Song loaded: Eve - Avant (Instrumental).flac
Queue cleared
Queue cleared
Queue cleared
]]></system-out>
    <system-err><![CDATA[Nov 24, 2025 1:05:35 AM org.jaudiotagger.audio.flac.FlacInfoReader read
INFO: C:\Users\Jawsh\Desktop\GoosePlayer_V2\gooseplayer2\src\Library\Eve - Avant (Instrumental).flac StartByte:4 BlockType:STREAMINFO DataLength:34 isLastBlock:false
Nov 24, 2025 1:05:35 AM org.jaudiotagger.audio.flac.FlacInfoReader read
INFO: C:\Users\Jawsh\Desktop\GoosePlayer_V2\gooseplayer2\src\Library\Eve - Avant (Instrumental).flac StartByte:42 BlockType:VORBIS_COMMENT DataLength:40 isLastBlock:true
Nov 24, 2025 1:05:37 AM org.assertj.swing.monitor.ProtectingTimerTask handleException
WARNING: Exception thrown by a TimerTask
java.lang.reflect.InaccessibleObjectException: Unable to make field int java.util.TimerTask.state accessible: module java.base does not "opens java.util" to unnamed module @7fc229ab
	at java.base/java.lang.reflect.AccessibleObject.checkCanSetAccessible(AccessibleObject.java:354)
	at java.base/java.lang.reflect.AccessibleObject.checkCanSetAccessible(AccessibleObject.java:297)
	at java.base/java.lang.reflect.Field.checkCanSetAccessible(Field.java:178)
	at java.base/java.lang.reflect.Field.setAccessible(Field.java:172)
	at org.fest.reflect.util.Accessibles$SetAccessibleAction.run(Accessibles.java:70)
	at org.fest.reflect.util.Accessibles$SetAccessibleAction.run(Accessibles.java:60)
	at java.base/java.security.AccessController.doPrivileged(AccessController.java:318)
	at org.fest.reflect.util.Accessibles.setAccessible(Accessibles.java:57)
	at org.fest.reflect.util.Accessibles.makeAccessible(Accessibles.java:46)
	at org.fest.reflect.field.Invoker.verifyCorrectType(Invoker.java:100)
	at org.fest.reflect.field.Invoker.createInvoker(Invoker.java:76)
	at org.fest.reflect.field.Invoker.newInvoker(Invoker.java:70)
	at org.fest.reflect.field.FieldType.in(FieldType.java:74)
	at org.assertj.swing.monitor.ProtectingTimerTask.isCanceled(ProtectingTimerTask.java:54)
	at org.assertj.swing.monitor.ProtectingTimerTask.run(ProtectingTimerTask.java:41)
	at java.base/java.util.TimerThread.mainLoop(Timer.java:566)
	at java.base/java.util.TimerThread.run(Timer.java:516)

]]></system-err>
  </testcase>
  <testcase name="clickingShuffleButtonCallsShuffle" classname="com.gooseplayer2.Packages.MethodsTest" time="5.877">
    <system-out><![CDATA[Beads System Buffer size=5000
Beads System Buffer size=5000
Dragging: Library/Eve - Avant (Instrumental).flac
loadSong ran
Song loaded: Eve - Avant (Instrumental).flac
Shuffle count: 1
Queue cleared
]]></system-out>
    <system-err><![CDATA[Nov 24, 2025 1:05:40 AM org.jaudiotagger.audio.flac.FlacInfoReader read
INFO: C:\Users\Jawsh\Desktop\GoosePlayer_V2\gooseplayer2\src\Library\Eve - Avant (Instrumental).flac StartByte:4 BlockType:STREAMINFO DataLength:34 isLastBlock:false
Nov 24, 2025 1:05:40 AM org.jaudiotagger.audio.flac.FlacInfoReader read
INFO: C:\Users\Jawsh\Desktop\GoosePlayer_V2\gooseplayer2\src\Library\Eve - Avant (Instrumental).flac StartByte:42 BlockType:VORBIS_COMMENT DataLength:40 isLastBlock:true
Nov 24, 2025 1:05:42 AM org.assertj.swing.monitor.ProtectingTimerTask handleException
WARNING: Exception thrown by a TimerTask
java.lang.reflect.InaccessibleObjectException: Unable to make field int java.util.TimerTask.state accessible: module java.base does not "opens java.util" to unnamed module @7fc229ab
	at java.base/java.lang.reflect.AccessibleObject.checkCanSetAccessible(AccessibleObject.java:354)
	at java.base/java.lang.reflect.AccessibleObject.checkCanSetAccessible(AccessibleObject.java:297)
	at java.base/java.lang.reflect.Field.checkCanSetAccessible(Field.java:178)
	at java.base/java.lang.reflect.Field.setAccessible(Field.java:172)
	at org.fest.reflect.util.Accessibles$SetAccessibleAction.run(Accessibles.java:70)
	at org.fest.reflect.util.Accessibles$SetAccessibleAction.run(Accessibles.java:60)
	at java.base/java.security.AccessController.doPrivileged(AccessController.java:318)
	at org.fest.reflect.util.Accessibles.setAccessible(Accessibles.java:57)
	at org.fest.reflect.util.Accessibles.makeAccessible(Accessibles.java:46)
	at org.fest.reflect.field.Invoker.verifyCorrectType(Invoker.java:100)
	at org.fest.reflect.field.Invoker.createInvoker(Invoker.java:76)
	at org.fest.reflect.field.Invoker.newInvoker(Invoker.java:70)
	at org.fest.reflect.field.FieldType.in(FieldType.java:74)
	at org.assertj.swing.monitor.ProtectingTimerTask.isCanceled(ProtectingTimerTask.java:54)
	at org.assertj.swing.monitor.ProtectingTimerTask.run(ProtectingTimerTask.java:41)
	at java.base/java.util.TimerThread.mainLoop(Timer.java:566)
	at java.base/java.util.TimerThread.run(Timer.java:516)

]]></system-err>
  </testcase>
</testsuite>