<?xml version="1.0" encoding="UTF-8"?>
<testsuite xmlns:xsi="http://www.w3.org/2001/XMLSchema-instance" xsi:noNamespaceSchemaLocation="https://maven.apache.org/surefire/maven-surefire-plugin/xsd/surefire-test-report-3.0.xsd" version="3.0" name="com.gooseplayer2.Packages.SimpleMockTest" time="0.535" tests="3" errors="0" skipped="0" failures="0">
  <properties>
[...]
</properties>
  <testcase name="simpleDequeueTest" classname="com.gooseplayer2.Packages.SimpleMockTest" time="0.506"/>
  <testcase name="simpleEnqueueTest" classname="com.gooseplayer2.Packages.SimpleMockTest" time="0.008"/>
  <testcase name="simpleSizeTest" classname="com.gooseplayer2.Packages.SimpleMockTest" time="0.009"/>
</testsuite>