<?xml version="1.0" encoding="UTF-8"?>
<testsuite xmlns:xsi="http://www.w3.org/2001/XMLSchema-instance" xsi:noNamespaceSchemaLocation="https://maven.apache.org/surefire/maven-surefire-plugin/xsd/surefire-test-report-3.0.xsd" version="3.0" name="com.gooseplayer2.Packages.MultiTest" time="23.338" tests="3" errors="0" skipped="0" failures="0">
  <properties>
[...]
</properties>
  <testcase name="removeOnChannel3_DoesNotAffectOthers" classname="com.gooseplayer2.Packages.MultiTest" time="7.368">
    <system-out><![CDATA[Beads System Buffer size=5000
Beads System Buffer size=5000
Beads System Buffer size=5000
loadSong ran
Song loaded: Swinging on a Star.flac
Beads System Buffer size=5000
Beads System Buffer size=5000
Beads System Buffer size=5000
loadSong ran
Song loaded: 01 - After You [feat. Calle Lehmann].mp3
loadSong ran
Song loaded: calming-rain.mp3
loadSong ran
Song loaded: forest-ambience.mp3
PASSED: Action on Channel 3 isolated!
Queue cleared
Queue cleared
Queue cleared
]]></system-out>
    <system-err><![CDATA[Dec 02, 2025 7:47:57 PM org.jaudiotagger.audio.flac.FlacInfoReader read
INFO: C:\Users\Cam\Documents\GitHub\GoosePlayer_V2\gooseplayer2\Library\Swinging on a Star.flac StartByte:4 BlockType:STREAMINFO DataLength:34 isLastBlock:false
Dec 02, 2025 7:47:57 PM org.jaudiotagger.audio.flac.FlacInfoReader read
INFO: C:\Users\Cam\Documents\GitHub\GoosePlayer_V2\gooseplayer2\Library\Swinging on a Star.flac StartByte:42 BlockType:SEEKTABLE DataLength:270 isLastBlock:false
Dec 02, 2025 7:47:57 PM org.jaudiotagger.audio.flac.FlacInfoReader read
INFO: C:\Users\Cam\Documents\GitHub\GoosePlayer_V2\gooseplayer2\Library\Swinging on a Star.flac StartByte:316 BlockType:VORBIS_COMMENT DataLength:40 isLastBlock:false
Dec 02, 2025 7:47:57 PM org.jaudiotagger.audio.flac.FlacInfoReader read
INFO: C:\Users\Cam\Documents\GitHub\GoosePlayer_V2\gooseplayer2\Library\Swinging on a Star.flac StartByte:360 BlockType:PADDING DataLength:8192 isLastBlock:true
Dec 02, 2025 7:47:59 PM org.jaudiotagger.tag.id3.ID3v23Tag readFrames
INFO: 01 - After You [feat. Calle Lehmann].mp3:Found padding starting at:31639
Dec 02, 2025 7:48:01 PM org.assertj.swing.monitor.ProtectingTimerTask handleException
WARNING: Exception thrown by a TimerTask
java.lang.reflect.InaccessibleObjectException: Unable to make field int java.util.TimerTask.state accessible: module java.base does not "opens java.util" to unnamed module @3d121db3
	at java.base/java.lang.reflect.AccessibleObject.checkCanSetAccessible(AccessibleObject.java:354)
	at java.base/java.lang.reflect.AccessibleObject.checkCanSetAccessible(AccessibleObject.java:297)
	at java.base/java.lang.reflect.Field.checkCanSetAccessible(Field.java:180)
	at java.base/java.lang.reflect.Field.setAccessible(Field.java:174)
	at org.fest.reflect.util.Accessibles$SetAccessibleAction.run(Accessibles.java:70)
	at org.fest.reflect.util.Accessibles$SetAccessibleAction.run(Accessibles.java:60)
	at java.base/java.security.AccessController.doPrivileged(AccessController.java:318)
	at org.fest.reflect.util.Accessibles.setAccessible(Accessibles.java:57)
	at org.fest.reflect.util.Accessibles.makeAccessible(Accessibles.java:46)
	at org.fest.reflect.field.Invoker.verifyCorrectType(Invoker.java:100)
	at org.fest.reflect.field.Invoker.createInvoker(Invoker.java:76)
	at org.fest.reflect.field.Invoker.newInvoker(Invoker.java:70)
	at org.fest.reflect.field.FieldType.in(FieldType.java:74)
	at org.assertj.swing.monitor.ProtectingTimerTask.isCanceled(ProtectingTimerTask.java:54)
	at org.assertj.swing.monitor.ProtectingTimerTask.run(ProtectingTimerTask.java:41)
	at java.base/java.util.TimerThread.mainLoop(Timer.java:566)
	at java.base/java.util.TimerThread.run(Timer.java:516)

]]></system-err>
  </testcase>
  <testcase name="skipOnChannel2_DoesNotAffectOthers" classname="com.gooseplayer2.Packages.MultiTest" time="8.498">
    <system-out><![CDATA[Beads System Buffer size=5000
Beads System Buffer size=5000
Beads System Buffer size=5000
loadSong ran
Song loaded: Swinging on a Star.flac
Beads System Buffer size=5000
Beads System Buffer size=5000
Beads System Buffer size=5000
loadSong ran
Song loaded: 01 - After You [feat. Calle Lehmann].mp3
loadSong ran
Song loaded: calming-rain.mp3
loadSong ran
Song loaded: forest-ambience.mp3
Playback started
Beads Output buffer size=40000
updateTime() called. Current position: 0 seconds.
No more tracks in queue.
PASSED: Action on Channel 2 isolated!
Queue cleared
Queue cleared
Queue cleared
]]></system-out>
    <system-err><![CDATA[Dec 02, 2025 7:48:04 PM org.jaudiotagger.audio.flac.FlacInfoReader read
INFO: C:\Users\Cam\Documents\GitHub\GoosePlayer_V2\gooseplayer2\Library\Swinging on a Star.flac StartByte:4 BlockType:STREAMINFO DataLength:34 isLastBlock:false
Dec 02, 2025 7:48:04 PM org.jaudiotagger.audio.flac.FlacInfoReader read
INFO: C:\Users\Cam\Documents\GitHub\GoosePlayer_V2\gooseplayer2\Library\Swinging on a Star.flac StartByte:42 BlockType:SEEKTABLE DataLength:270 isLastBlock:false
Dec 02, 2025 7:48:04 PM org.jaudiotagger.audio.flac.FlacInfoReader read
INFO: C:\Users\Cam\Documents\GitHub\GoosePlayer_V2\gooseplayer2\Library\Swinging on a Star.flac StartByte:316 BlockType:VORBIS_COMMENT DataLength:40 isLastBlock:false
Dec 02, 2025 7:48:04 PM org.jaudiotagger.audio.flac.FlacInfoReader read
INFO: C:\Users\Cam\Documents\GitHub\GoosePlayer_V2\gooseplayer2\Library\Swinging on a Star.flac StartByte:360 BlockType:PADDING DataLength:8192 isLastBlock:true
Dec 02, 2025 7:48:07 PM org.jaudiotagger.tag.id3.ID3v23Tag readFrames
INFO: 01 - After You [feat. Calle Lehmann].mp3:Found padding starting at:31639
Dec 02, 2025 7:48:07 PM org.assertj.swing.monitor.ProtectingTimerTask handleException
WARNING: Exception thrown by a TimerTask
java.lang.reflect.InaccessibleObjectException: Unable to make field int java.util.TimerTask.state accessible: module java.base does not "opens java.util" to unnamed module @3d121db3
	at java.base/java.lang.reflect.AccessibleObject.checkCanSetAccessible(AccessibleObject.java:354)
	at java.base/java.lang.reflect.AccessibleObject.checkCanSetAccessible(AccessibleObject.java:297)
	at java.base/java.lang.reflect.Field.checkCanSetAccessible(Field.java:180)
	at java.base/java.lang.reflect.Field.setAccessible(Field.java:174)
	at org.fest.reflect.util.Accessibles$SetAccessibleAction.run(Accessibles.java:70)
	at org.fest.reflect.util.Accessibles$SetAccessibleAction.run(Accessibles.java:60)
	at java.base/java.security.AccessController.doPrivileged(AccessController.java:318)
	at org.fest.reflect.util.Accessibles.setAccessible(Accessibles.java:57)
	at org.fest.reflect.util.Accessibles.makeAccessible(Accessibles.java:46)
	at org.fest.reflect.field.Invoker.verifyCorrectType(Invoker.java:100)
	at org.fest.reflect.field.Invoker.createInvoker(Invoker.java:76)
	at org.fest.reflect.field.Invoker.newInvoker(Invoker.java:70)
	at org.fest.reflect.field.FieldType.in(FieldType.java:74)
	at org.assertj.swing.monitor.ProtectingTimerTask.isCanceled(ProtectingTimerTask.java:54)
	at org.assertj.swing.monitor.ProtectingTimerTask.run(ProtectingTimerTask.java:41)
	at java.base/java.util.TimerThread.mainLoop(Timer.java:566)
	at java.base/java.util.TimerThread.run(Timer.java:516)

]]></system-err>
  </testcase>
  <testcase name="playOnChannel1_DoesNotAffectOthers" classname="com.gooseplayer2.Packages.MultiTest" time="7.462">
    <system-out><![CDATA[Beads System Buffer size=5000
Beads System Buffer size=5000
Beads System Buffer size=5000
loadSong ran
Song loaded: Swinging on a Star.flac
Beads System Buffer size=5000
Beads System Buffer size=5000
Beads System Buffer size=5000
loadSong ran
Song loaded: 01 - After You [feat. Calle Lehmann].mp3
loadSong ran
Song loaded: calming-rain.mp3
loadSong ran
Song loaded: forest-ambience.mp3
Playback started
Beads Output buffer size=40000
updateTime() called. Current position: 0 seconds.
PASSED: Action on Channel 1 isolated!
Queue cleared
Queue cleared
Queue cleared
]]></system-out>
    <system-err><![CDATA[Dec 02, 2025 7:48:13 PM org.jaudiotagger.audio.flac.FlacInfoReader read
INFO: C:\Users\Cam\Documents\GitHub\GoosePlayer_V2\gooseplayer2\Library\Swinging on a Star.flac StartByte:4 BlockType:STREAMINFO DataLength:34 isLastBlock:false
Dec 02, 2025 7:48:13 PM org.jaudiotagger.audio.flac.FlacInfoReader read
INFO: C:\Users\Cam\Documents\GitHub\GoosePlayer_V2\gooseplayer2\Library\Swinging on a Star.flac StartByte:42 BlockType:SEEKTABLE DataLength:270 isLastBlock:false
Dec 02, 2025 7:48:13 PM org.jaudiotagger.audio.flac.FlacInfoReader read
INFO: C:\Users\Cam\Documents\GitHub\GoosePlayer_V2\gooseplayer2\Library\Swinging on a Star.flac StartByte:316 BlockType:VORBIS_COMMENT DataLength:40 isLastBlock:false
Dec 02, 2025 7:48:13 PM org.jaudiotagger.audio.flac.FlacInfoReader read
INFO: C:\Users\Cam\Documents\GitHub\GoosePlayer_V2\gooseplayer2\Library\Swinging on a Star.flac StartByte:360 BlockType:PADDING DataLength:8192 isLastBlock:true
Dec 02, 2025 7:48:14 PM org.assertj.swing.monitor.ProtectingTimerTask handleException
WARNING: Exception thrown by a TimerTask
java.lang.reflect.InaccessibleObjectException: Unable to make field int java.util.TimerTask.state accessible: module java.base does not "opens java.util" to unnamed module @3d121db3
	at java.base/java.lang.reflect.AccessibleObject.checkCanSetAccessible(AccessibleObject.java:354)
	at java.base/java.lang.reflect.AccessibleObject.checkCanSetAccessible(AccessibleObject.java:297)
	at java.base/java.lang.reflect.Field.checkCanSetAccessible(Field.java:180)
	at java.base/java.lang.reflect.Field.setAccessible(Field.java:174)
	at org.fest.reflect.util.Accessibles$SetAccessibleAction.run(Accessibles.java:70)
	at org.fest.reflect.util.Accessibles$SetAccessibleAction.run(Accessibles.java:60)
	at java.base/java.security.AccessController.doPrivileged(AccessController.java:318)
	at org.fest.reflect.util.Accessibles.setAccessible(Accessibles.java:57)
	at org.fest.reflect.util.Accessibles.makeAccessible(Accessibles.java:46)
	at org.fest.reflect.field.Invoker.verifyCorrectType(Invoker.java:100)
	at org.fest.reflect.field.Invoker.createInvoker(Invoker.java:76)
	at org.fest.reflect.field.Invoker.newInvoker(Invoker.java:70)
	at org.fest.reflect.field.FieldType.in(FieldType.java:74)
	at org.assertj.swing.monitor.ProtectingTimerTask.isCanceled(ProtectingTimerTask.java:54)
	at org.assertj.swing.monitor.ProtectingTimerTask.run(ProtectingTimerTask.java:41)
	at java.base/java.util.TimerThread.mainLoop(Timer.java:566)
	at java.base/java.util.TimerThread.run(Timer.java:516)

Dec 02, 2025 7:48:15 PM org.jaudiotagger.tag.id3.ID3v23Tag readFrames
INFO: 01 - After You [feat. Calle Lehmann].mp3:Found padding starting at:31639
]]></system-err>
  </testcase>
</testsuite>